# Server version 0.08 running on 192.168.0.101:8125
# Game ID: 54
# Board class: Saboteur.SaboteurBoard
# Timeout: 20000
# First Move Timeout: 30000
# Date: Mon Mar 23 07:25:27 EDT 2020
# Player 1: Player-0, 'MinMaxPlayer', running on localhost
# Player 2: Player-1, 'MinMaxPlayer', running on localhost
START Player-0 MinMaxPlayer
START Player-1 MinMaxPlayer
BoardInit:Malus,Tile:13,Tile:7,Bonus,Tile:10,Tile:0,Tile:12,Tile:6,Map,Destroy,Tile:10,Tile:7,Tile:5,Tile:1,Tile:8,Tile:6,Tile:8,Bonus,Tile:7,Tile:0,Tile:7,Tile:5,Tile:8,Tile:9,Tile:2,Map,Map,Tile:6,Tile:9,Destroy,Bonus,Tile:5,Tile:6,Tile:11,Tile:7,Malus,Tile:9,Tile:15,Tile:9-Tile:5,Destroy,Tile:4,Map,Tile:8,Tile:3,Tile:0-Tile:0,Tile:8,Tile:10,Tile:9,Bonus,Tile:6,Tile:14-Tile:nugget,Tile:hidden1,Tile:hidden2
Tile:5_flip 5 6 1
Tile:14 6 5 0
Map 12 5 1
Tile:6_flip 4 5 0
Tile:8 4 6 1
Tile:8 5 4 0
Tile:10 5 3 1
Tile:0 3 5 0
Tile:7_flip 4 4 1
Tile:9_flip 6 4 0
Tile:4_flip 4 7 1
Tile:10 4 3 0
Destroy 5 4 1
Tile:13 5 4 0
Tile:0 3 6 1
Destroy 4 6 0
Tile:10 6 3 1
Tile:6 2 5 0
Tile:5 1 5 1
Tile:0 2 6 0
Tile:3 6 2 1
Tile:7 4 2 0
Drop 5 0 1
Tile:5 5 2 0
Drop 4 0 1
Tile:9 3 2 0
Tile:8 4 6 1
Tile:6 1 6 0
Tile:2 2 4 1
Drop 5 0 0
Drop 2 0 1
Tile:1 1 4 0
Tile:9_flip 3 3 1
Destroy 3 6 0
Drop 4 0 1
Drop 3 0 0
Tile:8 0 4 1
Tile:5_flip 3 4 0
Tile:6 0 6 1
Tile:6 2 3 0
Tile:9_flip 0 5 1
Drop 3 0 0
Tile:9_flip 3 1 1
Drop 2 0 0
Drop 0 0 1
Tile:15 2 2 0
Tile:7 0 3 1
Malus 0 0 0
Bonus 0 0 1
Drop 0 0 0
Tile:12_flip 1 3 1
Drop 0 0 0
Drop 0 0 1
GAMEOVER DRAW
# Game ended: Mon Mar 23 07:25:28 EDT 2020
