# Server version 0.08 running on localhost:8125
# Game ID: 94
# Board class: Saboteur.SaboteurBoard
# Timeout: 20000
# First Move Timeout: 30000
# Date: Mon Mar 23 07:35:14 EDT 2020
# Player 1: Player-0, 'MinMaxPlayer', running on localhost
# Player 2: Player-1, 'RandomPlayer', running on localhost
START Player-0 MinMaxPlayer
START Player-1 RandomPlayer
BoardInit:Tile:5,Destroy,Tile:6,Tile:0,Destroy,Tile:5,Tile:9,Bonus,Tile:7,Destroy,Tile:9,Tile:8,Tile:9,Tile:15,Tile:9,Tile:10,Tile:5,Tile:0,Tile:6,Bonus,Tile:1,Tile:6,Tile:10,Tile:7,Bonus,Map,Tile:13,Bonus,Tile:10,Tile:9,Tile:8,Tile:7,Tile:2,Tile:11,Tile:0,Malus,Tile:8,Map,Tile:6-Tile:0,Tile:3,Map,Tile:12,Tile:6,Tile:8,Tile:5-Tile:7,Tile:8,Malus,Tile:14,Map,Tile:7,Tile:4-Tile:hidden1,Tile:hidden2,Tile:nugget
Tile:8 6 5 1
Tile:4 5 4 0
Tile:5 4 5 1
Tile:14 5 6 0
Tile:6 4 6 1
Tile:7_flip 3 6 0
Tile:3_flip 6 6 1
Tile:8 7 6 0
Destroy 6 5 1
Tile:5_flip 8 6 0
Tile:5 8 5 1
Malus 0 0 0
Drop 4 0 1
Drop 2 0 0
Map 12 7 1
Tile:8 6 5 0
Drop 5 0 1
Drop 1 0 0
Drop 3 0 1
Tile:15 6 4 0
Drop 2 0 1
Drop 4 0 0
Drop 0 0 1
Destroy 5 4 0
Drop 2 0 1
Tile:7 7 5 0
Drop 0 0 1
Map 12 5 0
Drop 6 0 1
Drop 5 0 0
Drop 1 0 1
Drop 3 0 0
Drop 4 0 1
Tile:0 9 5 0
Drop 3 0 1
Tile:11_flip 5 4 0
Drop 3 0 1
Tile:9 5 3 0
Drop 6 0 1
Tile:0 4 4 0
Drop 2 0 1
Map 12 7 0
Drop 1 0 1
Tile:6_flip 3 4 0
Drop 3 0 1
Drop 2 0 0
Drop 0 0 1
Malus 0 0 0
Drop 2 0 1
Drop 0 0 0
Drop 0 0 1
Drop 0 0 0
Drop 0 0 1
GAMEOVER DRAW
# Game ended: Mon Mar 23 07:35:14 EDT 2020
