# Server version 0.08 running on localhost:8125
# Game ID: 43
# Board class: Saboteur.SaboteurBoard
# Timeout: 20000
# First Move Timeout: 30000
# Date: Mon Mar 23 07:22:02 EDT 2020
# Player 1: Player-0, 'DummyPlayer', running on localhost
# Player 2: Player-1, 'MinMaxPlayer', running on localhost
START Player-0 DummyPlayer
START Player-1 MinMaxPlayer
BoardInit:Tile:7,Tile:8,Tile:6,Bonus,Tile:7,Map,Tile:12,Destroy,Tile:7,Tile:0,Tile:13,Tile:15,Tile:8,Tile:5,Tile:6,Tile:4,Tile:0,Tile:7,Tile:2,Destroy,Tile:11,Map,Bonus,Tile:3,Tile:9,Tile:0,Tile:9,Map,Tile:5,Tile:9,Tile:8,Tile:6,Tile:1,Tile:5,Tile:6,Tile:0,Tile:9,Malus,Tile:8-Tile:10,Bonus,Map,Tile:10,Tile:5,Tile:6,Malus-Tile:7,Tile:10,Tile:8,Destroy,Tile:14,Tile:9,Bonus-Tile:hidden2,Tile:nugget,Tile:hidden1
Drop 2 0 1
Tile:8 5 6 0
Tile:6_flip 6 6 1
Tile:8 4 5 0
Tile:6_flip 5 4 1
Drop 2 0 0
Tile:7_flip 4 6 1
Map 12 5 0
Tile:7 6 4 1
Tile:14 7 6 0
Tile:10 6 7 1
Tile:10 5 7 0
Tile:13 4 4 1
Tile:9 7 5 0
Tile:8 8 5 1
Tile:7_flip 8 6 0
Tile:7_flip 6 8 1
Tile:4_flip 5 8 0
Tile:0 3 5 1
Destroy 4 5 0
Tile:6 2 5 1
Tile:7_flip 1 5 0
Tile:5 7 4 1
Destroy 8 5 0
Drop 4 0 1
Tile:3_flip 3 4 0
Tile:9_flip 2 4 1
Drop 0 0 0
Tile:11 1 4 1
Tile:15 3 3 0
Drop 3 0 1
Tile:9_flip 2 3 0
Tile:5_flip 6 5 1
Tile:0 7 8 0
Drop 0 0 1
Tile:6_flip 3 2 0
Tile:8 4 5 1
Tile:5_flip 9 6 0
Tile:9_flip 4 2 1
Map 12 3 0
Tile:6_flip 9 5 1
Map 12 3 0
Tile:1 8 8 1
Drop 2 0 0
Drop 3 0 1
Drop 2 0 0
Tile:10 4 3 1
Drop 2 0 0
Tile:8 8 5 1
Tile:0 9 8 0
Malus 0 0 1
Bonus 0 0 0
Drop 0 0 1
GAMEOVER DRAW
# Game ended: Mon Mar 23 07:22:03 EDT 2020
