# Server version 0.08 running on localhost:8125
# Game ID: 89
# Board class: Saboteur.SaboteurBoard
# Timeout: 20000
# First Move Timeout: 30000
# Date: Mon Mar 23 07:35:05 EDT 2020
# Player 1: Player-0, 'RandomPlayer', running on localhost
# Player 2: Player-1, 'MinMaxPlayer', running on localhost
START Player-0 RandomPlayer
START Player-1 MinMaxPlayer
BoardInit:Bonus,Tile:5,Tile:7,Tile:0,Tile:8,Tile:5,Tile:2,Tile:8,Tile:7,Tile:10,Tile:8,Bonus,Destroy,Tile:10,Tile:10,Malus,Tile:0,Tile:5,Tile:7,Tile:14,Tile:4,Tile:0,Tile:6,Malus,Tile:8,Tile:3,Tile:0,Map,Tile:7,Tile:15,Tile:1,Destroy,Tile:6,Tile:6,Bonus,Tile:9,Tile:13,Tile:9,Tile:6-Tile:9,Bonus,Map,Tile:5,Tile:11,Map,Tile:12-Tile:9,Tile:6,Tile:9,Tile:8,Tile:7,Map,Destroy-Tile:hidden2,Tile:nugget,Tile:hidden1
Map 12 5 1
Tile:9_flip 5 6 0
Tile:5_flip 6 5 1
Drop 1 0 0
Tile:9 5 7 1
Tile:7_flip 5 8 0
Drop 2 0 1
Drop 6 0 0
Tile:2 6 8 1
Tile:8 5 4 0
Tile:8 6 4 1
Destroy 6 8 0
Tile:8 6 7 1
Tile:8 4 6 0
Tile:7_flip 3 6 1
Map 12 3 0
Tile:12_flip 4 4 1
Tile:6_flip 4 5 0
Tile:11_flip 4 7 1
Tile:10 6 3 0
Tile:7 7 4 1
Tile:5 3 5 0
Tile:0 3 7 1
Tile:10 7 5 0
Tile:6_flip 6 2 1
Tile:5 5 2 0
Destroy 6 7 1
Drop 3 0 0
Tile:7 6 8 1
Tile:0 7 2 0
Tile:10 4 8 1
Tile:15 5 3 0
Tile:1 8 2 1
Destroy 8 2 0
Drop 4 0 1
Tile:3 8 2 0
Tile:6 7 6 1
Tile:6 8 6 0
Tile:4 8 5 1
Tile:0 9 6 0
Tile:7_flip 8 3 1
Drop 0 0 0
Drop 5 0 1
Malus 0 0 0
Drop 2 0 1
Drop 2 0 0
Drop 3 0 1
Tile:9 6 9 0
Bonus 0 0 1
Map 12 5 0
Drop 0 0 1
Malus 0 0 0
Drop 0 0 1
GAMEOVER DRAW
# Game ended: Mon Mar 23 07:35:06 EDT 2020
