# Server version 0.08 running on localhost:8125
# Game ID: 33
# Board class: Saboteur.SaboteurBoard
# Timeout: 20000
# First Move Timeout: 30000
# Date: Mon Mar 23 07:16:07 EDT 2020
# Player 1: Player-0, 'DummyPlayer', running on localhost
# Player 2: Player-1, 'MinMaxPlayer', running on localhost
START Player-0 DummyPlayer
START Player-1 MinMaxPlayer
BoardInit:Bonus,Tile:13,Malus,Tile:5,Tile:8,Tile:9,Tile:6,Tile:5,Tile:1,Tile:6,Destroy,Tile:9,Tile:8,Tile:7,Tile:10,Tile:10,Malus,Tile:11,Tile:10,Tile:7,Tile:0,Tile:0,Tile:6,Tile:9,Bonus,Tile:7,Tile:5,Map,Map,Bonus,Destroy,Tile:7,Tile:6,Tile:8,Tile:8,Tile:15,Tile:2,Tile:6,Tile:7-Tile:4,Tile:12,Tile:0,Tile:8,Tile:9,Tile:5,Destroy-Map,Tile:0,Bonus,Tile:3,Tile:14,Tile:9,Map-Tile:hidden2,Tile:hidden1,Tile:nugget
Tile:8 5 6 1
Tile:3 6 6 0
Tile:9 6 7 1
Tile:13 5 4 0
Drop 1 0 1
Tile:0 4 6 0
Tile:5 4 4 1
Tile:14 5 7 0
Tile:6_flip 4 7 1
Tile:9_flip 6 8 0
Destroy 5 4 1
Map 12 3 0
Tile:8 3 6 1
Tile:5_flip 4 8 0
Drop 2 0 1
Tile:5_flip 6 5 0
Destroy 6 5 1
Tile:6_flip 2 6 0
Drop 3 0 1
Tile:11 1 6 0
Tile:4_flip 2 7 1
Drop 6 0 0
Tile:8 7 7 1
Tile:9 6 9 0
Tile:6_flip 7 9 1
Tile:9 7 6 0
Tile:10 7 10 1
Tile:0 8 7 0
Tile:0 8 6 1
Tile:7 7 5 0
Malus 0 0 1
Bonus 0 0 0
Tile:5 5 8 1
Tile:7_flip 7 8 0
Drop 0 0 1
Tile:9_flip 5 4 0
Tile:6 4 5 1
Tile:15 1 7 0
Destroy 2 7 1
Tile:8 9 7 0
Tile:2 8 9 1
Tile:6 6 5 0
Tile:8 10 7 1
Tile:10 10 6 0
Map 12 7 1
Drop 2 0 0
Drop 2 0 1
Tile:7_flip 3 7 0
Tile:10 1 5 1
Map 12 3 0
Tile:7 9 6 1
Map 12 5 0
Tile:0 11 7 1
GAMEOVER WINNER 1
# Game ended: Mon Mar 23 07:16:08 EDT 2020
