# Server version 0.08 running on 192.168.0.101:8125
# Game ID: 46
# Board class: Saboteur.SaboteurBoard
# Timeout: 20000
# First Move Timeout: 30000
# Date: Mon Mar 23 07:23:59 EDT 2020
# Player 1: Player-0, 'DummyPlayer', running on localhost
# Player 2: Player-1, 'MinMaxPlayer', running on localhost
START Player-0 DummyPlayer
START Player-1 MinMaxPlayer
BoardInit:Tile:15,Map,Map,Tile:7,Malus,Bonus,Tile:9,Map,Tile:9,Bonus,Tile:7,Malus,Tile:6,Tile:5,Tile:8,Bonus,Tile:2,Tile:8,Tile:9,Tile:0,Tile:4,Tile:6,Tile:7,Tile:1,Tile:3,Tile:0,Tile:5,Tile:6,Tile:6,Tile:11,Destroy,Tile:5,Tile:8,Tile:7,Tile:14,Tile:7,Tile:0,Tile:8,Tile:5-Tile:13,Tile:12,Tile:6,Destroy,Tile:10,Destroy,Tile:9-Tile:10,Bonus,Map,Tile:8,Tile:0,Tile:9,Tile:10-Tile:nugget,Tile:hidden1,Tile:hidden2
Tile:6 6 5 1
Tile:9_flip 7 5 0
Tile:9 7 6 1
Tile:8 4 5 0
Tile:10 7 4 1
Drop 1 0 0
Tile:13 8 6 1
Map 12 7 0
Tile:9_flip 6 4 1
Tile:7_flip 5 6 0
Destroy 7 4 1
Tile:10 7 4 0
Map 12 3 1
Tile:10 4 4 0
Drop 5 0 1
Tile:5_flip 9 6 0
Tile:8 7 3 1
Map 12 7 0
Tile:2 4 3 1
Tile:0 3 3 0
Tile:6 7 7 1
Drop 4 0 0
Tile:12_flip 3 5 1
Tile:8 7 2 0
Tile:9 5 4 1
Map 12 7 0
Destroy 9 6 1
Tile:6_flip 5 3 0
Tile:3 7 1 1
Tile:0 9 6 0
Drop 1 0 1
Tile:11_flip 8 2 0
Tile:9_flip 8 3 1
Tile:5 2 3 0
Destroy 8 3 1
Tile:6 8 7 0
Tile:5_flip 4 6 1
Tile:7_flip 6 2 0
Tile:14 8 3 1
Tile:8 6 7 0
Tile:0 5 7 1
Tile:0 4 7 0
Tile:4_flip 6 8 1
Tile:7 6 6 0
Tile:6_flip 6 3 1
Drop 2 0 0
Tile:5 8 1 1
Tile:1 3 7 0
Tile:7_flip 2 7 1
Drop 0 0 0
Tile:8 6 1 1
Drop 0 0 0
Tile:15 8 5 1
GAMEOVER DRAW
# Game ended: Mon Mar 23 07:23:59 EDT 2020
