# Server version 0.08 running on localhost:8125
# Game ID: 72
# Board class: Saboteur.SaboteurBoard
# Timeout: 20000
# First Move Timeout: 30000
# Date: Mon Mar 23 07:32:32 EDT 2020
# Player 1: Player-0, 'RandomPlayer', running on localhost
# Player 2: Player-1, 'MinMaxPlayer', running on localhost
START Player-0 RandomPlayer
START Player-1 MinMaxPlayer
BoardInit:Tile:14,Tile:6,Tile:11,Bonus,Tile:9,Tile:1,Map,Tile:2,Tile:3,Tile:5,Tile:8,Tile:7,Tile:0,Tile:10,Tile:0,Tile:7,Tile:9,Tile:9,Tile:9,Bonus,Tile:9,Tile:8,Destroy,Malus,Tile:7,Bonus,Tile:10,Tile:7,Tile:8,Tile:15,Tile:5,Bonus,Tile:0,Map,Tile:6,Tile:7,Tile:6,Tile:8,Malus-Tile:4,Tile:10,Tile:6,Tile:5,Tile:12,Destroy,Tile:13-Tile:6,Tile:5,Map,Destroy,Tile:0,Map,Tile:8-Tile:hidden1,Tile:hidden2,Tile:nugget
Tile:6_flip 5 4 1
Tile:5 4 4 0
Drop 1 0 1
Tile:8 6 4 0
Tile:14 6 5 1
Tile:6_flip 7 4 0
Tile:11_flip 6 3 1
Drop 2 0 0
Destroy 5 4 1
Tile:2 8 4 0
Tile:3_flip 8 5 1
Drop 0 0 0
Tile:8 5 4 1
Drop 0 0 0
Map 12 3 1
Drop 2 0 0
Tile:9 5 3 1
Tile:7 9 4 0
Drop 3 0 1
Tile:10 7 5 0
Tile:9_flip 5 2 1
Tile:9 4 5 0
Tile:5_flip 4 6 1
Tile:7_flip 5 6 0
Tile:9 7 6 1
Map 12 7 0
Destroy 7 5 1
Tile:5 6 2 0
Tile:0 4 2 1
Tile:8 5 1 0
Tile:0 8 6 1
Tile:7 6 6 0
Tile:9 6 7 1
Tile:6 4 1 0
Tile:8 9 5 1
Map 12 5 0
Tile:12 7 2 1
Tile:7_flip 3 1 0
Tile:10 7 5 1
Drop 6 0 0
Tile:7_flip 6 8 1
Drop 3 0 0
Tile:5_flip 7 8 1
Tile:15 3 0 0
Tile:4 5 0 1
Drop 2 0 0
Tile:6_flip 3 6 1
Tile:1 6 1 0
Tile:0 3 2 1
Drop 0 0 0
Drop 0 0 1
Drop 0 0 0
Drop 0 0 1
GAMEOVER DRAW
# Game ended: Mon Mar 23 07:32:32 EDT 2020
