# Server version 0.08 running on localhost:8125
# Game ID: 105
# Board class: Saboteur.SaboteurBoard
# Timeout: 20000
# First Move Timeout: 30000
# Date: Mon Mar 23 07:37:11 EDT 2020
# Player 1: Player-0, 'RandomPlayer', running on localhost
# Player 2: Player-1, 'MinMaxPlayer', running on localhost
START Player-0 RandomPlayer
START Player-1 MinMaxPlayer
BoardInit:Tile:11,Destroy,Tile:8,Map,Tile:0,Map,Tile:4,Malus,Tile:0,Malus,Tile:7,Map,Tile:9,Tile:8,Tile:15,Destroy,Tile:5,Tile:5,Tile:6,Tile:1,Bonus,Tile:8,Tile:5,Tile:3,Tile:7,Tile:10,Tile:8,Tile:6,Tile:9,Tile:6,Tile:0,Tile:9,Tile:7,Tile:8,Tile:12,Tile:7,Tile:6,Tile:6,Tile:2-Tile:13,Bonus,Bonus,Tile:5,Tile:10,Tile:10,Tile:9-Tile:0,Tile:9,Bonus,Map,Tile:7,Destroy,Tile:14-Tile:hidden2,Tile:hidden1,Tile:nugget
Drop 2 0 1
Tile:9 5 4 0
Tile:9 5 6 1
Tile:0 6 4 0
Tile:13 5 7 1
Map 12 7 0
Tile:11 4 7 1
Destroy 5 7 0
Tile:8 5 7 1
Drop 2 0 0
Drop 0 0 1
Drop 2 0 0
Tile:7 6 6 1
Tile:7 4 6 0
Tile:10 5 3 1
Tile:8 4 8 0
Drop 5 0 1
Drop 6 0 0
Tile:5_flip 5 8 1
Map 12 5 0
Tile:6 3 6 1
Tile:5_flip 6 7 0
Tile:0 6 5 1
Tile:8 3 5 0
Drop 4 0 1
Tile:1 2 5 0
Tile:10 3 4 1
Tile:10 4 9 0
Tile:5_flip 7 4 1
Map 12 5 0
Tile:4 3 3 1
Tile:6 4 5 0
Tile:0 3 8 1
Tile:6_flip 7 5 0
Drop 5 0 1
Tile:8 2 8 0
Tile:7_flip 4 10 1
Tile:7 5 2 0
Tile:12_flip 1 8 1
Tile:6_flip 2 7 0
Tile:6_flip 7 3 1
Tile:3 8 3 0
Tile:9 8 4 1
Drop 2 0 0
Tile:15 4 4 1
Tile:9 1 5 0
Tile:7_flip 1 7 1
Drop 2 0 0
Tile:8 1 4 1
Drop 1 0 0
Drop 0 0 1
Drop 0 0 0
Tile:2 4 2 1
GAMEOVER DRAW
# Game ended: Mon Mar 23 07:37:12 EDT 2020
