# Server version 0.08 running on localhost:8125
# Game ID: 86
# Board class: Saboteur.SaboteurBoard
# Timeout: 20000
# First Move Timeout: 30000
# Date: Mon Mar 23 07:33:20 EDT 2020
# Player 1: Player-0, 'MinMaxPlayer', running on localhost
# Player 2: Player-1, 'RandomPlayer', running on localhost
START Player-0 MinMaxPlayer
START Player-1 RandomPlayer
BoardInit:Tile:9,Tile:3,Tile:8,Tile:7,Tile:0,Tile:9,Tile:8,Tile:10,Tile:13,Destroy,Tile:4,Tile:0,Map,Tile:15,Bonus,Map,Tile:7,Tile:8,Tile:8,Bonus,Tile:7,Tile:1,Tile:5,Tile:2,Tile:9,Tile:12,Tile:6,Tile:9,Map,Destroy,Tile:0,Tile:8,Tile:7,Tile:6,Malus,Map,Tile:9,Tile:10,Tile:6-Tile:0,Tile:5,Tile:10,Tile:6,Tile:5,Malus,Tile:6-Bonus,Bonus,Tile:5,Tile:14,Tile:11,Destroy,Tile:7-Tile:hidden2,Tile:hidden1,Tile:nugget
Tile:6 5 6 1
Tile:5 4 5 0
Tile:0 6 5 1
Tile:14_flip 5 4 0
Tile:6 7 5 1
Tile:7 8 5 0
Tile:8 4 6 1
Tile:7 6 6 0
Tile:9 4 7 1
Destroy 4 7 0
Tile:10 7 4 1
Tile:9 4 7 0
Drop 2 0 1
Drop 4 0 0
Tile:4_flip 6 7 1
Tile:11_flip 4 8 0
Drop 1 0 1
Destroy 5 4 0
Tile:0 3 8 1
Tile:0 2 8 0
Tile:5 7 3 1
Tile:3 5 7 0
Tile:7_flip 5 8 1
Drop 5 0 0
Tile:7 6 8 1
Drop 4 0 0
Map 12 3 1
Tile:2_flip 4 9 0
Tile:9_flip 6 9 1
Tile:1 5 9 0
Tile:8 8 6 1
Drop 2 0 0
Tile:5_flip 9 6 1
Tile:9_flip 8 3 0
Tile:8 1 8 1
Destroy 8 3 0
Tile:13 6 10 1
Tile:8 1 9 0
Tile:0 2 9 1
Tile:6_flip 1 7 0
Tile:9 0 8 1
Drop 1 0 0
Tile:6_flip 0 7 1
Tile:10 9 5 0
Malus 0 0 1
Drop 2 0 0
Map 12 3 1
Map 12 5 0
Tile:6 2 7 1
Map 12 5 0
Tile:7 2 6 1
Bonus 0 0 0
Drop 0 0 1
GAMEOVER DRAW
# Game ended: Mon Mar 23 07:33:21 EDT 2020
