# Server version 0.08 running on localhost:8124
# Game ID: 5
# Board class: Saboteur.SaboteurBoard
# Timeout: 20000
# First Move Timeout: 30000
# Date: Sun Mar 22 23:49:07 EDT 2020
# Player 1: Player-0, 'MinMaxPlayer', running on localhost
# Player 2: Player-1, 'Human', running on localhost
START Player-0 MinMaxPlayer
START Player-1 Human
BoardInit:Tile:1,Tile:5,Tile:8,Tile:6,Tile:9,Tile:7,Tile:11,Tile:2,Tile:0,Tile:13,Tile:10,Bonus,Malus,Tile:6,Map,Tile:14,Tile:8,Map,Tile:6,Tile:0,Tile:10,Tile:9,Tile:9,Bonus,Tile:8,Tile:10,Bonus,Tile:5,Destroy,Tile:5,Tile:3,Map,Tile:8,Tile:6,Tile:6,Tile:8,Tile:7,Destroy,Tile:9-Tile:7,Bonus,Tile:12,Tile:0,Tile:9,Tile:15,Destroy-Tile:7,Malus,Tile:5,Tile:7,Tile:4,Tile:0,Map-Tile:nugget,Tile:hidden2,Tile:hidden1
Tile:0 6 5 1
Tile:5_flip 5 6 0
Drop 6 0 1
Tile:5 4 6 0
Drop 2 0 1
Tile:6 4 5 0
Tile:8 7 5 1
Malus 0 0 0
Bonus 0 0 1
Map 12 3 0
Tile:0 8 5 1
Drop 1 0 0
Tile:9_flip 9 5 1
Tile:7_flip 4 7 0
Tile:7 9 4 1
Tile:4 7 4 0
Malus 0 0 1
Drop 1 0 0
Tile:9 9 6 1
Map 12 7 0
Tile:6 10 6 1
Drop 2 0 0
Tile:8 11 6 1
Drop 3 0 0
Tile:9_flip 12 6 1
Drop 0 0 0
Tile:10 12 4 1
GAMEOVER WINNER 1
# Game ended: Sun Mar 22 23:50:07 EDT 2020
