# Server version 0.08 running on localhost:8125
# Game ID: 64
# Board class: Saboteur.SaboteurBoard
# Timeout: 20000
# First Move Timeout: 30000
# Date: Mon Mar 23 07:26:14 EDT 2020
# Player 1: Player-0, 'RandomPlayer', running on localhost
# Player 2: Player-1, 'MinMaxPlayer', running on localhost
START Player-0 RandomPlayer
START Player-1 MinMaxPlayer
BoardInit:Tile:0,Tile:5,Tile:9,Tile:11,Tile:6,Tile:7,Destroy,Bonus,Tile:7,Tile:10,Tile:6,Tile:10,Tile:0,Tile:8,Tile:7,Malus,Map,Tile:5,Tile:5,Tile:13,Tile:7,Tile:3,Tile:8,Tile:9,Tile:8,Tile:0,Map,Bonus,Tile:4,Tile:15,Tile:8,Tile:9,Tile:6,Bonus,Tile:0,Tile:8,Map,Tile:12,Tile:10-Tile:6,Tile:14,Tile:9,Map,Tile:2,Tile:1,Malus-Tile:6,Bonus,Destroy,Tile:5,Destroy,Tile:9,Tile:7-Tile:hidden1,Tile:nugget,Tile:hidden2
Tile:9 5 4 1
Tile:7 5 3 0
Drop 1 0 1
Tile:9 4 3 0
Tile:2 4 2 1
Tile:6_flip 3 2 0
Tile:6 4 5 1
Tile:5_flip 5 2 0
Tile:9_flip 4 4 1
Tile:11_flip 3 3 0
Tile:7_flip 5 6 1
Destroy 5 2 0
Tile:0 6 4 1
Drop 6 0 0
Tile:6 6 6 1
Tile:8 2 2 0
Tile:6_flip 2 1 1
Tile:7 7 6 0
Tile:7_flip 1 1 1
Tile:5 3 5 0
Destroy 6 4 1
Destroy 5 3 0
Tile:7 1 0 1
Tile:3_flip 3 6 0
Drop 2 0 1
Tile:9_flip 6 5 0
Map 12 5 1
Drop 0 0 0
Tile:8 6 4 1
Tile:13 0 0 0
Tile:5 6 3 1
Drop 2 0 0
Tile:8 7 3 1
Tile:9_flip 5 2 0
Tile:6 7 4 1
Tile:15 5 1 0
Drop 3 0 1
Tile:5 1 2 0
Tile:8 2 3 1
Tile:10 7 2 0
Tile:4 5 0 1
Tile:0 8 4 0
Tile:10 7 7 1
Drop 3 0 0
Tile:1 3 1 1
Tile:12 4 1 0
Map 12 3 1
Drop 1 0 0
Map 12 7 1
Drop 0 0 0
Tile:0 8 3 1
Drop 0 0 0
Tile:0 9 3 1
GAMEOVER DRAW
# Game ended: Mon Mar 23 07:26:15 EDT 2020
