# Server version 0.08 running on localhost:8125
# Game ID: 119
# Board class: Saboteur.SaboteurBoard
# Timeout: 20000
# First Move Timeout: 30000
# Date: Mon Mar 23 08:06:45 EDT 2020
# Player 1: Player-0, 'RandomPlayer', running on localhost
# Player 2: Player-1, 'AlphaBetaPlayer', running on localhost
START Player-0 RandomPlayer
START Player-1 AlphaBetaPlayer
BoardInit:Malus,Tile:9,Tile:8,Tile:8,Tile:15,Destroy,Tile:6,Tile:7,Tile:5,Tile:0,Tile:7,Bonus,Tile:0,Tile:6,Bonus,Tile:0,Map,Tile:6,Tile:6,Destroy,Tile:10,Tile:10,Tile:14,Tile:12,Destroy,Tile:9,Tile:2,Bonus,Tile:5,Malus,Tile:8,Tile:3,Tile:9,Tile:11,Tile:7,Tile:0,Tile:5,Tile:10,Tile:1-Tile:5,Tile:4,Map,Tile:7,Tile:8,Bonus,Map-Tile:9,Map,Tile:8,Tile:6,Tile:7,Tile:13,Tile:9-Tile:nugget,Tile:hidden2,Tile:hidden1
Map 12 5 1
Tile:7 6 5 0
Tile:7_flip 5 6 1
Tile:13 4 5 0
Tile:8 3 5 1
Tile:9 4 4 0
Tile:15 4 6 1
Tile:9_flip 4 3 0
Tile:8 4 2 1
Destroy 5 6 0
Drop 1 0 1
Map 12 3 0
Tile:5_flip 4 7 1
Tile:6 2 5 0
Map 12 7 1
Tile:8 5 2 0
Tile:7 3 4 1
Tile:6 6 6 0
Tile:0 7 6 1
Tile:9_flip 5 4 0
Tile:5_flip 3 6 1
Tile:8 6 2 0
Tile:6_flip 2 4 1
Tile:0 7 2 0
Tile:6_flip 1 5 1
Destroy 7 6 0
Tile:14_flip 0 5 1
Tile:9_flip 7 6 0
Tile:10 7 7 1
Tile:6_flip 4 1 0
Destroy 7 6 1
Tile:7_flip 3 2 0
Tile:8 8 2 1
Tile:12_flip 3 3 0
Drop 0 0 1
Tile:3 9 2 0
Tile:2 3 1 1
Tile:0 2 6 0
Tile:5_flip 9 3 1
Tile:11_flip 5 1 0
Tile:7 7 6 1
Tile:10 5 3 0
Tile:5 3 7 1
Tile:0 1 4 0
Tile:1 0 4 1
Drop 2 0 0
Tile:9_flip 3 8 1
Drop 1 0 0
Map 12 5 1
Tile:10 0 6 0
Malus 0 0 1
Bonus 0 0 0
Drop 0 0 1
GAMEOVER DRAW
# Game ended: Mon Mar 23 08:06:46 EDT 2020
