# Server version 0.08 running on localhost:8125
# Game ID: 37
# Board class: Saboteur.SaboteurBoard
# Timeout: 20000
# First Move Timeout: 30000
# Date: Mon Mar 23 07:20:33 EDT 2020
# Player 1: Player-0, 'DummyPlayer', running on localhost
# Player 2: Player-1, 'MinMaxPlayer', running on localhost
START Player-0 DummyPlayer
START Player-1 MinMaxPlayer
BoardInit:Tile:5,Tile:9,Tile:6,Malus,Tile:6,Tile:9,Map,Tile:11,Tile:5,Tile:8,Map,Map,Tile:13,Destroy,Tile:8,Tile:3,Tile:14,Bonus,Tile:7,Tile:7,Tile:6,Destroy,Tile:12,Tile:9,Tile:7,Tile:15,Tile:10,Malus,Tile:9,Tile:1,Tile:6,Tile:5,Tile:6,Bonus,Tile:9,Tile:4,Bonus,Tile:10,Destroy-Tile:8,Tile:8,Tile:0,Tile:0,Tile:5,Tile:0,Tile:2-Map,Tile:0,Tile:7,Tile:8,Tile:7,Tile:10,Bonus-Tile:hidden1,Tile:nugget,Tile:hidden2
Tile:2 4 5 1
Tile:8 4 6 0
Drop 5 0 1
Tile:9 3 5 0
Tile:8 6 5 1
Map 12 7 0
Tile:5_flip 5 6 1
Drop 6 0 0
Tile:5 6 4 1
Tile:11_flip 3 4 0
Tile:6 3 6 1
Tile:7 7 4 0
Tile:0 2 6 1
Drop 6 0 0
Tile:6_flip 1 6 1
Tile:8 7 5 0
Tile:8 4 7 1
Tile:0 0 6 0
Tile:14_flip 3 3 1
Tile:3 8 5 0
Map 12 5 1
Destroy 4 7 0
Tile:8 8 6 1
Tile:10 1 7 0
Tile:12 9 6 1
Tile:7_flip 8 7 0
Drop 3 0 1
Tile:7_flip 6 6 0
Tile:5_flip 1 8 1
Destroy 3 4 0
Drop 2 0 1
Malus 0 0 0
Map 12 3 1
Tile:5 0 8 0
Drop 3 0 1
Drop 3 0 0
Drop 3 0 1
Malus 0 0 0
Drop 0 0 1
Tile:9 3 4 0
Destroy 3 5 1
Drop 1 0 0
Bonus 0 0 1
Tile:1 4 4 0
Drop 3 0 1
Drop 1 0 0
Drop 0 0 1
Drop 2 0 0
Drop 2 0 1
Tile:4_flip 0 9 0
Drop 0 0 1
Drop 0 0 0
Drop 0 0 1
GAMEOVER DRAW
# Game ended: Mon Mar 23 07:20:33 EDT 2020
