# Server version 0.08 running on localhost:8125
# Game ID: 78
# Board class: Saboteur.SaboteurBoard
# Timeout: 20000
# First Move Timeout: 30000
# Date: Mon Mar 23 07:33:06 EDT 2020
# Player 1: Player-0, 'MinMaxPlayer', running on localhost
# Player 2: Player-1, 'RandomPlayer', running on localhost
START Player-0 MinMaxPlayer
START Player-1 RandomPlayer
BoardInit:Malus,Tile:9,Malus,Tile:7,Tile:8,Bonus,Destroy,Tile:7,Tile:1,Tile:13,Tile:0,Tile:8,Tile:0,Tile:3,Tile:9,Map,Tile:7,Tile:6,Tile:11,Tile:8,Bonus,Tile:6,Tile:5,Tile:0,Tile:0,Tile:9,Tile:8,Tile:14,Bonus,Destroy,Tile:5,Tile:7,Tile:15,Tile:6,Tile:9,Map,Tile:10,Destroy,Tile:4-Tile:6,Tile:10,Tile:8,Bonus,Tile:12,Tile:6,Map-Tile:5,Tile:9,Tile:7,Tile:5,Tile:2,Map,Tile:10-Tile:nugget,Tile:hidden2,Tile:hidden1
Tile:8 6 5 1
Tile:7_flip 4 5 0
Tile:6_flip 5 4 1
Tile:5_flip 7 5 0
Malus 0 0 1
Drop 2 0 0
Tile:6_flip 4 4 1
Drop 2 0 0
Malus 0 0 1
Drop 5 0 0
Drop 3 0 1
Drop 4 0 0
Tile:8 6 4 1
Drop 0 0 0
Tile:0 3 4 1
Drop 0 0 0
Destroy 5 4 1
Map 12 7 0
Tile:9_flip 5 6 1
Drop 3 0 0
Tile:12_flip 4 6 1
Drop 2 0 0
Tile:0 2 4 1
Drop 0 0 0
Tile:7_flip 5 7 1
Drop 2 0 0
Tile:0 1 4 1
Drop 0 0 0
Tile:5_flip 6 7 1
Drop 5 0 0
Tile:8 5 4 1
Destroy 1 4 0
Tile:10 6 3 1
Drop 6 0 0
Tile:11_flip 7 4 1
Drop 3 0 0
Tile:15 5 3 1
Drop 2 0 0
Tile:10 6 6 1
Destroy 4 4 0
Tile:5 6 2 1
Drop 3 0 0
Tile:1 7 2 1
Drop 3 0 0
Drop 3 0 1
Drop 2 0 0
Tile:4 7 3 1
Drop 1 0 0
Drop 2 0 1
Drop 0 0 0
Drop 0 0 1
Map 12 5 0
Drop 0 0 1
GAMEOVER DRAW
# Game ended: Mon Mar 23 07:33:07 EDT 2020
