# Server version 0.08 running on localhost:8124
# Game ID: 4
# Board class: Saboteur.SaboteurBoard
# Timeout: 20000
# First Move Timeout: 30000
# Date: Sun Mar 22 23:45:10 EDT 2020
# Player 1: Player-0, 'MinMaxPlayer', running on localhost
# Player 2: Player-1, 'Human', running on localhost
START Player-0 MinMaxPlayer
START Player-1 Human
BoardInit:Tile:8,Tile:7,Bonus,Tile:9,Bonus,Tile:6,Tile:8,Tile:0,Tile:11,Tile:2,Tile:6,Tile:9,Tile:4,Bonus,Tile:10,Tile:5,Destroy,Bonus,Malus,Tile:13,Tile:5,Tile:3,Tile:8,Destroy,Tile:0,Tile:9,Tile:5,Tile:10,Destroy,Tile:9,Tile:15,Map,Tile:0,Map,Tile:5,Tile:6,Malus,Tile:8,Tile:8-Tile:6,Map,Tile:7,Tile:12,Tile:6,Tile:7,Tile:1-Tile:0,Map,Tile:10,Tile:9,Tile:7,Tile:14,Tile:7-Tile:hidden1,Tile:hidden2,Tile:nugget
Drop 6 0 1
Tile:14_flip 5 4 0
Tile:6 6 5 1
Tile:7 6 4 0
Tile:8 7 5 1
Drop 2 0 0
Tile:6 8 5 1
Tile:9 5 6 0
Map 12 5 1
Tile:7_flip 4 5 0
Tile:8 9 5 1
Tile:7 6 6 0
Tile:6 10 5 1
Tile:9 7 4 0
Drop 5 0 1
Tile:9_flip 6 7 0
Drop 5 0 1
Tile:6 5 7 0
Tile:10 10 4 1
Drop 3 0 0
Malus 0 0 1
Drop 1 0 0
Tile:5 10 3 1
Drop 5 0 0
Tile:8 11 3 1
Destroy 11 3 0
Tile:7_flip 9 6 1
Drop 5 0 0
Tile:0 10 6 1
Drop 2 0 0
Tile:7 11 6 1
Drop 1 0 0
Tile:5_flip 11 7 1
Bonus 0 0 0
Drop 5 0 1
Tile:9 12 4 0
Destroy 11 7 1
Tile:5 7 3 0
Malus 0 0 1
Map 12 5 0
Tile:5_flip 11 7 1
Drop 3 0 0
Destroy 11 7 1
Drop 2 0 0
Tile:8 11 7 1
GAMEOVER WINNER 1
# Game ended: Sun Mar 22 23:46:58 EDT 2020
