# Server version 0.08 running on localhost:8125
# Game ID: 68
# Board class: Saboteur.SaboteurBoard
# Timeout: 20000
# First Move Timeout: 30000
# Date: Mon Mar 23 07:27:59 EDT 2020
# Player 1: Player-0, 'MinMaxPlayer', running on localhost
# Player 2: Player-1, 'RandomPlayer', running on localhost
START Player-0 MinMaxPlayer
START Player-1 RandomPlayer
BoardInit:Tile:8,Tile:8,Bonus,Tile:9,Tile:3,Tile:10,Destroy,Tile:0,Tile:1,Tile:5,Tile:8,Tile:0,Tile:6,Bonus,Tile:7,Map,Tile:0,Tile:9,Tile:6,Tile:5,Map,Tile:14,Tile:8,Tile:10,Tile:4,Tile:6,Tile:7,Map,Map,Tile:12,Bonus,Tile:11,Tile:7,Tile:10,Tile:5,Bonus,Tile:5,Tile:7,Tile:9-Tile:6,Destroy,Tile:6,Malus,Tile:9,Tile:2,Tile:0-Tile:8,Tile:7,Destroy,Tile:15,Tile:9,Tile:13,Malus-Tile:nugget,Tile:hidden1,Tile:hidden2
Tile:2_flip 5 6 1
Tile:13 4 5 0
Tile:6 6 6 1
Tile:7 6 5 0
Tile:6_flip 7 6 1
Tile:9 4 4 0
Tile:8 4 3 1
Drop 2 0 0
Destroy 4 4 1
Tile:8 4 6 0
Drop 1 0 1
Drop 4 0 0
Tile:8 3 5 1
Drop 6 0 0
Tile:3_flip 3 3 1
Tile:9 4 4 0
Tile:7 3 4 1
Tile:5_flip 7 7 0
Tile:6_flip 5 3 1
Destroy 3 4 0
Tile:6 4 7 1
Tile:0 8 6 0
Tile:1 6 7 1
Tile:14 6 3 0
Destroy 6 5 1
Drop 2 0 0
Tile:8 9 6 1
Tile:9_flip 6 5 0
Tile:0 2 5 1
Tile:8 3 7 0
Tile:4 6 2 1
Malus 0 0 0
Drop 2 0 1
Tile:10 3 8 0
Map 12 5 1
Map 12 5 0
Drop 5 0 1
Drop 3 0 0
Bonus 0 0 1
Tile:6_flip 3 2 0
Tile:9 3 9 1
Drop 1 0 0
Tile:5_flip 9 7 1
Tile:5 9 5 0
Drop 3 0 1
Drop 2 0 0
Tile:7 3 4 1
Tile:7_flip 1 5 0
Drop 2 0 1
Tile:11 3 6 0
Malus 0 0 1
Drop 0 0 0
Map 12 7 1
GAMEOVER DRAW
# Game ended: Mon Mar 23 07:27:59 EDT 2020
