# Server version 0.08 running on 192.168.0.101:8125
# Game ID: 61
# Board class: Saboteur.SaboteurBoard
# Timeout: 20000
# First Move Timeout: 30000
# Date: Mon Mar 23 07:25:44 EDT 2020
# Player 1: Player-0, 'MinMaxPlayer', running on localhost
# Player 2: Player-1, 'MinMaxPlayer', running on localhost
START Player-0 MinMaxPlayer
START Player-1 MinMaxPlayer
BoardInit:Destroy,Destroy,Tile:3,Tile:0,Tile:6,Tile:4,Tile:1,Tile:7,Tile:0,Map,Bonus,Tile:7,Tile:6,Tile:6,Tile:9,Tile:5,Destroy,Malus,Tile:7,Tile:15,Tile:5,Tile:8,Tile:0,Tile:0,Tile:6,Tile:10,Tile:13,Map,Tile:8,Tile:2,Bonus,Malus,Tile:8,Tile:6,Map,Tile:11,Tile:8,Tile:14,Map-Tile:12,Tile:10,Bonus,Tile:7,Tile:5,Tile:7,Tile:10-Bonus,Tile:9,Tile:5,Tile:8,Tile:9,Tile:9,Tile:9-Tile:nugget,Tile:hidden2,Tile:hidden1
Drop 2 0 1
Tile:9 4 5 0
Tile:5 4 4 1
Tile:9_flip 4 6 0
Tile:10 5 6 1
Tile:9 5 7 0
Tile:10 5 8 1
Destroy 4 4 0
Tile:7 6 5 1
Tile:9_flip 6 7 0
Drop 1 0 1
Drop 1 0 0
Drop 0 0 1
Tile:7_flip 6 8 0
Drop 3 0 1
Drop 3 0 0
Drop 5 0 1
Map 12 5 0
Tile:9 5 9 1
Tile:0 6 9 0
Tile:6 7 8 1
Malus 0 0 0
Destroy 7 8 1
Tile:15 6 6 0
Destroy 6 8 1
Tile:7 7 9 0
Drop 0 0 1
Tile:5_flip 5 10 0
Drop 6 0 1
Tile:6 3 6 0
Drop 1 0 1
Tile:2 5 4 0
Drop 4 0 1
Map 12 5 0
Drop 0 0 1
Tile:6 7 10 0
Map 12 7 1
Tile:8 2 6 0
Drop 0 0 1
Tile:14_flip 4 4 0
Drop 2 0 1
Drop 3 0 0
Drop 3 0 1
Tile:11_flip 4 7 0
Drop 0 0 1
Tile:0 4 10 0
Map 12 3 1
Tile:8 8 10 0
Bonus 0 0 1
Drop 1 0 0
Tile:8 9 10 1
Drop 0 0 0
Tile:0 6 4 1
GAMEOVER DRAW
# Game ended: Mon Mar 23 07:25:45 EDT 2020
