# Server version 0.08 running on localhost:8125
# Game ID: 108
# Board class: Saboteur.SaboteurBoard
# Timeout: 20000
# First Move Timeout: 30000
# Date: Mon Mar 23 08:04:56 EDT 2020
# Player 1: Player-0, 'AlphaBetaPlayer', running on localhost
# Player 2: Player-1, 'RandomPlayer', running on localhost
START Player-0 AlphaBetaPlayer
START Player-1 RandomPlayer
BoardInit:Map,Tile:8,Tile:9,Tile:3,Map,Tile:1,Tile:9,Tile:2,Tile:14,Tile:6,Map,Tile:6,Tile:5,Tile:6,Malus,Tile:0,Bonus,Tile:4,Tile:13,Tile:11,Destroy,Tile:10,Destroy,Tile:8,Tile:0,Tile:7,Tile:6,Tile:7,Tile:10,Tile:0,Tile:10,Tile:5,Destroy,Tile:0,Tile:6,Tile:12,Tile:5,Tile:15,Map-Bonus,Tile:9,Tile:8,Tile:8,Tile:9,Bonus,Tile:7-Bonus,Tile:8,Tile:5,Tile:7,Malus,Tile:9,Tile:7-Tile:nugget,Tile:hidden2,Tile:hidden1
Tile:7 5 4 1
Tile:8 5 6 0
Tile:8 4 6 1
Tile:5_flip 4 7 0
Tile:9_flip 6 5 1
Drop 1 0 0
Map 12 5 1
Tile:9 4 5 0
Tile:9 3 7 1
Tile:2 4 4 0
Tile:14_flip 6 4 1
Tile:6 6 6 0
Tile:9 3 6 1
Tile:3 3 5 0
Tile:8 2 5 1
Tile:7_flip 5 7 0
Map 12 7 1
Tile:6 3 4 0
Tile:9_flip 7 4 1
Drop 1 0 0
Drop 4 0 1
Tile:0 6 7 0
Tile:5 7 3 1
Tile:1 7 7 0
Destroy 6 5 1
Drop 4 0 0
Destroy 5 6 1
Tile:8 5 6 0
Drop 5 0 1
Tile:7 3 3 0
Tile:6 2 3 1
Tile:6 1 3 0
Tile:10 1 2 1
Tile:8 6 5 0
Destroy 4 5 1
Tile:0 1 5 0
Tile:13 7 5 1
Tile:5_flip 8 5 0
Tile:5 2 2 1
Tile:10 8 4 0
Tile:6 3 2 1
Tile:7 3 1 0
Drop 2 0 1
Tile:0 2 1 0
Drop 3 0 1
Drop 2 0 0
Drop 3 0 1
Tile:15 2 6 0
Drop 2 0 1
Drop 0 0 0
Drop 0 0 1
Tile:4_flip 3 8 0
Drop 0 0 1
GAMEOVER DRAW
# Game ended: Mon Mar 23 08:04:56 EDT 2020
