# Server version 0.08 running on localhost:8125
# Game ID: 112
# Board class: Saboteur.SaboteurBoard
# Timeout: 20000
# First Move Timeout: 30000
# Date: Mon Mar 23 08:05:02 EDT 2020
# Player 1: Player-0, 'AlphaBetaPlayer', running on localhost
# Player 2: Player-1, 'RandomPlayer', running on localhost
START Player-0 AlphaBetaPlayer
START Player-1 RandomPlayer
BoardInit:Destroy,Tile:8,Tile:7,Tile:2,Map,Tile:8,Tile:9,Tile:9,Tile:0,Tile:7,Tile:4,Tile:14,Tile:13,Bonus,Tile:6,Map,Tile:6,Tile:7,Tile:8,Tile:1,Tile:7,Tile:0,Tile:15,Bonus,Tile:10,Tile:5,Tile:8,Tile:0,Tile:9,Tile:5,Bonus,Tile:0,Tile:3,Destroy,Malus,Tile:9,Tile:5,Tile:10,Malus-Tile:7,Tile:10,Bonus,Tile:12,Tile:6,Tile:8,Map-Tile:11,Tile:5,Destroy,Tile:6,Tile:6,Map,Tile:9-Tile:hidden2,Tile:nugget,Tile:hidden1
Drop 3 0 1
Tile:9 5 6 0
Tile:8 4 5 1
Destroy 5 6 0
Tile:7_flip 4 6 1
Tile:6_flip 6 5 0
Drop 2 0 1
Tile:2_flip 3 5 0
Tile:9 3 4 1
Tile:11 2 5 0
Tile:10 5 4 1
Tile:6 5 6 0
Destroy 3 5 1
Tile:8 5 3 0
Tile:13 6 3 1
Tile:9 2 6 0
Tile:4_flip 6 4 1
Tile:7 5 2 0
Tile:6 6 6 1
Drop 1 0 0
Map 12 3 1
Tile:5_flip 3 6 0
Drop 5 0 1
Drop 1 0 0
Tile:6_flip 7 3 1
Tile:8 3 3 0
Tile:15 3 2 1
Tile:7 2 4 0
Tile:10 6 2 1
Tile:1 2 3 0
Tile:0 1 4 1
Drop 3 0 0
Tile:7_flip 1 3 1
Tile:5_flip 7 5 0
Tile:9 2 7 1
Tile:0 3 7 0
Tile:3 4 7 1
Tile:0 0 4 0
Tile:5_flip 4 8 1
Tile:9_flip 2 8 0
Tile:7 7 6 1
Tile:10 3 1 0
Map 12 5 1
Destroy 7 3 0
Drop 3 0 1
Tile:0 4 3 0
Tile:8 1 8 1
Tile:5_flip 1 9 0
Malus 0 0 1
Map 12 5 0
Drop 0 0 1
Bonus 0 0 0
Drop 0 0 1
GAMEOVER DRAW
# Game ended: Mon Mar 23 08:05:03 EDT 2020
