# Server version 0.08 running on localhost:8125
# Game ID: 85
# Board class: Saboteur.SaboteurBoard
# Timeout: 20000
# First Move Timeout: 30000
# Date: Mon Mar 23 07:33:18 EDT 2020
# Player 1: Player-0, 'RandomPlayer', running on localhost
# Player 2: Player-1, 'MinMaxPlayer', running on localhost
START Player-0 RandomPlayer
START Player-1 MinMaxPlayer
BoardInit:Tile:8,Tile:9,Bonus,Map,Tile:5,Tile:3,Tile:12,Tile:7,Bonus,Tile:6,Tile:8,Map,Tile:9,Destroy,Tile:13,Tile:9,Tile:14,Tile:8,Malus,Tile:8,Tile:8,Tile:5,Map,Tile:0,Tile:15,Tile:1,Tile:7,Bonus,Destroy,Bonus,Tile:9,Tile:10,Tile:0,Tile:4,Tile:6,Tile:10,Tile:0,Tile:2,Tile:6-Tile:9,Tile:0,Tile:6,Tile:7,Tile:10,Malus,Tile:5-Tile:11,Destroy,Tile:5,Tile:6,Tile:7,Map,Tile:7-Tile:hidden2,Tile:hidden1,Tile:nugget
Tile:10 5 6 1
Tile:5_flip 5 7 0
Tile:7 5 4 1
Tile:6 4 7 0
Tile:5 3 7 1
Map 12 5 0
Drop 2 0 1
Map 12 7 0
Tile:12_flip 4 5 1
Tile:7_flip 4 4 0
Tile:9_flip 6 5 1
Tile:9 4 3 0
Drop 4 0 1
Tile:7_flip 6 6 0
Tile:9_flip 7 6 1
Tile:3 4 6 0
Tile:8 3 8 1
Tile:7 4 8 0
Tile:0 5 3 1
Tile:11_flip 4 2 0
Tile:14 7 7 1
Tile:8 2 8 0
Tile:8 6 3 1
Destroy 5 3 0
Malus 0 0 1
Destroy 4 5 0
Map 12 7 1
Drop 3 0 0
Tile:13 7 3 1
Drop 6 0 0
Tile:15 7 5 1
Drop 3 0 0
Tile:8 3 2 1
Bonus 0 0 0
Tile:0 3 6 1
Tile:4 2 7 0
Tile:9 3 9 1
Tile:9_flip 4 9 0
Tile:6_flip 1 8 1
Tile:10 6 4 0
Drop 1 0 1
Tile:1 8 3 0
Tile:7_flip 0 8 1
Tile:0 2 2 0
Drop 1 0 1
Tile:10 2 9 0
Tile:0 4 5 1
Tile:6_flip 3 1 0
Destroy 4 6 1
Tile:2_flip 2 1 0
Tile:6 3 10 1
Map 12 5 0
Drop 0 0 1
GAMEOVER DRAW
# Game ended: Mon Mar 23 07:33:19 EDT 2020
