# Server version 0.08 running on localhost:8124
# Game ID: 3
# Board class: Saboteur.SaboteurBoard
# Timeout: 20000
# First Move Timeout: 30000
# Date: Sun Mar 22 22:37:53 EDT 2020
# Player 1: Player-0, 'RandomPlayer', running on localhost
# Player 2: Player-1, 'DummyPlayer', running on localhost
START Player-0 RandomPlayer
START Player-1 DummyPlayer
BoardInit:Tile:6,Tile:1,Tile:15,Tile:8,Tile:8,Map,Tile:6,Tile:6,Bonus,Tile:5,Tile:7,Tile:6,Tile:2,Tile:7,Tile:7,Tile:6,Malus,Tile:12,Tile:9,Destroy,Tile:8,Tile:9,Tile:13,Tile:7,Bonus,Tile:14,Tile:10,Tile:7,Destroy,Tile:10,Map,Bonus,Tile:9,Tile:0,Tile:5,Map,Tile:0,Tile:9,Destroy-Malus,Tile:5,Map,Tile:8,Tile:8,Bonus,Tile:3-Tile:9,Tile:10,Tile:5,Tile:0,Tile:0,Tile:4,Tile:11-Tile:nugget,Tile:hidden2,Tile:hidden1
Map 12 7 1
Tile:11 4 5 0
Tile:3 6 5 1
Tile:10 4 4 0
Tile:15 4 6 1
Tile:4_flip 6 6 0
Tile:5 4 3 1
Tile:8 4 7 0
Tile:6 5 7 1
Tile:0 5 3 0
Malus 0 0 1
Drop 1 0 0
Drop 0 0 1
Drop 4 0 0
Drop 1 0 1
Map 12 7 0
Tile:2_flip 3 7 1
Drop 5 0 0
Drop 3 0 1
Drop 3 0 0
Tile:7 6 7 1
Destroy 5 3 0
Tile:9_flip 3 6 1
Drop 0 0 0
Tile:8 5 3 1
Drop 2 0 0
Tile:6_flip 2 7 1
Drop 0 0 0
Tile:8 6 8 1
Drop 5 0 0
Tile:7 3 5 1
Drop 0 0 0
Tile:10 5 6 1
Drop 4 0 0
Tile:9 2 8 1
Drop 0 0 0
Destroy 4 4 1
Map 12 7 0
Tile:0 7 8 1
Drop 0 0 0
Tile:8 6 3 1
Drop 1 0 0
Tile:5 5 2 1
Drop 0 0 0
Destroy 2 7 1
Drop 2 0 0
Drop 0 0 1
Bonus 0 0 0
Tile:13 2 5 1
Tile:9_flip 4 4 0
Map 12 7 1
Tile:10 4 8 0
Drop 0 0 1
GAMEOVER DRAW
# Game ended: Sun Mar 22 22:37:54 EDT 2020
