# Server version 0.08 running on localhost:8125
# Game ID: 32
# Board class: Saboteur.SaboteurBoard
# Timeout: 20000
# First Move Timeout: 30000
# Date: Mon Mar 23 07:16:06 EDT 2020
# Player 1: Player-0, 'MinMaxPlayer', running on localhost
# Player 2: Player-1, 'DummyPlayer', running on localhost
START Player-0 MinMaxPlayer
START Player-1 DummyPlayer
BoardInit:Tile:5,Tile:11,Tile:0,Tile:7,Tile:8,Tile:7,Bonus,Map,Tile:5,Tile:9,Tile:9,Tile:5,Tile:1,Map,Tile:9,Tile:8,Tile:13,Malus,Tile:9,Destroy,Tile:8,Tile:10,Tile:2,Tile:0,Malus,Destroy,Tile:0,Tile:10,Tile:7,Tile:6,Map,Bonus,Bonus,Tile:7,Tile:4,Tile:6,Tile:6,Tile:12,Tile:15-Tile:14,Tile:5,Bonus,Tile:3,Destroy,Tile:8,Tile:10-Tile:6,Tile:8,Tile:7,Tile:9,Map,Tile:0,Tile:6-Tile:hidden2,Tile:hidden1,Tile:nugget
Drop 2 0 1
Tile:6 6 5 0
Tile:8 4 5 1
Tile:9_flip 5 4 0
Destroy 6 5 1
Tile:11_flip 6 5 0
Tile:5 5 3 1
Tile:6_flip 4 4 0
Tile:5 3 4 1
Tile:7_flip 3 5 0
Drop 1 0 1
Map 12 3 0
Tile:8 6 3 1
Map 12 7 0
Drop 3 0 1
Tile:5_flip 7 3 0
Tile:9_flip 4 6 1
Tile:7_flip 6 6 0
Drop 5 0 1
Map 12 5 0
Tile:13 7 2 1
Tile:9 6 4 0
Tile:9 6 2 1
Tile:0 7 4 0
Tile:8 8 4 1
Destroy 4 4 0
Tile:14_flip 8 3 1
Tile:8 7 1 0
Tile:1 3 6 1
Destroy 6 3 0
Tile:5_flip 9 4 1
Tile:8 9 3 0
Tile:2 8 1 1
Tile:6_flip 9 1 0
Map 12 3 1
Tile:10 7 0 0
Tile:7 10 1 1
Tile:6 8 2 0
Tile:0 7 6 1
Tile:7_flip 8 5 0
Drop 2 0 1
Tile:12 8 6 0
Tile:4_flip 5 6 1
Tile:0 2 6 0
Drop 0 0 1
Malus 0 0 0
Drop 2 0 1
Tile:7 10 3 0
Drop 1 0 1
Drop 0 0 0
Malus 0 0 1
Bonus 0 0 0
Drop 0 0 1
GAMEOVER DRAW
# Game ended: Mon Mar 23 07:16:06 EDT 2020
