# Server version 0.08 running on localhost:8125
# Game ID: 16
# Board class: Saboteur.SaboteurBoard
# Timeout: 20000
# First Move Timeout: 30000
# Date: Mon Mar 23 00:22:26 EDT 2020
# Player 1: Player-0, 'MinMaxPlayer', running on localhost
# Player 2: Player-1, 'Human', running on localhost
START Player-0 MinMaxPlayer
START Player-1 Human
BoardInit:Tile:7,Bonus,Tile:9,Tile:0,Tile:15,Tile:1,Map,Map,Tile:14,Map,Tile:8,Tile:9,Bonus,Malus,Tile:5,Tile:7,Tile:13,Tile:4,Tile:6,Tile:9,Tile:0,Tile:6,Tile:9,Tile:11,Tile:10,Tile:10,Tile:5,Tile:0,Tile:3,Tile:9,Destroy,Tile:7,Tile:7,Destroy,Destroy,Tile:10,Tile:7,Tile:2,Tile:8-Tile:5,Tile:12,Malus,Tile:5,Tile:8,Map,Tile:6-Tile:6,Tile:8,Bonus,Tile:6,Bonus,Tile:8,Tile:0-Tile:hidden1,Tile:hidden2,Tile:nugget
Tile:8 6 5 1
Tile:8 5 6 0
Tile:6 7 5 1
Tile:6 5 7 0
Tile:7 8 5 1
Tile:8 6 4 0
Tile:9 8 6 1
Tile:0 4 7 0
Map 12 5 1
Tile:6_flip 4 5 0
Map 12 7 1
Drop 4 0 0
Tile:8 8 7 1
Map 12 5 0
Malus 0 0 1
Bonus 0 0 0
Drop 4 0 1
Tile:7_flip 4 6 0
Drop 6 0 1
Drop 3 0 0
Tile:6 9 7 1
Tile:4 6 3 0
Tile:0 10 7 1
Tile:0 7 7 0
