# Server version 0.08 running on localhost:8125
# Game ID: 18
# Board class: Saboteur.SaboteurBoard
# Timeout: 20000
# First Move Timeout: 30000
# Date: Mon Mar 23 00:23:52 EDT 2020
# Player 1: Player-0, 'MinMaxPlayer', running on localhost
# Player 2: Player-1, 'DummyPlayer', running on localhost
START Player-0 MinMaxPlayer
START Player-1 DummyPlayer
BoardInit:Bonus,Tile:9,Tile:9,Tile:7,Tile:6,Bonus,Tile:8,Tile:3,Tile:5,Tile:10,Tile:5,Map,Tile:10,Tile:8,Bonus,Tile:0,Destroy,Malus,Map,Tile:6,Tile:12,Tile:0,Tile:2,Tile:11,Tile:13,Tile:7,Tile:7,Tile:8,Tile:9,Destroy,Tile:1,Tile:7,Tile:10,Malus,Tile:4,Tile:14,Tile:5,Tile:8,Map-Destroy,Tile:5,Tile:6,Tile:9,Tile:9,Bonus,Map-Tile:15,Tile:0,Tile:6,Tile:7,Tile:0,Tile:8,Tile:6-Tile:hidden1,Tile:hidden2,Tile:nugget
Tile:9_flip 5 4 1
Tile:0 4 5 0
Destroy 4 5 1
Tile:15 5 3 0
Tile:9_flip 6 5 1
Tile:9_flip 6 6 0
Tile:9 4 4 1
Tile:8 4 5 0
Tile:6_flip 3 5 1
Tile:7_flip 3 6 0
Map 12 7 1
Tile:6_flip 5 2 0
Tile:5 2 5 1
Drop 0 0 0
Tile:5 4 2 1
Drop 2 0 0
Tile:8 4 6 1
Drop 0 0 0
Tile:5_flip 2 6 1
Drop 3 0 0
Tile:6 6 2 1
Tile:3_flip 4 7 0
Destroy 2 5 1
Tile:6 5 7 0
Tile:2 2 5 1
Drop 2 0 0
Drop 3 0 1
Tile:0 7 2 0
Tile:12_flip 1 5 1
Drop 5 0 0
Tile:9_flip 4 3 1
Destroy 5 7 0
Tile:1 3 3 1
Tile:7_flip 6 7 0
Tile:13 5 6 1
Drop 3 0 0
Tile:7 8 2 1
Tile:0 1 6 0
Map 12 3 1
Drop 2 0 0
Tile:5_flip 8 3 1
Tile:14 5 7 0
Tile:10 6 1 1
Tile:10 6 0 0
Drop 3 0 1
Drop 2 0 0
Map 12 7 1
Tile:7_flip 0 6 0
Tile:10 6 4 1
Drop 0 0 0
Drop 0 0 1
Tile:8 2 3 0
Drop 0 0 1
GAMEOVER DRAW
# Game ended: Mon Mar 23 00:23:52 EDT 2020
