# Server version 0.08 running on localhost:8125
# Game ID: 80
# Board class: Saboteur.SaboteurBoard
# Timeout: 20000
# First Move Timeout: 30000
# Date: Mon Mar 23 07:33:10 EDT 2020
# Player 1: Player-0, 'MinMaxPlayer', running on localhost
# Player 2: Player-1, 'RandomPlayer', running on localhost
START Player-0 MinMaxPlayer
START Player-1 RandomPlayer
BoardInit:Tile:9,Tile:9,Tile:14,Tile:0,Tile:5,Bonus,Map,Tile:0,Map,Tile:8,Tile:7,Tile:4,Bonus,Tile:10,Tile:9,Tile:9,Tile:7,Tile:11,Map,Map,Tile:3,Tile:6,Tile:5,Tile:7,Tile:10,Tile:7,Tile:7,Tile:8,Tile:13,Tile:1,Bonus,Tile:0,Malus,Malus,Tile:12,Tile:6,Tile:8,Tile:0,Tile:6-Tile:15,Tile:10,Tile:5,Tile:5,Tile:6,Tile:9,Tile:8-Destroy,Tile:2,Destroy,Tile:8,Tile:6,Bonus,Destroy-Tile:hidden2,Tile:hidden1,Tile:nugget
Tile:5_flip 5 6 1
Drop 3 0 0
Tile:8 5 4 1
Drop 1 0 0
Tile:5_flip 6 5 1
Tile:0 4 4 0
Tile:9_flip 6 4 1
Tile:9 4 6 0
Tile:6_flip 5 3 1
Destroy 5 6 0
Map 12 5 1
Tile:0 4 3 0
Drop 2 0 1
Drop 2 0 0
Tile:5 4 5 1
Tile:6_flip 3 3 0
Tile:15 4 7 1
Tile:9_flip 5 6 0
Map 12 5 1
Tile:8 6 3 0
Tile:7_flip 3 4 1
Map 12 3 0
Tile:9 5 7 1
Destroy 6 5 0
Tile:14 7 3 1
Tile:11_flip 5 8 0
Tile:3_flip 2 3 1
Tile:7_flip 5 9 0
Tile:10 7 2 1
Drop 4 0 0
Drop 3 0 1
Tile:10 7 1 0
Tile:7 6 2 1
Tile:7 6 9 0
Tile:7 2 2 1
Tile:8 1 2 0
Tile:12_flip 0 2 1
Destroy 7 3 0
Tile:8 7 0 1
Tile:0 6 7 0
Tile:13 6 5 1
Tile:1 7 5 0
Malus 0 0 1
Bonus 0 0 0
Drop 3 0 1
Tile:0 7 7 0
Tile:6 8 0 1
Tile:6 6 10 0
Drop 2 0 1
Drop 1 0 0
Map 12 7 1
Tile:4_flip 6 6 0
Drop 0 0 1
GAMEOVER DRAW
# Game ended: Mon Mar 23 07:33:10 EDT 2020
