# Server version 0.08 running on 192.168.0.101:8124
# Game ID: 6
# Board class: Saboteur.SaboteurBoard
# Timeout: 20000
# First Move Timeout: 30000
# Date: Sun Mar 22 23:51:51 EDT 2020
# Player 1: Player-0, 'MinMaxPlayer', running on 192.168.0.101
# Player 2: Player-1, 'Human', running on 192.168.0.101
START Player-0 MinMaxPlayer
START Player-1 Human
BoardInit:Tile:7,Tile:0,Tile:7,Tile:10,Tile:10,Tile:6,Tile:9,Tile:6,Bonus,Tile:1,Tile:8,Tile:6,Tile:7,Tile:3,Tile:8,Tile:13,Tile:0,Tile:8,Map,Tile:0,Tile:5,Tile:9,Tile:11,Tile:0,Tile:7,Destroy,Tile:8,Map,Tile:9,Tile:15,Map,Tile:9,Tile:4,Tile:6,Tile:2,Tile:12,Malus,Tile:5,Destroy-Malus,Bonus,Tile:7,Tile:5,Tile:5,Bonus,Tile:14-Tile:8,Map,Tile:9,Tile:10,Destroy,Bonus,Tile:6-Tile:hidden2,Tile:hidden1,Tile:nugget
Drop 6 0 1
Drop 3 0 0
Malus 0 0 1
Drop 5 0 0
Tile:7 6 5 1
Drop 6 0 0
Tile:7_flip 6 6 1
Drop 1 0 0
Tile:7 7 6 1
Destroy 7 6 0
Tile:9_flip 7 6 1
Bonus 0 0 0
Tile:5_flip 7 7 1
Tile:0 4 5 0
Tile:5 7 5 1
Tile:1 6 7 0
Tile:8 8 5 1
Tile:3_flip 8 6 0
Tile:8 9 5 1
Tile:8 8 4 0
Map 12 5 1
Tile:6_flip 9 4 0
Tile:0 10 5 1
Tile:6 9 6 0
Tile:7 10 6 1
Tile:13 5 7 0
Drop 5 0 1
Tile:9_flip 5 6 0
Tile:8 10 7 1
Tile:0 3 5 0
Tile:9_flip 11 7 1
Tile:0 7 4 0
Map 12 7 1
Tile:9 4 7 0
Tile:5 11 6 1
Drop 4 0 0
Tile:7 12 6 1
GAMEOVER WINNER 1
# Game ended: Sun Mar 22 23:54:26 EDT 2020
