# Server version 0.08 running on 192.168.0.101:8125
# Game ID: 49
# Board class: Saboteur.SaboteurBoard
# Timeout: 20000
# First Move Timeout: 30000
# Date: Mon Mar 23 07:24:26 EDT 2020
# Player 1: Player-0, 'DummyPlayer', running on localhost
# Player 2: Player-1, 'MinMaxPlayer', running on localhost
START Player-0 DummyPlayer
START Player-1 MinMaxPlayer
BoardInit:Tile:6,Tile:0,Tile:0,Tile:7,Tile:8,Tile:5,Destroy,Tile:13,Tile:8,Tile:0,Tile:14,Tile:5,Tile:7,Tile:8,Tile:7,Tile:9,Destroy,Tile:1,Tile:7,Tile:15,Tile:9,Tile:9,Tile:6,Tile:12,Tile:10,Map,Tile:10,Tile:8,Destroy,Bonus,Tile:5,Tile:10,Malus,Tile:4,Tile:11,Map,Tile:6,Map,Tile:6-Tile:3,Bonus,Tile:6,Bonus,Tile:8,Tile:7,Tile:5-Tile:9,Tile:2,Malus,Tile:0,Tile:9,Bonus,Map-Tile:hidden2,Tile:hidden1,Tile:nugget
Tile:3 6 5 1
Tile:9_flip 6 6 0
Tile:8 5 6 1
Tile:2 5 4 0
Tile:0 4 6 1
Tile:7_flip 4 5 0
Drop 4 0 1
Tile:0 3 6 0
Tile:8 2 6 1
Tile:13 2 7 0
Tile:6 1 7 1
Tile:5 2 5 0
Tile:6_flip 3 7 1
Tile:9 3 8 0
Tile:8 3 9 1
Malus 0 0 0
Destroy 4 6 1
Tile:5_flip 4 7 0
Bonus 0 0 1
Tile:9_flip 2 8 0
Tile:7_flip 3 10 1
Map 12 7 0
Tile:14 6 7 1
Tile:0 4 8 0
Tile:9 1 6 1
Tile:1 4 9 0
Tile:6 0 7 1
Tile:12 3 5 0
Destroy 4 5 1
Tile:8 2 9 0
Tile:7 0 6 1
Drop 3 0 0
Tile:7_flip 4 5 1
Tile:10 1 5 0
Destroy 5 6 1
Drop 4 0 0
Tile:5 4 4 1
Tile:4_flip 2 10 0
Tile:11 5 7 1
Drop 3 0 0
Tile:6_flip 1 8 1
Drop 5 0 0
Tile:6_flip 5 9 1
Map 12 5 0
Drop 3 0 1
Tile:0 0 8 0
Tile:7 4 10 1
Drop 2 0 0
Tile:10 1 4 1
Tile:15 5 10 0
Malus 0 0 1
Bonus 0 0 0
Drop 0 0 1
GAMEOVER DRAW
# Game ended: Mon Mar 23 07:24:27 EDT 2020
