# Server version 0.08 running on localhost:8125
# Game ID: 13
# Board class: Saboteur.SaboteurBoard
# Timeout: 20000
# First Move Timeout: 30000
# Date: Mon Mar 23 00:16:18 EDT 2020
# Player 1: Player-0, 'MinMaxPlayer', running on localhost
# Player 2: Player-1, 'Human', running on localhost
START Player-0 MinMaxPlayer
START Player-1 Human
BoardInit:Tile:9,Tile:6,Tile:6,Tile:5,Destroy,Tile:0,Tile:14,Map,Tile:8,Tile:6,Tile:13,Tile:8,Tile:11,Tile:15,Tile:9,Tile:7,Tile:5,Tile:7,Tile:9,Tile:8,Tile:2,Tile:1,Bonus,Destroy,Malus,Tile:0,Tile:7,Tile:6,Tile:12,Tile:9,Tile:7,Malus,Tile:4,Tile:9,Tile:3,Map,Bonus,Tile:7,Map-Tile:0,Map,Tile:5,Tile:10,Tile:0,Destroy,Bonus-Tile:5,Tile:8,Tile:10,Tile:6,Tile:10,Tile:8,Bonus-Tile:nugget,Tile:hidden1,Tile:hidden2
Tile:0 6 5 1
Tile:5 4 5 0
Tile:0 7 5 1
Tile:8 5 6 0
Map 12 5 1
Tile:5 5 4 0
Tile:6 8 5 1
Tile:8 4 6 0
Drop 6 0 1
Map 12 5 0
Tile:8 9 5 1
Tile:6 5 7 0
Tile:13 6 7 1
Tile:6 7 7 0
Tile:11 4 7 1
Tile:8 4 8 0
Tile:9_flip 10 5 1
Tile:7 10 4 0
Tile:5_flip 10 6 1
Tile:7 8 4 0
Tile:9 9 6 1
Tile:6 6 4 0
Tile:9 9 7 1
Tile:0 5 8 0
Drop 5 0 1
Tile:8 6 8 0
Malus 0 0 1
Destroy 8 5 0
Tile:7 10 7 1
Drop 6 0 0
Drop 6 0 1
Drop 1 0 0
Destroy 4 8 1
Drop 6 0 0
Tile:4 6 3 1
Drop 0 0 0
Tile:3 7 8 1
Map 12 7 0
Drop 6 0 1
Drop 0 0 0
Map 12 7 1
Drop 3 0 0
Drop 4 0 1
Drop 2 0 0
Drop 4 0 1
Drop 2 0 0
Drop 2 0 1
Drop 1 0 0
Drop 1 0 1
Drop 0 0 0
Drop 1 0 1
Drop 0 0 0
Drop 0 0 1
GAMEOVER DRAW
# Game ended: Mon Mar 23 00:19:07 EDT 2020
