# Server version 0.08 running on 192.168.0.101:8125
# Game ID: 51
# Board class: Saboteur.SaboteurBoard
# Timeout: 20000
# First Move Timeout: 30000
# Date: Mon Mar 23 07:24:30 EDT 2020
# Player 1: Player-0, 'DummyPlayer', running on localhost
# Player 2: Player-1, 'MinMaxPlayer', running on localhost
START Player-0 DummyPlayer
START Player-1 MinMaxPlayer
BoardInit:Tile:10,Tile:7,Tile:6,Tile:0,Tile:9,Tile:8,Map,Malus,Tile:8,Tile:2,Tile:7,Tile:5,Tile:0,Destroy,Bonus,Tile:9,Tile:10,Tile:5,Tile:3,Tile:9,Tile:15,Tile:6,Tile:6,Tile:5,Tile:8,Tile:10,Tile:7,Tile:0,Tile:13,Destroy,Tile:6,Bonus,Tile:12,Tile:8,Destroy,Tile:7,Bonus,Tile:0,Tile:1-Malus,Tile:14,Tile:4,Tile:5,Map,Tile:11,Map-Tile:9,Tile:8,Tile:6,Map,Bonus,Tile:9,Tile:7-Tile:hidden2,Tile:nugget,Tile:hidden1
Tile:5_flip 6 5 1
Tile:8 4 5 0
Tile:10 4 4 1
Map 12 5 0
Tile:6_flip 3 5 1
Tile:9 6 4 0
Tile:4 6 3 1
Tile:9_flip 5 6 0
Tile:9_flip 4 3 1
Tile:7 4 2 0
Drop 0 0 1
Drop 3 0 0
Tile:14_flip 3 3 1
Tile:5 2 5 0
Tile:7_flip 3 2 1
Tile:7_flip 4 6 0
Map 12 7 1
Tile:6_flip 7 4 0
Tile:11_flip 3 6 1
Tile:5 3 1 0
Map 12 7 1
Tile:9 2 6 0
Tile:0 4 1 1
Tile:2_flip 8 4 0
Tile:10 8 3 1
Tile:8 5 1 0
Map 12 3 1
Tile:5 8 2 0
Drop 0 0 1
Tile:10 3 7 0
Tile:3 5 0 1
Malus 0 0 0
Drop 4 0 1
Destroy 4 4 0
Drop 0 0 1
Drop 0 0 0
Destroy 3 5 1
Drop 6 0 0
Drop 0 0 1
Tile:6 5 7 0
Drop 4 0 1
Tile:8 3 5 0
Bonus 0 0 1
Destroy 2 5 0
Tile:1 9 2 1
Tile:9_flip 6 1 0
Tile:13 10 2 1
Tile:0 11 2 0
Tile:6 12 2 1
Tile:0 6 7 0
Tile:6 13 2 1
Drop 0 0 0
Drop 0 0 1
GAMEOVER DRAW
# Game ended: Mon Mar 23 07:24:30 EDT 2020
