# Server version 0.08 running on localhost:8125
# Game ID: 11
# Board class: Saboteur.SaboteurBoard
# Timeout: 20000
# First Move Timeout: 30000
# Date: Mon Mar 23 00:12:29 EDT 2020
# Player 1: Player-0, 'MinMaxPlayer', running on localhost
# Player 2: Player-1, 'Human', running on localhost
START Player-0 MinMaxPlayer
START Player-1 Human
BoardInit:Bonus,Bonus,Destroy,Tile:10,Tile:11,Tile:8,Tile:8,Tile:0,Bonus,Tile:2,Tile:7,Tile:6,Destroy,Malus,Tile:0,Tile:9,Tile:7,Tile:8,Tile:13,Tile:9,Tile:0,Tile:4,Map,Tile:8,Bonus,Tile:6,Tile:5,Tile:0,Map,Destroy,Tile:1,Tile:14,Tile:9,Tile:5,Tile:5,Tile:7,Tile:15,Tile:10,Tile:6-Tile:12,Tile:6,Map,Tile:7,Tile:9,Tile:3,Malus-Tile:10,Tile:7,Map,Tile:6,Tile:8,Tile:5,Tile:9-Tile:hidden2,Tile:nugget,Tile:hidden1
Tile:6 6 5 1
Drop 5 0 0
Malus 0 0 1
Drop 5 0 0
Map 12 3 1
Map 12 7 0
Drop 6 0 1
Drop 3 0 0
Tile:8 7 5 1
Drop 5 0 0
Drop 3 0 1
Bonus 0 0 0
Tile:7 8 5 1
Tile:6_flip 5 4 0
Tile:9 8 6 1
Tile:10 5 6 0
Tile:0 9 6 1
Tile:9_flip 5 7 0
Tile:7 10 6 1
Drop 1 0 0
Drop 6 0 1
Tile:2_flip 4 4 0
Drop 0 0 1
Tile:8 8 7 0
Map 12 7 1
Tile:9 7 4 0
Destroy 10 6 1
Tile:0 4 7 0
Tile:0 10 6 1
Tile:6_flip 4 5 0
Tile:7 11 6 1
Destroy 9 6 0
Map 12 5 1
Tile:4_flip 5 8 0
Drop 5 0 1
Tile:14_flip 3 7 0
Tile:5 7 3 1
Tile:7 6 4 0
Drop 6 0 1
Tile:6_flip 3 4 0
Tile:6 9 6 1
Tile:8 11 7 0
Tile:9 12 6 1
GAMEOVER WINNER 1
# Game ended: Mon Mar 23 00:14:45 EDT 2020
