# Server version 0.08 running on localhost:8124
# Game ID: 1
# Board class: Saboteur.SaboteurBoard
# Timeout: 20000
# First Move Timeout: 30000
# Date: Sun Mar 22 22:37:49 EDT 2020
# Player 1: Player-0, 'RandomPlayer', running on localhost
# Player 2: Player-1, 'DummyPlayer', running on localhost
START Player-0 RandomPlayer
START Player-1 DummyPlayer
BoardInit:Tile:14,Malus,Tile:9,Tile:7,Tile:9,Destroy,Tile:9,Tile:0,Tile:4,Tile:5,Map,Tile:2,Tile:8,Tile:7,Tile:7,Tile:9,Tile:13,Tile:8,Tile:10,Tile:6,Tile:0,Destroy,Tile:5,Tile:15,Tile:7,Tile:5,Map,Tile:10,Tile:6,Tile:12,Bonus,Tile:6,Tile:10,Tile:8,Tile:3,Tile:7,Tile:5,Map,Bonus-Destroy,Tile:0,Map,Tile:8,Tile:1,Tile:6,Tile:8-Tile:11,Malus,Tile:0,Tile:9,Bonus,Tile:6,Bonus-Tile:nugget,Tile:hidden2,Tile:hidden1
Drop 3 0 1
Drop 3 0 0
Drop 1 0 1
Tile:11_flip 5 6 0
Tile:14 6 5 1
Tile:6_flip 4 5 0
Tile:8 5 4 1
Drop 3 0 0
Drop 0 0 1
Destroy 5 4 0
Tile:9 4 6 1
Drop 4 0 0
Drop 0 0 1
Drop 6 0 0
Tile:9_flip 6 4 1
Tile:5 5 4 0
Tile:7_flip 5 7 1
Tile:0 3 5 0
Map 12 3 1
Malus 0 0 0
Drop 2 0 1
Drop 4 0 0
Drop 0 0 1
Tile:7_flip 2 5 0
Drop 2 0 1
Tile:15 6 3 0
Drop 0 0 1
Drop 0 0 0
Drop 4 0 1
Destroy 4 6 0
Map 12 3 1
Tile:8 2 4 0
Drop 4 0 1
Tile:6_flip 6 2 0
Drop 0 0 1
Tile:6 4 6 0
Drop 4 0 1
Tile:12_flip 3 6 0
Drop 6 0 1
Tile:0 5 2 0
Drop 4 0 1
Drop 1 0 0
Bonus 0 0 1
Drop 2 0 0
Drop 3 0 1
Drop 2 0 0
Tile:3 6 7 1
Map 12 5 0
Tile:0 1 4 1
Drop 0 0 0
Tile:13 0 4 1
Tile:10 2 3 0
Tile:10 0 3 1
GAMEOVER DRAW
# Game ended: Sun Mar 22 22:37:50 EDT 2020
