# Server version 0.08 running on localhost:8125
# Game ID: 118
# Board class: Saboteur.SaboteurBoard
# Timeout: 20000
# First Move Timeout: 30000
# Date: Mon Mar 23 08:06:43 EDT 2020
# Player 1: Player-0, 'AlphaBetaPlayer', running on localhost
# Player 2: Player-1, 'RandomPlayer', running on localhost
START Player-0 AlphaBetaPlayer
START Player-1 RandomPlayer
BoardInit:Tile:9,Tile:6,Map,Tile:5,Tile:3,Tile:5,Tile:8,Tile:5,Tile:8,Tile:12,Tile:0,Map,Destroy,Tile:0,Tile:6,Tile:6,Tile:4,Tile:7,Tile:10,Tile:9,Bonus,Tile:0,Tile:15,Tile:6,Tile:9,Tile:7,Tile:5,Destroy,Map,Bonus,Tile:6,Tile:0,Destroy,Map,Malus,Tile:10,Tile:13,Bonus,Tile:8-Tile:14,Tile:2,Bonus,Tile:1,Tile:7,Tile:7,Tile:10-Tile:9,Malus,Tile:11,Tile:8,Tile:7,Tile:8,Tile:9-Tile:hidden1,Tile:nugget,Tile:hidden2
Tile:14 6 5 1
Tile:9_flip 5 4 0
Tile:7_flip 4 5 1
Tile:8 5 6 0
Tile:7_flip 5 7 1
Tile:11_flip 5 3 0
Tile:9 6 4 1
Tile:7 5 2 0
Tile:1 6 7 1
Tile:5 4 3 0
Drop 1 0 1
Tile:5_flip 7 4 0
Drop 0 0 1
Tile:12_flip 4 6 0
Tile:0 6 6 1
Map 12 3 0
Tile:8 4 4 1
Tile:9 7 3 0
Tile:6 7 7 1
Tile:8 7 6 0
Destroy 5 3 1
Tile:6 4 2 0
Tile:10 6 3 1
Tile:7 8 3 0
Map 12 7 1
Tile:5 3 2 0
Tile:8 4 1 1
Tile:6_flip 3 4 0
Tile:3_flip 8 4 1
Tile:9_flip 8 6 0
Tile:15 6 2 1
Drop 3 0 0
Tile:4 4 0 1
Tile:0 3 1 0
Tile:9 2 4 1
Tile:0 5 1 0
Tile:6_flip 9 4 1
Tile:7 8 5 0
Tile:5_flip 3 5 1
Destroy 6 5 0
Destroy 4 6 1
Drop 1 0 0
Tile:8 8 7 1
Drop 2 0 0
Tile:13 2 3 1
Tile:0 4 6 0
Map 12 3 1
Tile:10 7 2 0
Drop 1 0 1
Drop 1 0 0
Tile:10 2 2 1
Malus 0 0 0
Drop 0 0 1
GAMEOVER DRAW
# Game ended: Mon Mar 23 08:06:44 EDT 2020
