# Server version 0.08 running on localhost:8125
# Game ID: 26
# Board class: Saboteur.SaboteurBoard
# Timeout: 20000
# First Move Timeout: 30000
# Date: Mon Mar 23 07:15:22 EDT 2020
# Player 1: Player-0, 'MinMaxPlayer', running on localhost
# Player 2: Player-1, 'DummyPlayer', running on localhost
START Player-0 MinMaxPlayer
START Player-1 DummyPlayer
BoardInit:Map,Tile:0,Destroy,Tile:8,Tile:6,Tile:9,Bonus,Tile:9,Tile:10,Map,Tile:7,Tile:2,Destroy,Tile:15,Tile:5,Tile:9,Tile:8,Tile:3,Tile:8,Tile:5,Bonus,Tile:6,Tile:9,Bonus,Tile:8,Map,Tile:10,Tile:6,Tile:10,Malus,Malus,Tile:7,Tile:14,Tile:5,Tile:11,Tile:7,Tile:0,Tile:6,Map-Bonus,Tile:1,Tile:7,Tile:8,Tile:0,Tile:13,Tile:7-Tile:5,Tile:12,Tile:6,Tile:9,Tile:0,Destroy,Tile:4-Tile:hidden1,Tile:nugget,Tile:hidden2
Tile:8 5 6 1
Tile:6 6 5 0
Drop 1 0 1
Drop 1 0 0
Tile:7 6 6 1
Tile:0 7 5 0
Tile:7_flip 5 7 1
Tile:5_flip 6 7 0
Drop 0 0 1
Tile:9_flip 6 4 0
Tile:6_flip 4 6 1
Map 12 7 0
Tile:13 5 4 1
Tile:0 4 4 0
Tile:10 6 3 1
Tile:9_flip 4 7 0
Destroy 6 4 1
Tile:15 5 3 0
Tile:0 4 5 1
Tile:9_flip 5 2 0
Tile:5 3 7 1
Tile:2_flip 8 5 0
Tile:8 4 2 1
Destroy 5 3 0
Tile:7_flip 3 5 1
Drop 4 0 0
Drop 3 0 1
Tile:8 6 4 0
Tile:8 3 2 1
Tile:9 4 1 0
Destroy 4 2 1
Drop 3 0 0
Map 12 3 1
Tile:4 3 1 0
Tile:10 6 2 1
Tile:5_flip 3 8 0
Tile:9_flip 5 3 1
Tile:7 9 5 0
Tile:0 2 8 1
Tile:6 4 2 0
Tile:14 3 3 1
Tile:7_flip 2 3 0
Tile:11 4 0 1
Tile:3_flip 4 8 0
Drop 3 0 1
Drop 2 0 0
Tile:10 9 6 1
Tile:6_flip 5 8 0
Map 12 7 1
Tile:6 9 7 0
Drop 0 0 1
Map 12 5 0
Drop 0 0 1
GAMEOVER DRAW
# Game ended: Mon Mar 23 07:15:22 EDT 2020
