# Server version 0.08 running on localhost:8125
# Game ID: 40
# Board class: Saboteur.SaboteurBoard
# Timeout: 20000
# First Move Timeout: 30000
# Date: Mon Mar 23 07:20:58 EDT 2020
# Player 1: Player-0, 'DummyPlayer', running on localhost
# Player 2: Player-1, 'MinMaxPlayer', running on localhost
START Player-0 DummyPlayer
START Player-1 MinMaxPlayer
BoardInit:Map,Tile:6,Map,Tile:6,Tile:9,Tile:14,Tile:9,Tile:7,Tile:0,Tile:7,Tile:8,Tile:9,Tile:11,Tile:7,Tile:6,Tile:6,Tile:8,Tile:8,Map,Bonus,Tile:7,Map,Tile:0,Tile:7,Tile:10,Tile:5,Tile:15,Tile:13,Malus,Tile:2,Destroy,Tile:6,Tile:8,Destroy,Tile:0,Destroy,Tile:12,Tile:9,Tile:5-Tile:9,Tile:3,Tile:1,Bonus,Bonus,Tile:5,Tile:8-Malus,Tile:10,Tile:10,Tile:5,Bonus,Tile:0,Tile:4-Tile:hidden2,Tile:hidden1,Tile:nugget
Tile:3 6 5 1
Tile:5 4 5 0
Tile:5 5 4 1
Drop 1 0 0
Map 12 3 1
Tile:4_flip 5 6 0
Tile:9 6 6 1
Tile:10 4 6 0
Map 12 5 1
Tile:6 7 6 0
Drop 1 0 1
Drop 1 0 0
Drop 6 0 1
Tile:6_flip 8 6 0
Tile:9_flip 9 6 1
Drop 5 0 0
Tile:8 9 5 1
Tile:7_flip 8 5 0
Tile:6 9 7 1
Tile:6_flip 9 4 0
Tile:0 10 4 1
Tile:14 6 4 0
Tile:9_flip 10 7 1
Tile:7 10 5 0
Tile:11 10 6 1
Tile:0 11 6 0
Tile:8 6 7 1
Tile:5_flip 10 8 0
Tile:15 4 7 1
Tile:7 12 6 0
Tile:1 7 7 1
Tile:7_flip 4 8 0
Destroy 4 8 1
Tile:2 8 4 0
Drop 4 0 1
Destroy 6 7 0
Tile:0 11 4 1
Tile:13 6 3 0
Tile:0 9 8 1
Tile:6 8 7 0
Drop 4 0 1
Destroy 9 6 0
Tile:7 12 4 1
Tile:9_flip 9 6 0
Drop 0 0 1
Malus 0 0 0
Map 12 5 1
Tile:8 6 7 0
Malus 0 0 1
Map 12 5 0
Drop 0 0 1
Bonus 0 0 0
Drop 0 0 1
GAMEOVER DRAW
# Game ended: Mon Mar 23 07:20:59 EDT 2020
