# Server version 0.08 running on localhost:8125
# Game ID: 21
# Board class: Saboteur.SaboteurBoard
# Timeout: 20000
# First Move Timeout: 30000
# Date: Mon Mar 23 07:07:20 EDT 2020
# Player 1: Player-0, 'MinMaxPlayer', running on localhost
# Player 2: Player-1, 'Human', running on localhost
START Player-0 MinMaxPlayer
START Player-1 Human
BoardInit:Tile:7,Tile:8,Tile:6,Tile:10,Tile:6,Tile:5,Tile:7,Tile:9,Tile:0,Bonus,Map,Tile:13,Tile:5,Tile:0,Tile:10,Tile:14,Tile:9,Bonus,Destroy,Tile:3,Tile:6,Tile:0,Tile:4,Tile:1,Tile:6,Bonus,Tile:9,Tile:8,Tile:8,Tile:2,Destroy,Map,Tile:7,Tile:7,Tile:0,Tile:8,Tile:8,Tile:6,Malus-Tile:5,Map,Tile:9,Tile:11,Tile:9,Bonus,Map-Tile:15,Destroy,Tile:12,Tile:7,Tile:10,Malus,Tile:5-Tile:hidden1,Tile:hidden2,Tile:nugget
Tile:5 5 4 1
Tile:7_flip 4 5 0
Tile:7 6 4 1
Destroy 5 4 0
Tile:6 6 5 1
Tile:8 7 5 0
Tile:6 8 5 1
Tile:5 7 4 0
Tile:7 9 5 1
Tile:9 4 4 0
Tile:9 9 6 1
Drop 3 0 0
Tile:0 10 6 1
Tile:10 7 6 0
Tile:9 9 7 1
Tile:12 10 7 0
Tile:5_flip 9 8 1
Tile:13 5 4 0
Map 12 5 1
Tile:0 11 6 0
Map 12 7 1
Tile:14 5 6 0
Drop 0 0 1
Tile:5 8 8 0
Drop 6 0 1
Drop 4 0 0
Map 12 3 1
Tile:1 12 6 0
Destroy 12 6 1
Tile:8 7 7 0
Tile:8 12 6 1
GAMEOVER WINNER 1
# Game ended: Mon Mar 23 07:09:03 EDT 2020
