# Server version 0.08 running on localhost:8125
# Game ID: 113
# Board class: Saboteur.SaboteurBoard
# Timeout: 20000
# First Move Timeout: 30000
# Date: Mon Mar 23 08:05:04 EDT 2020
# Player 1: Player-0, 'RandomPlayer', running on localhost
# Player 2: Player-1, 'AlphaBetaPlayer', running on localhost
START Player-0 RandomPlayer
START Player-1 AlphaBetaPlayer
BoardInit:Bonus,Tile:8,Tile:5,Tile:6,Tile:10,Tile:15,Tile:6,Tile:7,Tile:4,Tile:10,Tile:13,Tile:9,Tile:5,Tile:8,Tile:5,Tile:0,Malus,Map,Tile:7,Tile:7,Tile:8,Tile:0,Tile:5,Tile:12,Tile:0,Tile:9,Tile:9,Destroy,Map,Tile:2,Tile:3,Tile:7,Tile:9,Destroy,Tile:8,Tile:8,Bonus,Map,Tile:6-Map,Bonus,Malus,Tile:0,Tile:6,Destroy,Tile:11-Tile:6,Tile:10,Bonus,Tile:7,Tile:9,Tile:14,Tile:1-Tile:nugget,Tile:hidden2,Tile:hidden1
Drop 2 0 1
Tile:14_flip 5 4 0
Tile:6 6 5 1
Tile:7 6 4 0
Tile:5_flip 5 6 1
Tile:1 7 5 0
Drop 5 0 1
Drop 3 0 0
Drop 0 0 1
Tile:8 4 5 0
Drop 2 0 1
Drop 2 0 0
Tile:6_flip 8 5 1
Tile:9 4 6 0
Tile:10 8 6 1
Tile:6 8 7 0
Tile:5_flip 9 5 1
Tile:10 9 4 0
Tile:0 7 7 1
Drop 1 0 0
Tile:11 3 5 1
Drop 4 0 0
Tile:13 3 4 1
Tile:7 4 4 0
Tile:5 6 7 1
Drop 4 0 0
Tile:8 6 8 1
Drop 3 0 0
Tile:9_flip 3 6 1
Tile:8 3 7 0
Drop 3 0 1
Tile:6 2 4 0
Tile:0 1 4 1
Tile:9_flip 4 7 0
Tile:9 3 3 1
Tile:2_flip 4 3 0
Tile:5_flip 5 3 1
Destroy 3 3 0
Tile:8 4 8 1
Destroy 7 5 0
Map 12 3 1
Tile:8 7 5 0
Tile:6_flip 9 3 1
Tile:10 4 2 0
Drop 1 0 1
Tile:12 10 3 0
Tile:3 7 8 1
Tile:7 2 3 0
Malus 0 0 1
Drop 0 0 0
Drop 0 0 1
Map 12 5 0
Drop 0 0 1
GAMEOVER DRAW
# Game ended: Mon Mar 23 08:05:04 EDT 2020
