# Server version 0.08 running on localhost:8125
# Game ID: 19
# Board class: Saboteur.SaboteurBoard
# Timeout: 20000
# First Move Timeout: 30000
# Date: Mon Mar 23 00:23:53 EDT 2020
# Player 1: Player-0, 'DummyPlayer', running on localhost
# Player 2: Player-1, 'MinMaxPlayer', running on localhost
START Player-0 DummyPlayer
START Player-1 MinMaxPlayer
BoardInit:Tile:10,Tile:6,Tile:10,Tile:0,Tile:3,Tile:13,Map,Tile:14,Destroy,Destroy,Tile:8,Malus,Tile:5,Tile:7,Tile:6,Tile:9,Tile:9,Destroy,Tile:6,Tile:9,Tile:7,Tile:11,Tile:2,Tile:0,Tile:6,Tile:8,Tile:15,Tile:7,Tile:4,Tile:8,Bonus,Malus,Tile:5,Tile:0,Tile:7,Bonus,Tile:1,Tile:12,Tile:0-Tile:7,Tile:8,Map,Tile:9,Tile:5,Map,Tile:6-Tile:9,Tile:8,Map,Tile:5,Tile:10,Bonus,Bonus-Tile:hidden2,Tile:hidden1,Tile:nugget
Map 12 5 1
Tile:9 4 5 0
Drop 5 0 1
Tile:8 4 4 0
Tile:9_flip 4 6 1
Tile:6_flip 6 5 0
Tile:3_flip 5 6 1
Map 12 5 0
Tile:8 3 6 1
Tile:14 6 6 0
Destroy 6 6 1
Tile:10 3 7 0
Tile:8 3 8 1
Drop 2 0 0
Tile:7 3 5 1
Destroy 5 6 0
Tile:5_flip 3 9 1
Malus 0 0 0
Drop 1 0 1
Tile:13 2 5 0
Map 12 3 1
Destroy 3 6 0
Map 12 7 1
Tile:11 4 7 0
Drop 2 0 1
Tile:5 2 8 0
Drop 0 0 1
Tile:0 1 5 0
Drop 5 0 1
Tile:8 5 4 0
Drop 0 0 1
Tile:7 7 5 0
Drop 4 0 1
Tile:8 3 6 0
Drop 0 0 1
Tile:0 6 4 0
Drop 4 0 1
Tile:9 5 3 0
Drop 6 0 1
Tile:12_flip 3 4 0
Drop 2 0 1
Tile:7_flip 2 6 0
Drop 1 0 1
Tile:9 7 6 0
Drop 3 0 1
Drop 2 0 0
Drop 0 0 1
Malus 0 0 0
Drop 2 0 1
Drop 0 0 0
Drop 0 0 1
Drop 0 0 0
Drop 0 0 1
GAMEOVER DRAW
# Game ended: Mon Mar 23 00:23:54 EDT 2020
