# Server version 0.08 running on localhost:8125
# Game ID: 81
# Board class: Saboteur.SaboteurBoard
# Timeout: 20000
# First Move Timeout: 30000
# Date: Mon Mar 23 07:33:12 EDT 2020
# Player 1: Player-0, 'RandomPlayer', running on localhost
# Player 2: Player-1, 'MinMaxPlayer', running on localhost
START Player-0 RandomPlayer
START Player-1 MinMaxPlayer
BoardInit:Tile:13,Tile:10,Map,Tile:2,Tile:7,Tile:9,Destroy,Tile:6,Tile:6,Tile:9,Tile:12,Tile:4,Tile:0,Tile:1,Tile:10,Tile:8,Tile:8,Tile:8,Tile:6,Tile:6,Bonus,Map,Bonus,Destroy,Tile:14,Map,Bonus,Tile:6,Tile:5,Tile:9,Tile:7,Tile:9,Destroy,Tile:5,Tile:8,Tile:0,Tile:7,Tile:5,Tile:8-Malus,Tile:3,Tile:7,Map,Tile:7,Tile:0,Tile:10-Tile:0,Bonus,Malus,Tile:15,Tile:11,Tile:9,Tile:5-Tile:nugget,Tile:hidden2,Tile:hidden1
Tile:7_flip 5 6 1
Tile:0 6 6 0
Map 12 5 1
Tile:11_flip 5 4 0
Tile:7_flip 4 5 1
Tile:5_flip 6 5 0
Drop 6 0 1
Drop 2 0 0
Tile:13 4 4 1
Tile:10 6 4 0
Tile:3 7 6 1
Tile:6_flip 5 3 0
Tile:6_flip 4 3 1
Tile:9_flip 6 3 0
Tile:0 3 4 1
Tile:9 6 2 0
Destroy 4 4 1
Tile:2_flip 7 7 0
Drop 3 0 1
Tile:8 4 4 0
Map 12 3 1
Tile:4 6 1 0
Tile:6 7 2 1
Drop 5 0 0
Tile:0 6 7 1
Tile:1 2 4 0
Tile:10 7 1 1
Destroy 7 1 0
Tile:14 8 7 1
Tile:8 1 4 0
Malus 0 0 1
Bonus 0 0 0
Tile:5 5 7 1
Tile:9 8 6 0
Destroy 3 4 1
Tile:9 1 5 0
Drop 3 0 1
Tile:5_flip 8 2 0
Tile:8 1 3 1
Tile:6 0 4 0
Tile:7_flip 5 8 1
Tile:0 9 6 0
Tile:8 1 2 1
Tile:9 0 3 0
Drop 3 0 1
Tile:5 3 3 0
Tile:8 3 4 1
Map 12 5 0
Tile:10 1 1 1
Map 12 5 0
Drop 0 0 1
Malus 0 0 0
Drop 0 0 1
GAMEOVER DRAW
# Game ended: Mon Mar 23 07:33:12 EDT 2020
