# Server version 0.08 running on localhost:8125
# Game ID: 12
# Board class: Saboteur.SaboteurBoard
# Timeout: 20000
# First Move Timeout: 30000
# Date: Mon Mar 23 00:14:54 EDT 2020
# Player 1: Player-0, 'MinMaxPlayer', running on localhost
# Player 2: Player-1, 'Human', running on localhost
START Player-0 MinMaxPlayer
START Player-1 Human
BoardInit:Tile:0,Tile:9,Destroy,Tile:0,Tile:5,Tile:6,Tile:11,Bonus,Tile:6,Tile:7,Tile:5,Destroy,Tile:14,Tile:6,Tile:8,Tile:6,Tile:0,Bonus,Tile:8,Tile:8,Tile:1,Tile:15,Tile:9,Tile:10,Map,Tile:13,Bonus,Tile:4,Tile:12,Map,Map,Tile:8,Tile:2,Malus,Tile:7,Map,Tile:0,Tile:5,Tile:3-Tile:9,Malus,Tile:7,Tile:10,Tile:5,Bonus,Tile:8-Tile:7,Tile:9,Tile:10,Tile:6,Tile:9,Tile:7,Destroy-Tile:hidden1,Tile:nugget,Tile:hidden2
Tile:8 6 5 1
Tile:9 5 4 0
Tile:0 7 5 1
Drop 1 0 0
Malus 0 0 1
Drop 2 0 0
Tile:7 8 5 1
Drop 2 0 0
Tile:9 8 6 1
Drop 1 0 0
Tile:6 9 6 1
Destroy 8 6 0
Tile:11 5 3 1
Drop 0 0 0
Drop 6 0 1
Bonus 0 0 0
Tile:8 8 6 1
Tile:6_flip 10 6 0
Tile:0 11 6 1
Destroy 11 6 0
Tile:8 11 6 1
Tile:6_flip 6 4 0
Tile:5 11 5 1
GAMEOVER WINNER 1
# Game ended: Mon Mar 23 00:15:59 EDT 2020
