# Server version 0.08 running on localhost:8125
# Game ID: 83
# Board class: Saboteur.SaboteurBoard
# Timeout: 20000
# First Move Timeout: 30000
# Date: Mon Mar 23 07:33:15 EDT 2020
# Player 1: Player-0, 'RandomPlayer', running on localhost
# Player 2: Player-1, 'MinMaxPlayer', running on localhost
START Player-0 RandomPlayer
START Player-1 MinMaxPlayer
BoardInit:Tile:7,Tile:9,Tile:5,Bonus,Tile:2,Tile:15,Tile:6,Tile:7,Tile:8,Destroy,Tile:7,Tile:12,Tile:6,Tile:14,Tile:9,Malus,Tile:9,Map,Tile:8,Tile:10,Tile:5,Map,Tile:13,Tile:11,Tile:6,Tile:8,Destroy,Tile:4,Bonus,Tile:10,Tile:5,Tile:7,Tile:9,Tile:6,Tile:8,Map,Tile:0,Tile:7,Map-Bonus,Tile:10,Tile:6,Tile:1,Tile:8,Bonus,Tile:0-Destroy,Tile:5,Tile:0,Tile:3,Malus,Tile:0,Tile:9-Tile:hidden1,Tile:nugget,Tile:hidden2
Tile:8 5 6 1
Tile:0 6 6 0
Tile:0 4 5 1
Tile:9 5 4 0
Tile:6_flip 6 4 1
Drop 2 0 0
Tile:5_flip 7 4 1
Tile:5 3 5 0
Tile:6 7 6 1
Tile:9_flip 8 6 0
Tile:2 4 6 1
Tile:15 8 7 0
Drop 2 0 1
Drop 4 0 0
Tile:8 8 5 1
Destroy 4 6 0
Tile:6_flip 4 6 1
Tile:14_flip 7 3 0
Tile:10 5 3 1
Destroy 8 7 0
Tile:7 9 5 1
Tile:10 8 4 0
Tile:7_flip 8 7 1
Drop 0 0 0
Tile:9_flip 8 3 1
Tile:11_flip 9 7 0
Tile:8 4 7 1
Tile:8 8 2 0
Drop 6 0 1
Map 12 7 0
Tile:5_flip 5 7 1
Tile:0 3 7 0
Tile:6 3 6 1
Map 12 7 0
Tile:9 9 6 1
Tile:6_flip 2 6 0
Tile:5_flip 6 5 1
Tile:10 4 8 0
Tile:9 1 6 1
Tile:7_flip 7 2 0
Drop 4 0 1
Tile:4_flip 9 8 0
Tile:13 8 1 1
Malus 0 0 0
Drop 3 0 1
Drop 2 0 0
Bonus 0 0 1
Tile:7 1 5 0
Map 12 7 1
Tile:12 10 6 0
Drop 0 0 1
Drop 0 0 0
Drop 0 0 1
GAMEOVER DRAW
# Game ended: Mon Mar 23 07:33:16 EDT 2020
