# Server version 0.08 running on localhost:8125
# Game ID: 84
# Board class: Saboteur.SaboteurBoard
# Timeout: 20000
# First Move Timeout: 30000
# Date: Mon Mar 23 07:33:17 EDT 2020
# Player 1: Player-0, 'MinMaxPlayer', running on localhost
# Player 2: Player-1, 'RandomPlayer', running on localhost
START Player-0 MinMaxPlayer
START Player-1 RandomPlayer
BoardInit:Tile:8,Tile:0,Map,Destroy,Map,Tile:6,Tile:10,Tile:7,Malus,Map,Tile:9,Tile:10,Tile:8,Tile:8,Tile:7,Tile:7,Tile:7,Tile:13,Tile:0,Tile:6,Destroy,Destroy,Tile:0,Tile:3,Tile:2,Tile:14,Tile:6,Tile:4,Tile:5,Tile:9,Tile:8,Tile:9,Tile:12,Tile:8,Bonus,Tile:0,Bonus,Malus,Tile:5-Tile:11,Bonus,Map,Tile:6,Tile:1,Tile:6,Tile:5-Bonus,Tile:5,Tile:9,Tile:7,Tile:10,Tile:9,Tile:15-Tile:nugget,Tile:hidden1,Tile:hidden2
Tile:6_flip 4 5 1
Tile:9_flip 6 5 0
Tile:8 3 5 1
Tile:9_flip 6 4 0
Tile:5_flip 4 6 1
Destroy 6 5 0
Tile:6 6 5 1
Tile:10 3 4 0
Tile:11_flip 7 5 1
Tile:7_flip 3 6 0
Map 12 7 1
Tile:15 5 6 0
Tile:9 5 7 1
Tile:6_flip 5 4 0
Tile:1 2 5 1
Tile:7_flip 1 5 0
Tile:10 5 8 1
Tile:10 7 4 0
Drop 1 0 1
Map 12 7 0
Malus 0 0 1
Drop 2 0 0
Destroy 3 4 1
Destroy 6 5 0
Tile:8 6 5 1
Drop 5 0 0
Tile:7 6 7 1
Drop 0 0 0
Tile:7 7 3 1
Drop 5 0 0
Tile:5 3 4 1
Drop 0 0 0
Tile:6_flip 1 4 1
Drop 6 0 0
Tile:8 7 6 1
Drop 3 0 0
Tile:0 4 4 1
Drop 3 0 0
Tile:0 0 4 1
Drop 0 0 0
Drop 0 0 1
Drop 1 0 0
Tile:2_flip 8 6 1
Drop 0 0 0
Drop 3 0 1
Drop 2 0 0
Map 12 7 1
Malus 0 0 0
Bonus 0 0 1
Drop 0 0 0
Tile:5_flip 9 6 1
Drop 0 0 0
Tile:12 2 4 1
GAMEOVER DRAW
# Game ended: Mon Mar 23 07:33:17 EDT 2020
