# Server version 0.08 running on 192.168.0.101:8125
# Game ID: 57
# Board class: Saboteur.SaboteurBoard
# Timeout: 20000
# First Move Timeout: 30000
# Date: Mon Mar 23 07:25:35 EDT 2020
# Player 1: Player-0, 'MinMaxPlayer', running on localhost
# Player 2: Player-1, 'MinMaxPlayer', running on localhost
START Player-0 MinMaxPlayer
START Player-1 MinMaxPlayer
BoardInit:Tile:10,Tile:10,Tile:7,Tile:6,Tile:4,Destroy,Tile:8,Tile:9,Malus,Bonus,Map,Tile:12,Tile:9,Tile:0,Bonus,Bonus,Tile:6,Tile:5,Tile:6,Tile:6,Map,Tile:0,Tile:2,Tile:8,Tile:8,Tile:11,Map,Tile:9,Tile:15,Tile:13,Tile:0,Bonus,Tile:8,Tile:9,Tile:8,Destroy,Tile:3,Tile:7,Tile:0-Tile:7,Tile:10,Tile:5,Map,Tile:1,Tile:6,Tile:5-Destroy,Malus,Tile:7,Tile:7,Tile:9,Tile:5,Tile:14-Tile:nugget,Tile:hidden1,Tile:hidden2
Tile:6_flip 6 5 1
Tile:7_flip 5 6 0
Tile:5_flip 7 5 1
Tile:9 7 4 0
Tile:10 7 3 1
Tile:14_flip 4 5 0
Tile:7 5 4 1
Tile:10 4 6 0
Drop 0 0 1
Tile:6 6 6 0
Drop 1 0 1
Drop 0 0 0
Tile:8 7 2 1
Tile:9_flip 7 1 0
Tile:7 8 4 1
Tile:5 7 0 0
Drop 0 0 1
Tile:7_flip 6 1 0
Tile:4 6 0 1
Destroy 7 5 0
Malus 0 0 1
Bonus 0 0 0
Drop 1 0 1
Drop 1 0 0
Tile:9 4 7 1
Tile:6 4 4 0
Drop 3 0 1
Malus 0 0 0
Map 12 5 1
Tile:0 3 4 0
Drop 3 0 1
Tile:8 8 0 0
Map 12 7 1
Drop 6 0 0
Drop 0 0 1
Tile:13 8 2 0
Drop 4 0 1
Tile:5_flip 7 5 0
Drop 0 0 1
Destroy 6 1 0
Drop 2 0 1
Drop 1 0 0
Drop 1 0 1
Tile:9 6 2 0
Drop 3 0 1
Tile:9 8 1 0
Drop 0 0 1
Tile:7_flip 8 3 0
Drop 2 0 1
Tile:11_flip 4 3 0
Drop 0 0 1
Drop 0 0 0
Drop 0 0 1
GAMEOVER DRAW
# Game ended: Mon Mar 23 07:25:36 EDT 2020
