# Server version 0.08 running on localhost:8125
# Game ID: 41
# Board class: Saboteur.SaboteurBoard
# Timeout: 20000
# First Move Timeout: 30000
# Date: Mon Mar 23 07:21:01 EDT 2020
# Player 1: Player-0, 'MinMaxPlayer', running on localhost
# Player 2: Player-1, 'DummyPlayer', running on localhost
START Player-0 MinMaxPlayer
START Player-1 DummyPlayer
BoardInit:Map,Tile:9,Tile:1,Tile:9,Tile:8,Map,Tile:7,Tile:7,Tile:8,Tile:5,Tile:10,Tile:7,Tile:0,Tile:0,Tile:5,Tile:10,Destroy,Bonus,Tile:12,Bonus,Tile:7,Tile:9,Tile:6,Malus,Tile:9,Tile:7,Destroy,Tile:5,Malus,Tile:13,Map,Tile:15,Tile:9,Map,Tile:8,Tile:6,Bonus,Tile:6,Tile:14-Tile:8,Tile:0,Tile:8,Tile:11,Destroy,Tile:10,Tile:4-Tile:6,Tile:2,Bonus,Tile:5,Tile:3,Tile:6,Tile:0-Tile:hidden2,Tile:hidden1,Tile:nugget
Tile:8 5 6 1
Tile:2_flip 4 6 0
Tile:11_flip 5 4 1
Tile:3 6 6 0
Tile:1 4 4 1
Tile:6 6 7 0
Tile:8 7 7 1
Tile:9 7 6 0
Tile:7 8 7 1
Tile:0 8 6 0
Drop 1 0 1
Tile:7 5 3 0
Drop 0 0 1
Tile:5 3 6 0
Tile:8 7 8 1
Tile:9 7 5 0
Tile:5_flip 8 8 1
Tile:5 7 4 0
Drop 5 0 1
Tile:6 9 6 0
Destroy 7 6 1
Tile:0 3 4 0
Tile:12_flip 4 3 1
Drop 5 0 0
Tile:6_flip 9 5 1
Map 12 7 0
Tile:10 3 7 1
Tile:9 7 6 0
Destroy 8 6 1
Tile:7_flip 7 9 0
Tile:7 8 9 1
Tile:10 3 8 0
Tile:9 5 7 1
Tile:5_flip 8 10 0
Tile:9_flip 8 4 1
Tile:13 2 4 0
Tile:8 3 9 1
Tile:6 2 9 0
Tile:8 1 4 1
Tile:7 10 6 0
Tile:14 6 5 1
Tile:6 2 5 0
Tile:4 8 3 1
Drop 3 0 0
Drop 3 0 1
Drop 1 0 0
Tile:10 2 3 1
Drop 2 0 0
Map 12 7 1
Drop 1 0 0
Malus 0 0 1
Bonus 0 0 0
Drop 0 0 1
GAMEOVER DRAW
# Game ended: Mon Mar 23 07:21:01 EDT 2020
