# Server version 0.08 running on localhost:8125
# Game ID: 65
# Board class: Saboteur.SaboteurBoard
# Timeout: 20000
# First Move Timeout: 30000
# Date: Mon Mar 23 07:26:16 EDT 2020
# Player 1: Player-0, 'MinMaxPlayer', running on localhost
# Player 2: Player-1, 'RandomPlayer', running on localhost
START Player-0 MinMaxPlayer
START Player-1 RandomPlayer
BoardInit:Tile:6,Tile:1,Bonus,Tile:0,Tile:8,Tile:5,Tile:12,Tile:9,Tile:0,Tile:11,Map,Tile:15,Bonus,Tile:6,Destroy,Tile:5,Bonus,Tile:5,Tile:7,Tile:6,Map,Destroy,Tile:8,Tile:7,Tile:7,Tile:7,Tile:6,Map,Tile:6,Tile:5,Tile:9,Tile:8,Bonus,Tile:3,Tile:10,Destroy,Tile:13,Tile:14,Tile:8-Tile:2,Malus,Malus,Tile:9,Tile:9,Tile:7,Tile:10-Map,Tile:10,Tile:8,Tile:0,Tile:4,Tile:0,Tile:9-Tile:hidden1,Tile:hidden2,Tile:nugget
Tile:9_flip 6 5 1
Tile:9 6 6 0
Tile:2 4 5 1
Tile:4 6 4 0
Tile:6_flip 7 6 1
Tile:10 5 6 0
Tile:10 4 6 1
Map 12 5 0
Drop 2 0 1
Tile:9 3 5 0
Tile:7_flip 7 7 1
Tile:5_flip 3 6 0
Tile:8 5 7 1
Tile:11 4 7 0
Tile:12_flip 2 6 1
Drop 1 0 0
Drop 6 0 1
Drop 1 0 0
Drop 3 0 1
Tile:6 4 8 0
Tile:7 5 4 1
Tile:5_flip 5 8 0
Map 12 7 1
Destroy 4 5 0
Drop 4 0 1
Drop 2 0 0
Tile:7_flip 3 8 1
Tile:5_flip 6 7 0
Tile:6_flip 4 5 1
Tile:7 3 7 0
Malus 0 0 1
Map 12 3 0
Tile:9_flip 3 4 1
Drop 6 0 0
Malus 0 0 1
Drop 3 0 0
Tile:8 8 6 1
Destroy 6 7 0
Drop 6 0 1
Drop 6 0 0
Drop 2 0 1
Drop 3 0 0
Tile:6 8 7 1
Drop 2 0 0
Drop 3 0 1
Drop 2 0 0
Tile:8 9 7 1
Drop 1 0 0
Drop 2 0 1
Drop 0 0 0
Drop 0 0 1
Drop 0 0 0
Drop 0 0 1
GAMEOVER DRAW
# Game ended: Mon Mar 23 07:26:16 EDT 2020
