# Server version 0.08 running on localhost:8125
# Game ID: 77
# Board class: Saboteur.SaboteurBoard
# Timeout: 20000
# First Move Timeout: 30000
# Date: Mon Mar 23 07:33:05 EDT 2020
# Player 1: Player-0, 'RandomPlayer', running on localhost
# Player 2: Player-1, 'MinMaxPlayer', running on localhost
START Player-0 RandomPlayer
START Player-1 MinMaxPlayer
BoardInit:Bonus,Tile:14,Tile:0,Tile:9,Tile:9,Tile:6,Tile:0,Map,Tile:3,Malus,Tile:5,Bonus,Tile:8,Tile:7,Tile:8,Map,Tile:8,Tile:8,Destroy,Tile:11,Tile:9,Bonus,Tile:6,Tile:9,Tile:0,Tile:7,Tile:6,Tile:12,Destroy,Tile:6,Tile:8,Tile:6,Tile:9,Destroy,Tile:1,Tile:7,Tile:15,Tile:5,Tile:10-Tile:7,Tile:13,Tile:2,Tile:5,Tile:10,Tile:0,Tile:10-Tile:5,Map,Map,Bonus,Malus,Tile:7,Tile:4-Tile:hidden2,Tile:nugget,Tile:hidden1
Tile:0 6 5 1
Map 12 3 0
Tile:7 7 5 1
Tile:7 5 4 0
Tile:13 4 5 1
Tile:9_flip 4 6 0
Tile:10 4 7 1
Tile:6_flip 3 6 0
Tile:5_flip 3 7 1
Tile:4_flip 4 8 0
Tile:9 4 4 1
Malus 0 0 0
Bonus 0 0 1
Drop 6 0 0
Tile:5_flip 7 6 1
Map 12 3 0
Tile:2 6 6 1
Tile:5 2 6 0
Tile:0 3 5 1
Map 12 3 0
Tile:3_flip 2 7 1
Tile:8 4 3 0
Tile:9 5 6 1
Tile:11_flip 6 7 0
Drop 2 0 1
Drop 0 0 0
Destroy 4 7 1
Tile:9 4 7 0
Tile:6 5 3 1
Malus 0 0 0
Destroy 3 5 1
Tile:7 4 2 0
Drop 6 0 1
Tile:6 5 7 0
Drop 3 0 1
Tile:6 6 3 0
Drop 3 0 1
Drop 6 0 0
Drop 6 0 1
Destroy 5 3 0
Drop 2 0 1
Tile:7 7 3 0
Drop 1 0 1
Tile:14 7 4 0
Drop 3 0 1
Tile:12_flip 3 5 0
Drop 0 0 1
Map 12 7 0
Drop 2 0 1
Tile:5 6 2 0
Drop 0 0 1
Drop 0 0 0
Drop 0 0 1
GAMEOVER DRAW
# Game ended: Mon Mar 23 07:33:05 EDT 2020
