# Server version 0.08 running on 192.168.0.101:8125
# Game ID: 52
# Board class: Saboteur.SaboteurBoard
# Timeout: 20000
# First Move Timeout: 30000
# Date: Mon Mar 23 07:25:24 EDT 2020
# Player 1: Player-0, 'MinMaxPlayer', running on localhost
# Player 2: Player-1, 'MinMaxPlayer', running on localhost
START Player-0 MinMaxPlayer
START Player-1 MinMaxPlayer
BoardInit:Tile:1,Tile:5,Tile:0,Tile:6,Tile:6,Tile:15,Tile:3,Tile:7,Map,Tile:5,Malus,Tile:9,Tile:2,Bonus,Tile:10,Malus,Tile:8,Tile:8,Bonus,Tile:7,Destroy,Map,Map,Tile:5,Bonus,Tile:13,Tile:6,Map,Tile:12,Tile:7,Bonus,Tile:7,Destroy,Tile:10,Destroy,Tile:9,Tile:5,Tile:9,Tile:7-Tile:8,Tile:9,Tile:0,Tile:0,Tile:0,Tile:4,Tile:9-Tile:10,Tile:11,Tile:8,Tile:6,Tile:8,Tile:6,Tile:14-Tile:nugget,Tile:hidden1,Tile:hidden2
Tile:9 4 5 1
Tile:14 6 5 0
Tile:9_flip 5 6 1
Tile:8 4 6 0
Tile:0 3 6 1
Tile:11_flip 4 4 0
Tile:6_flip 3 4 1
Tile:10 5 4 0
Tile:4 5 3 1
Tile:15 4 3 0
Tile:8 5 7 1
Drop 5 0 0
Tile:3_flip 5 8 1
Tile:6 6 7 0
Tile:2 6 8 1
Tile:9_flip 6 9 0
Drop 0 0 1
Tile:5_flip 3 5 0
Tile:8 2 6 1
Tile:5 1 6 0
Tile:0 5 9 1
Tile:6 2 4 0
Destroy 5 9 1
Tile:6 4 7 0
Tile:1 3 7 1
Tile:5 6 6 0
Map 12 3 1
Tile:7 4 2 0
Tile:0 5 9 1
Drop 6 0 0
Malus 0 0 1
Bonus 0 0 0
Tile:10 2 3 1
Tile:8 1 4 0
Tile:6 7 7 1
Tile:10 2 2 0
Destroy 5 6 1
Tile:8 2 7 0
Tile:5_flip 6 10 1
Tile:9 6 4 0
Destroy 5 4 1
Tile:7_flip 3 2 0
Tile:7_flip 4 9 1
Tile:13 1 7 0
Drop 0 0 1
Tile:9_flip 2 1 0
Tile:12 7 4 1
Tile:7 4 8 0
Map 12 7 1
Map 12 5 0
Drop 0 0 1
Malus 0 0 0
Drop 0 0 1
GAMEOVER DRAW
# Game ended: Mon Mar 23 07:25:24 EDT 2020
