# Server version 0.08 running on 192.168.0.101:8125
# Game ID: 22
# Board class: Saboteur.SaboteurBoard
# Timeout: 20000
# First Move Timeout: 30000
# Date: Mon Mar 23 07:10:16 EDT 2020
# Player 1: Player-0, 'MinMaxPlayer', running on 192.168.0.101
# Player 2: Player-1, 'Human', running on 192.168.0.101
START Player-0 MinMaxPlayer
START Player-1 Human
BoardInit:Tile:8,Bonus,Tile:6,Destroy,Tile:10,Tile:0,Tile:11,Tile:9,Map,Tile:9,Tile:8,Tile:5,Tile:12,Tile:9,Tile:7,Tile:0,Tile:8,Map,Tile:0,Tile:10,Bonus,Destroy,Tile:13,Tile:1,Tile:14,Tile:7,Tile:10,Tile:7,Tile:4,Map,Map,Tile:7,Tile:9,Malus,Bonus,Tile:5,Destroy,Tile:6,Tile:6-Tile:3,Bonus,Tile:15,Tile:6,Tile:9,Tile:5,Tile:0-Tile:5,Malus,Tile:8,Tile:8,Tile:7,Tile:2,Tile:6-Tile:hidden1,Tile:nugget,Tile:hidden2
Tile:0 6 5 1
Tile:7_flip 4 5 0
Tile:8 7 5 1
Tile:8 7 4 0
Tile:6 8 5 1
Tile:2_flip 9 5 0
Tile:6 7 6 1
Tile:8 5 6 0
Drop 0 0 1
Tile:9 5 4 0
Drop 1 0 1
Drop 1 0 0
Map 12 5 1
Tile:5_flip 5 7 0
Tile:8 8 4 1
Tile:0 6 6 0
Tile:7 9 4 1
Tile:6_flip 8 6 0
Tile:8 8 7 1
Tile:9 4 7 0
Tile:0 9 7 1
Destroy 5 4 0
Drop 3 0 1
Tile:5_flip 8 8 0
Drop 6 0 1
Tile:9 5 4 0
Drop 6 0 1
Tile:0 7 8 0
Drop 4 0 1
Tile:1 10 5 0
Drop 6 0 1
Destroy 7 4 0
Map 12 7 1
Tile:7 11 5 0
Drop 3 0 1
Tile:7 10 7 0
Tile:9 10 8 1
Tile:5 5 3 0
Destroy 9 5 1
Map 12 3 0
Tile:6 11 8 1
Tile:10 8 3 0
Tile:10 11 7 1
Tile:7_flip 6 8 0
Tile:9 11 6 1
Drop 2 0 0
Tile:5_flip 12 6 1
GAMEOVER WINNER 1
# Game ended: Mon Mar 23 07:12:31 EDT 2020
