# Server version 0.08 running on localhost:8125
# Game ID: 75
# Board class: Saboteur.SaboteurBoard
# Timeout: 20000
# First Move Timeout: 30000
# Date: Mon Mar 23 07:32:39 EDT 2020
# Player 1: Player-0, 'MinMaxPlayer', running on localhost
# Player 2: Player-1, 'RandomPlayer', running on localhost
START Player-0 MinMaxPlayer
START Player-1 RandomPlayer
BoardInit:Tile:5,Map,Tile:10,Tile:5,Tile:6,Tile:2,Bonus,Tile:0,Destroy,Tile:7,Tile:7,Tile:9,Tile:3,Tile:7,Tile:0,Tile:0,Tile:13,Tile:7,Tile:6,Tile:7,Destroy,Tile:9,Tile:8,Map,Tile:5,Tile:1,Map,Tile:6,Tile:8,Tile:11,Malus,Tile:9,Tile:12,Tile:0,Tile:8,Tile:9,Bonus,Map,Tile:9-Tile:8,Bonus,Malus,Tile:5,Tile:14,Tile:10,Tile:10-Tile:6,Destroy,Tile:4,Tile:15,Bonus,Tile:6,Tile:8-Tile:nugget,Tile:hidden2,Tile:hidden1
Malus 0 0 1
Drop 3 0 0
Tile:5_flip 5 6 1
Drop 1 0 0
Tile:5_flip 6 5 1
Map 12 5 0
Tile:6_flip 5 4 1
Drop 3 0 0
Drop 3 0 1
Drop 5 0 0
Tile:14_flip 4 5 1
Bonus 0 0 0
Drop 0 0 1
Tile:7_flip 4 6 0
Tile:3_flip 4 4 1
Tile:6_flip 6 4 0
Drop 1 0 1
Drop 1 0 0
Destroy 6 4 1
Tile:5 4 3 0
Tile:7 6 4 1
Drop 6 0 0
Destroy 6 4 1
Tile:9_flip 6 4 0
Tile:0 5 3 1
Drop 3 0 0
Drop 0 0 1
Tile:7 6 3 0
Drop 4 0 1
Drop 4 0 0
Map 12 3 1
Drop 0 0 0
Drop 4 0 1
Drop 6 0 0
Drop 0 0 1
Drop 3 0 0
Drop 4 0 1
Drop 3 0 0
Drop 6 0 1
Map 12 5 0
Drop 2 0 1
Drop 3 0 0
Drop 1 0 1
Drop 2 0 0
Drop 3 0 1
Drop 2 0 0
Drop 0 0 1
Drop 1 0 0
Drop 2 0 1
Drop 0 0 0
Drop 0 0 1
Drop 0 0 0
Drop 0 0 1
GAMEOVER DRAW
# Game ended: Mon Mar 23 07:32:40 EDT 2020
