# Server version 0.08 running on localhost:8125
# Game ID: 126
# Board class: Saboteur.SaboteurBoard
# Timeout: 20000
# First Move Timeout: 30000
# Date: Mon Mar 23 08:06:58 EDT 2020
# Player 1: Player-0, 'AlphaBetaPlayer', running on localhost
# Player 2: Player-1, 'RandomPlayer', running on localhost
START Player-0 AlphaBetaPlayer
START Player-1 RandomPlayer
BoardInit:Tile:7,Tile:6,Tile:10,Tile:8,Tile:9,Tile:5,Map,Tile:10,Tile:6,Bonus,Tile:1,Tile:0,Tile:6,Tile:12,Tile:9,Bonus,Malus,Tile:7,Tile:5,Map,Tile:10,Tile:4,Tile:8,Tile:5,Tile:2,Tile:0,Tile:9,Tile:0,Tile:9,Destroy,Tile:8,Bonus,Tile:6,Tile:3,Tile:14,Tile:6,Tile:9,Tile:13,Destroy-Map,Tile:7,Malus,Tile:7,Tile:8,Destroy,Map-Bonus,Tile:5,Tile:8,Tile:15,Tile:7,Tile:0,Tile:11-Tile:nugget,Tile:hidden2,Tile:hidden1
Map 12 7 1
Tile:5 4 5 0
Drop 1 0 1
Tile:11_flip 5 6 0
Map 12 7 1
Drop 4 0 0
Drop 4 0 1
Drop 2 0 0
Tile:8 5 4 1
Tile:6 5 7 0
Tile:9 5 3 1
Tile:8 6 7 0
Tile:6 6 3 1
Tile:8 4 7 0
Map 12 7 1
Tile:5 5 2 0
Drop 4 0 1
Drop 0 0 0
Tile:9 4 6 1
Tile:0 4 4 0
Tile:7 6 5 1
Tile:7 6 2 0
Tile:6_flip 7 7 1
Tile:10 6 6 0
Destroy 6 3 1
Drop 4 0 0
Tile:10 7 8 1
Tile:5_flip 4 8 0
Tile:7_flip 3 4 1
Tile:0 3 8 0
Malus 0 0 1
Destroy 6 5 0
Tile:5_flip 6 3 1
Bonus 0 0 0
Tile:2_flip 8 7 1
Tile:0 3 7 0
Tile:14_flip 2 7 1
Tile:6 9 7 0
Tile:9 9 6 1
Tile:13 6 5 0
Destroy 5 6 1
Tile:7 9 5 0
Tile:8 7 5 1
Tile:3_flip 7 6 0
Tile:9_flip 3 3 1
Drop 2 0 0
Tile:6_flip 10 6 1
Drop 0 0 0
Tile:8 2 8 1
Drop 0 0 0
Tile:9_flip 2 9 1
Drop 0 0 0
Drop 0 0 1
GAMEOVER DRAW
# Game ended: Mon Mar 23 08:06:58 EDT 2020
