# Server version 0.08 running on localhost:8125
# Game ID: 117
# Board class: Saboteur.SaboteurBoard
# Timeout: 20000
# First Move Timeout: 30000
# Date: Mon Mar 23 08:06:42 EDT 2020
# Player 1: Player-0, 'RandomPlayer', running on localhost
# Player 2: Player-1, 'AlphaBetaPlayer', running on localhost
START Player-0 RandomPlayer
START Player-1 AlphaBetaPlayer
BoardInit:Tile:4,Tile:7,Tile:5,Map,Malus,Tile:6,Destroy,Tile:14,Tile:2,Tile:10,Tile:7,Tile:9,Tile:8,Bonus,Tile:8,Tile:9,Tile:11,Tile:7,Bonus,Tile:10,Tile:0,Tile:7,Tile:6,Tile:13,Tile:9,Tile:9,Tile:12,Malus,Tile:15,Tile:9,Tile:0,Tile:8,Tile:5,Tile:6,Tile:10,Tile:0,Tile:5,Destroy,Map-Tile:8,Tile:6,Tile:8,Tile:5,Tile:6,Map,Bonus-Bonus,Destroy,Tile:7,Map,Tile:3,Tile:0,Tile:1-Tile:nugget,Tile:hidden1,Tile:hidden2
Tile:6_flip 6 5 1
Drop 2 0 0
Tile:6 5 6 1
Tile:3_flip 4 6 0
Tile:5_flip 6 6 1
Map 12 3 0
Tile:5 5 4 1
Tile:0 6 4 0
Tile:8 7 4 1
Destroy 5 6 0
Destroy 4 6 1
Tile:7 8 4 0
Drop 6 0 1
Tile:6 5 6 0
Tile:2 4 6 1
Map 12 7 0
Map 12 7 1
Tile:9 7 3 0
Tile:8 7 5 1
Tile:14 8 5 0
Tile:4_flip 7 6 1
Tile:7_flip 4 5 0
Drop 5 0 1
Tile:7_flip 3 6 0
Tile:6 4 7 1
Tile:10 3 5 0
Tile:0 8 3 1
Tile:10 4 4 0
Tile:11_flip 4 3 1
Tile:1 9 3 0
Tile:15 4 2 1
Tile:9_flip 3 4 0
Malus 0 0 1
Bonus 0 0 0
Tile:0 3 7 1
Tile:6_flip 3 3 0
Tile:8 4 1 1
Tile:0 2 3 0
Tile:5 7 2 1
Destroy 3 6 0
Tile:10 4 0 1
Tile:9_flip 10 3 0
Tile:9_flip 10 4 1
Drop 4 0 0
Tile:12_flip 9 4 1
Tile:13 3 1 0
Tile:8 10 2 1
Tile:9_flip 3 0 0
Tile:5 2 0 1
Drop 1 0 0
Map 12 7 1
Drop 0 0 0
Drop 0 0 1
GAMEOVER DRAW
# Game ended: Mon Mar 23 08:06:42 EDT 2020
