# Server version 0.08 running on localhost:8125
# Game ID: 101
# Board class: Saboteur.SaboteurBoard
# Timeout: 20000
# First Move Timeout: 30000
# Date: Mon Mar 23 07:37:04 EDT 2020
# Player 1: Player-0, 'RandomPlayer', running on localhost
# Player 2: Player-1, 'MinMaxPlayer', running on localhost
START Player-0 RandomPlayer
START Player-1 MinMaxPlayer
BoardInit:Map,Map,Map,Tile:6,Tile:9,Tile:7,Tile:7,Tile:15,Tile:0,Tile:9,Tile:6,Map,Tile:8,Bonus,Bonus,Bonus,Tile:6,Tile:0,Tile:10,Bonus,Tile:10,Tile:0,Destroy,Malus,Tile:8,Tile:9,Tile:9,Tile:8,Tile:12,Destroy,Tile:5,Tile:8,Tile:11,Tile:6,Tile:6,Tile:0,Tile:2,Tile:3,Tile:7-Tile:13,Tile:4,Tile:14,Tile:9,Tile:5,Destroy,Tile:1-Tile:8,Tile:10,Tile:5,Malus,Tile:7,Tile:5,Tile:7-Tile:hidden1,Tile:hidden2,Tile:nugget
Tile:13 5 6 1
Tile:7_flip 4 6 0
Tile:5 4 5 1
Tile:8 6 5 0
Tile:9 6 4 1
Drop 1 0 0
Map 12 5 1
Tile:7 5 4 0
Tile:7 6 3 1
Tile:6 5 3 0
Tile:0 7 5 1
Tile:7 5 2 0
Tile:1 4 3 1
Tile:9_flip 5 7 0
Tile:4_flip 5 8 1
Tile:5 4 7 0
Tile:6 3 3 1
Map 12 7 0
Tile:6 7 4 1
Tile:0 4 2 0
Tile:8 3 2 1
Tile:15 7 3 0
Destroy 4 3 1
Drop 5 0 0
Tile:9_flip 6 6 1
Tile:0 4 3 0
Tile:14 4 8 1
Tile:9_flip 3 1 0
Tile:10 3 0 1
Drop 6 0 0
Destroy 7 3 1
Destroy 3 3 0
Tile:9 3 8 1
Tile:10 3 7 0
Tile:11 6 7 1
Drop 4 0 0
Tile:12_flip 4 4 1
Tile:6 3 3 0
Drop 6 0 1
Tile:8 2 3 0
Tile:7_flip 1 3 1
Drop 0 0 0
Tile:10 6 8 1
Tile:0 2 1 0
Drop 3 0 1
Tile:3_flip 1 1 0
Tile:6_flip 2 2 1
Drop 1 0 0
Map 12 5 1
Drop 0 0 0
Tile:8 1 0 1
Drop 0 0 0
Drop 0 0 1
GAMEOVER DRAW
# Game ended: Mon Mar 23 07:37:05 EDT 2020
