# Server version 0.08 running on localhost:8125
# Game ID: 99
# Board class: Saboteur.SaboteurBoard
# Timeout: 20000
# First Move Timeout: 30000
# Date: Mon Mar 23 07:37:00 EDT 2020
# Player 1: Player-0, 'RandomPlayer', running on localhost
# Player 2: Player-1, 'MinMaxPlayer', running on localhost
START Player-0 RandomPlayer
START Player-1 MinMaxPlayer
BoardInit:Tile:6,Tile:0,Tile:0,Tile:0,Map,Tile:7,Tile:0,Tile:3,Tile:8,Tile:9,Tile:10,Tile:4,Tile:8,Tile:7,Tile:9,Bonus,Tile:6,Tile:10,Bonus,Map,Tile:7,Destroy,Tile:7,Tile:5,Tile:15,Tile:9,Tile:6,Tile:5,Tile:12,Tile:1,Tile:13,Tile:2,Malus,Tile:14,Tile:11,Tile:10,Destroy,Destroy,Tile:9-Tile:6,Malus,Tile:6,Map,Tile:9,Tile:7,Map-Tile:8,Tile:5,Tile:8,Bonus,Tile:5,Bonus,Tile:8-Tile:nugget,Tile:hidden1,Tile:hidden2
Tile:9 5 4 1
Tile:5_flip 6 5 0
Tile:6_flip 6 4 1
Tile:8 5 6 0
Tile:6_flip 6 6 1
Tile:5_flip 7 4 0
Map 12 7 1
Drop 2 0 0
Drop 2 0 1
Tile:3 7 6 0
Malus 0 0 1
Bonus 0 0 0
Drop 0 0 1
Tile:9_flip 7 3 0
Map 12 5 1
Tile:8 4 5 0
Tile:6 4 6 1
Tile:4 4 4 0
Tile:0 3 6 1
Drop 5 0 0
Tile:8 5 7 1
Tile:0 6 3 0
Tile:6 7 7 1
Destroy 4 5 0
Tile:8 5 3 1
Tile:0 4 3 0
Tile:7 8 7 1
Tile:9_flip 5 2 0
Tile:0 4 2 1
Drop 4 0 0
Tile:10 5 1 1
Tile:1 4 7 0
Tile:7 7 2 1
Tile:7_flip 8 8 0
Tile:6_flip 3 3 1
Tile:14_flip 2 3 0
Tile:9 4 5 1
Tile:7_flip 6 2 0
Destroy 5 1 1
Drop 4 0 0
Tile:15 5 1 1
Drop 1 0 0
Tile:9_flip 5 8 1
Destroy 3 6 0
Drop 3 0 1
Drop 2 0 0
Tile:11_flip 3 4 1
Tile:10 3 5 0
Tile:13 3 6 1
Tile:8 3 7 0
Tile:12 9 8 1
Tile:5 4 8 0
Drop 0 0 1
GAMEOVER DRAW
# Game ended: Mon Mar 23 07:37:01 EDT 2020
