# Server version 0.08 running on localhost:8125
# Game ID: 74
# Board class: Saboteur.SaboteurBoard
# Timeout: 20000
# First Move Timeout: 30000
# Date: Mon Mar 23 07:32:37 EDT 2020
# Player 1: Player-0, 'RandomPlayer', running on localhost
# Player 2: Player-1, 'MinMaxPlayer', running on localhost
START Player-0 RandomPlayer
START Player-1 MinMaxPlayer
BoardInit:Malus,Tile:6,Tile:8,Bonus,Tile:11,Tile:8,Bonus,Map,Map,Tile:7,Tile:10,Tile:3,Tile:9,Tile:0,Tile:14,Tile:8,Tile:6,Tile:1,Tile:2,Tile:7,Map,Destroy,Tile:6,Tile:7,Tile:9,Tile:5,Tile:9,Tile:12,Destroy,Tile:9,Tile:0,Tile:0,Tile:4,Tile:8,Tile:6,Tile:15,Tile:5,Tile:5,Tile:13-Tile:5,Bonus,Tile:10,Tile:7,Tile:10,Tile:6,Tile:7-Map,Malus,Bonus,Tile:8,Tile:9,Destroy,Tile:0-Tile:hidden1,Tile:hidden2,Tile:nugget
Tile:5 4 5 1
Tile:8 4 6 0
Drop 1 0 1
Tile:6 5 6 0
Tile:7 6 6 1
Tile:0 3 6 0
Drop 2 0 1
Tile:8 2 6 0
Malus 0 0 1
Map 12 5 0
Tile:10 2 5 1
Destroy 3 6 0
Drop 4 0 1
Drop 5 0 0
Tile:8 6 7 1
Drop 2 0 0
Tile:9 6 8 1
Drop 0 0 0
Drop 0 0 1
Drop 5 0 0
Tile:6 6 5 1
Drop 1 0 0
Tile:2 5 7 1
Destroy 4 6 0
Drop 4 0 1
Drop 5 0 0
Tile:7 2 4 1
Map 12 5 0
Tile:9 5 4 1
Drop 6 0 0
Tile:6 7 8 1
Drop 1 0 0
Map 12 3 1
Drop 4 0 0
Tile:9_flip 2 7 1
Drop 0 0 0
Tile:11_flip 6 9 1
Drop 3 0 0
Destroy 2 7 1
Drop 6 0 0
Tile:5 5 3 1
Drop 3 0 0
Tile:0 7 5 1
Drop 2 0 0
Tile:6_flip 6 3 1
Drop 2 0 0
Map 12 7 1
Drop 1 0 0
Tile:13 6 4 1
Drop 0 0 0
Tile:10 5 8 1
Drop 0 0 0
Tile:4_flip 2 7 1
GAMEOVER DRAW
# Game ended: Mon Mar 23 07:32:38 EDT 2020
