# Server version 0.08 running on localhost:8125
# Game ID: 87
# Board class: Saboteur.SaboteurBoard
# Timeout: 20000
# First Move Timeout: 30000
# Date: Mon Mar 23 07:35:02 EDT 2020
# Player 1: Player-0, 'RandomPlayer', running on localhost
# Player 2: Player-1, 'MinMaxPlayer', running on localhost
START Player-0 RandomPlayer
START Player-1 MinMaxPlayer
BoardInit:Map,Tile:0,Tile:7,Tile:6,Tile:10,Tile:9,Tile:12,Malus,Tile:10,Tile:0,Tile:3,Tile:8,Tile:9,Destroy,Tile:7,Tile:5,Destroy,Tile:1,Map,Tile:9,Tile:6,Tile:7,Tile:9,Bonus,Map,Tile:8,Tile:15,Tile:5,Tile:8,Map,Tile:5,Tile:9,Tile:11,Tile:7,Tile:13,Tile:6,Bonus,Tile:0,Tile:5-Tile:2,Tile:8,Destroy,Bonus,Malus,Tile:10,Tile:0-Tile:6,Tile:7,Tile:8,Tile:4,Tile:6,Tile:14,Bonus-Tile:hidden2,Tile:hidden1,Tile:nugget
Tile:8 6 5 1
Tile:6 4 5 0
Tile:2 3 5 1
Tile:8 7 5 0
Tile:7_flip 5 6 1
Drop 3 0 0
Destroy 4 5 1
Tile:9 2 5 0
Tile:12 8 5 1
Tile:6 4 5 0
Tile:10 4 4 1
Drop 1 0 0
Tile:10 2 6 1
Tile:7 4 3 0
Drop 5 0 1
Destroy 3 5 0
Tile:9_flip 6 6 1
Tile:0 3 5 0
Tile:10 2 7 1
Tile:8 2 4 0
Malus 0 0 1
Drop 4 0 0
Tile:6_flip 2 3 1
Drop 5 0 0
Tile:9_flip 6 7 1
Drop 4 0 0
Tile:7_flip 7 6 1
Drop 3 0 0
Tile:0 3 3 1
Drop 4 0 0
Destroy 6 6 1
Bonus 0 0 0
Tile:8 7 4 1
Tile:8 6 4 0
Tile:5 5 4 1
Tile:9 1 3 0
Tile:11_flip 6 6 1
Tile:6 6 8 0
Drop 6 0 1
Tile:7_flip 1 4 0
Tile:13 6 3 1
Tile:7 7 3 0
Tile:5_flip 8 4 1
Tile:5 8 3 0
Tile:15 1 2 1
Drop 2 0 0
Map 12 5 1
Tile:0 7 8 0
Drop 2 0 1
Map 12 5 0
Map 12 7 1
Malus 0 0 0
Drop 0 0 1
GAMEOVER DRAW
# Game ended: Mon Mar 23 07:35:03 EDT 2020
