# Server version 0.08 running on localhost:8125
# Game ID: 97
# Board class: Saboteur.SaboteurBoard
# Timeout: 20000
# First Move Timeout: 30000
# Date: Mon Mar 23 07:36:57 EDT 2020
# Player 1: Player-0, 'RandomPlayer', running on localhost
# Player 2: Player-1, 'MinMaxPlayer', running on localhost
START Player-0 RandomPlayer
START Player-1 MinMaxPlayer
BoardInit:Tile:14,Map,Tile:8,Tile:1,Tile:5,Tile:9,Tile:6,Tile:6,Tile:9,Tile:12,Tile:15,Map,Tile:5,Tile:7,Destroy,Bonus,Tile:9,Tile:0,Bonus,Map,Tile:10,Tile:6,Tile:9,Destroy,Tile:11,Tile:8,Tile:10,Tile:8,Tile:6,Tile:0,Map,Malus,Tile:8,Tile:10,Destroy,Tile:7,Tile:7,Tile:2,Tile:7-Tile:0,Tile:13,Tile:3,Tile:8,Tile:5,Tile:7,Bonus-Tile:6,Tile:0,Tile:9,Malus,Tile:4,Bonus,Tile:5-Tile:hidden1,Tile:hidden2,Tile:nugget
Tile:0 4 5 1
Drop 3 0 0
Tile:7 6 5 1
Tile:6 3 5 0
Tile:8 6 6 1
Map 12 5 0
Tile:8 2 5 1
Drop 2 0 0
Tile:5_flip 7 6 1
Tile:6 6 7 0
Tile:3 7 7 1
Tile:5 7 5 0
Drop 6 0 1
Tile:9_flip 7 8 0
Tile:6 8 5 1
Map 12 7 0
Tile:14_flip 5 7 1
Tile:1 6 8 0
Destroy 6 5 1
Drop 5 0 0
Drop 6 0 1
Tile:9_flip 7 9 0
Tile:13 7 10 1
Tile:0 8 10 0
Tile:9 5 8 1
Tile:7_flip 5 6 0
Tile:9_flip 8 4 1
Map 12 3 0
Tile:5 5 4 1
Destroy 7 6 0
Tile:9 6 10 1
Tile:12 6 4 0
Tile:10 6 11 1
Tile:8 2 4 0
Tile:10 2 6 1
Tile:10 2 3 0
Tile:5_flip 9 10 1
Tile:7_flip 2 7 0
Tile:7_flip 7 4 1
Tile:8 3 4 0
Tile:11_flip 9 9 1
Tile:2 9 8 0
Tile:7_flip 6 12 1
Tile:6_flip 1 4 0
Tile:6 10 8 1
Drop 2 0 0
Destroy 6 7 1
Tile:0 11 8 0
Drop 2 0 1
Drop 1 0 0
Map 12 7 1
Drop 0 0 0
Drop 0 0 1
GAMEOVER DRAW
# Game ended: Mon Mar 23 07:36:57 EDT 2020
