# Server version 0.08 running on localhost:8125
# Game ID: 95
# Board class: Saboteur.SaboteurBoard
# Timeout: 20000
# First Move Timeout: 30000
# Date: Mon Mar 23 07:35:15 EDT 2020
# Player 1: Player-0, 'RandomPlayer', running on localhost
# Player 2: Player-1, 'MinMaxPlayer', running on localhost
START Player-0 RandomPlayer
START Player-1 MinMaxPlayer
BoardInit:Tile:11,Tile:10,Tile:8,Tile:0,Tile:8,Tile:8,Destroy,Tile:7,Map,Tile:10,Tile:9,Tile:15,Tile:8,Tile:4,Tile:6,Destroy,Tile:9,Tile:10,Malus,Tile:5,Tile:12,Tile:7,Destroy,Tile:1,Tile:13,Tile:7,Tile:5,Tile:6,Tile:9,Map,Bonus,Tile:0,Tile:6,Tile:6,Tile:5,Tile:0,Tile:9,Tile:14,Map-Bonus,Tile:7,Tile:8,Tile:6,Malus,Bonus,Tile:2-Tile:0,Tile:3,Tile:5,Bonus,Tile:7,Map,Tile:9-Tile:nugget,Tile:hidden2,Tile:hidden1
Drop 3 0 1
Tile:7 5 4 0
Drop 1 0 1
Tile:9_flip 6 5 0
Tile:2 4 4 1
Tile:5 6 4 0
Drop 2 0 1
Tile:3_flip 5 6 0
Tile:11_flip 6 6 1
Tile:0 3 4 0
Tile:8 7 4 1
Drop 1 0 0
Drop 4 0 1
Tile:8 4 5 0
Drop 1 0 1
Tile:7_flip 7 5 0
Tile:8 8 5 1
Destroy 4 5 0
Tile:8 8 6 1
Tile:10 7 3 0
Tile:9 6 7 1
Tile:5_flip 6 8 0
Tile:8 9 6 1
Drop 5 0 0
Destroy 7 3 1
Tile:7 8 4 0
Drop 3 0 1
Tile:7 10 6 0
Tile:6_flip 2 4 1
Tile:10 9 7 0
Tile:9_flip 2 5 1
Tile:4_flip 10 7 0
Map 12 5 1
Tile:6 9 8 0
Tile:6 5 8 1
Drop 5 0 0
Tile:5_flip 8 7 1
Tile:0 7 7 0
Tile:9 4 8 1
Tile:6_flip 4 7 0
Tile:13 7 3 1
Drop 1 0 0
Tile:12_flip 3 7 1
Tile:1 8 8 0
Tile:5 7 8 1
Tile:14_flip 7 2 0
Map 12 3 1
Tile:0 8 3 0
Malus 0 0 1
Map 12 5 0
Drop 0 0 1
Bonus 0 0 0
Drop 0 0 1
GAMEOVER DRAW
# Game ended: Mon Mar 23 07:35:16 EDT 2020
