# Server version 0.08 running on localhost:8125
# Game ID: 120
# Board class: Saboteur.SaboteurBoard
# Timeout: 20000
# First Move Timeout: 30000
# Date: Mon Mar 23 08:06:47 EDT 2020
# Player 1: Player-0, 'AlphaBetaPlayer', running on localhost
# Player 2: Player-1, 'RandomPlayer', running on localhost
START Player-0 AlphaBetaPlayer
START Player-1 RandomPlayer
BoardInit:Tile:6,Map,Destroy,Tile:6,Tile:6,Tile:6,Tile:10,Tile:0,Tile:9,Destroy,Tile:8,Tile:9,Tile:4,Tile:7,Malus,Map,Tile:13,Tile:0,Map,Tile:0,Tile:8,Tile:15,Tile:14,Tile:9,Tile:5,Tile:7,Tile:3,Tile:0,Tile:12,Malus,Bonus,Tile:10,Tile:8,Tile:6,Tile:8,Tile:7,Tile:7,Tile:2,Tile:10-Tile:5,Tile:8,Bonus,Tile:1,Destroy,Tile:9,Tile:9-Tile:11,Tile:5,Bonus,Tile:7,Tile:5,Bonus,Map-Tile:hidden2,Tile:hidden1,Tile:nugget
Tile:5 4 5 1
Tile:11 5 4 0
Tile:9_flip 5 3 1
Tile:5_flip 6 5 0
Tile:9_flip 4 6 1
Tile:7 6 4 0
Tile:6_flip 4 3 1
Tile:6_flip 5 2 0
Tile:10 5 6 1
Map 12 3 0
Drop 3 0 1
Tile:6_flip 3 3 0
Tile:8 5 7 1
Tile:9 3 4 0
Tile:8 4 7 1
Tile:5_flip 4 8 0
Tile:9 2 3 1
Destroy 4 8 0
Tile:4_flip 2 4 1
Map 12 7 0
Map 12 3 1
Tile:7_flip 5 8 0
Destroy 4 7 1
Drop 5 0 0
Tile:14 6 7 1
Tile:9 3 6 0
Tile:6_flip 6 2 1
Tile:15 3 7 0
Tile:5_flip 4 4 1
Tile:0 4 2 0
Tile:1 7 2 1
Tile:0 6 8 0
Tile:12 8 2 1
Tile:10 3 5 0
Drop 3 0 1
Drop 2 0 0
Tile:8 7 8 1
Tile:6 3 8 0
Tile:7_flip 6 3 1
Tile:7 4 8 0
Tile:3_flip 4 7 1
Malus 0 0 0
Malus 0 0 1
Bonus 0 0 0
Drop 3 0 1
Drop 2 0 0
Drop 2 0 1
Tile:0 3 2 0
Bonus 0 0 1
Tile:2_flip 7 9 0
Tile:13 2 2 1
Drop 0 0 0
Tile:10 2 1 1
GAMEOVER DRAW
# Game ended: Mon Mar 23 08:06:48 EDT 2020
