# Server version 0.08 running on localhost:8125
# Game ID: 36
# Board class: Saboteur.SaboteurBoard
# Timeout: 20000
# First Move Timeout: 30000
# Date: Mon Mar 23 07:16:46 EDT 2020
# Player 1: Player-0, 'DummyPlayer', running on localhost
# Player 2: Player-1, 'MinMaxPlayer', running on localhost
START Player-0 DummyPlayer
START Player-1 MinMaxPlayer
BoardInit:Tile:9,Tile:5,Tile:9,Tile:7,Malus,Tile:0,Bonus,Tile:9,Tile:8,Tile:8,Tile:7,Tile:8,Tile:6,Destroy,Tile:7,Tile:10,Bonus,Tile:0,Tile:11,Map,Tile:6,Tile:6,Tile:7,Tile:4,Tile:3,Tile:5,Tile:7,Tile:5,Tile:0,Destroy,Tile:14,Tile:10,Tile:1,Tile:8,Bonus,Destroy,Tile:10,Tile:9,Malus-Bonus,Tile:2,Tile:15,Tile:8,Tile:5,Tile:13,Tile:6-Map,Tile:0,Tile:9,Map,Tile:6,Tile:12,Map-Tile:hidden2,Tile:nugget,Tile:hidden1
Tile:13 4 5 1
Tile:12 6 5 0
Drop 1 0 1
Tile:9_flip 4 6 0
Tile:9 5 6 1
Tile:7_flip 3 6 0
Tile:6_flip 4 4 1
Tile:0 6 6 0
Tile:5 3 4 1
Tile:6_flip 7 6 0
Drop 0 0 1
Tile:9 5 7 0
Tile:7 6 7 1
Tile:5_flip 8 6 0
Tile:8 6 8 1
Tile:8 5 4 0
Tile:8 8 5 1
Destroy 6 6 0
Tile:7 5 3 1
Tile:8 3 5 0
Tile:6 5 8 1
Tile:10 7 7 0
Tile:11_flip 6 9 1
Tile:6 2 5 0
Tile:7_flip 4 3 1
Map 12 7 0
Tile:15 2 4 1
Tile:5_flip 7 8 0
Tile:3_flip 1 5 1
Tile:5_flip 6 10 0
Tile:9 2 3 1
Drop 1 0 0
Malus 0 0 1
Map 12 7 0
Tile:0 6 4 1
Destroy 7 6 0
Tile:6_flip 4 2 1
Destroy 5 4 0
Tile:14_flip 7 6 1
Map 12 5 0
Tile:7_flip 5 10 1
Drop 3 0 0
Drop 4 0 1
Drop 2 0 0
Drop 3 0 1
Drop 2 0 0
Tile:1 4 8 1
Drop 1 0 0
Malus 0 0 1
Drop 0 0 0
Drop 0 0 1
Drop 0 0 0
Drop 0 0 1
GAMEOVER DRAW
# Game ended: Mon Mar 23 07:16:46 EDT 2020
