# Server version 0.08 running on 192.168.0.101:8125
# Game ID: 59
# Board class: Saboteur.SaboteurBoard
# Timeout: 20000
# First Move Timeout: 30000
# Date: Mon Mar 23 07:25:40 EDT 2020
# Player 1: Player-0, 'MinMaxPlayer', running on localhost
# Player 2: Player-1, 'MinMaxPlayer', running on localhost
START Player-0 MinMaxPlayer
START Player-1 MinMaxPlayer
BoardInit:Map,Tile:15,Tile:9,Tile:8,Tile:2,Tile:5,Malus,Map,Destroy,Bonus,Tile:6,Tile:10,Tile:11,Tile:6,Tile:8,Tile:7,Tile:0,Tile:6,Map,Tile:8,Tile:7,Destroy,Tile:9,Bonus,Tile:5,Destroy,Tile:9,Tile:0,Malus,Map,Tile:7,Tile:12,Tile:1,Tile:0,Tile:7,Tile:4,Bonus,Tile:7,Tile:5-Bonus,Tile:13,Tile:10,Tile:10,Tile:8,Tile:5,Tile:9-Tile:6,Tile:6,Tile:8,Tile:3,Tile:0,Tile:9,Tile:14-Tile:hidden2,Tile:hidden1,Tile:nugget
Tile:13 5 6 1
Tile:6_flip 4 5 0
Tile:5_flip 6 6 1
Drop 5 0 0
Map 12 3 1
Tile:8 3 5 0
Tile:10 3 6 1
Tile:6_flip 5 4 0
Tile:2_flip 5 7 1
Tile:8 6 4 0
Destroy 6 6 1
Tile:3_flip 4 6 0
Tile:9_flip 6 5 1
Tile:5 3 4 0
Tile:9_flip 3 7 1
Drop 5 0 0
Tile:11 2 5 1
Tile:6_flip 2 7 0
Tile:8 6 3 1
Drop 0 0 0
Map 12 3 1
Drop 3 0 0
Tile:6_flip 7 3 1
Tile:7 6 7 0
Tile:9_flip 7 4 1
Drop 3 0 0
Tile:10 2 4 1
Tile:15 3 8 0
Tile:7 6 2 1
Destroy 5 7 0
Tile:9_flip 3 9 1
Drop 3 0 0
Tile:5_flip 2 8 1
Tile:8 3 10 0
Tile:7_flip 1 8 1
Destroy 5 6 0
Tile:8 4 10 1
Tile:12_flip 5 2 0
Tile:7_flip 5 7 1
Tile:7_flip 7 5 0
Tile:1 5 10 1
Tile:0 2 9 0
Tile:0 6 10 1
Tile:9_flip 4 11 0
Malus 0 0 1
Drop 2 0 0
Drop 2 0 1
Map 12 5 0
Tile:5_flip 4 12 1
Drop 0 0 0
Malus 0 0 1
Drop 0 0 0
Drop 0 0 1
GAMEOVER DRAW
# Game ended: Mon Mar 23 07:25:40 EDT 2020
