# Server version 0.08 running on localhost:8125
# Game ID: 82
# Board class: Saboteur.SaboteurBoard
# Timeout: 20000
# First Move Timeout: 30000
# Date: Mon Mar 23 07:33:13 EDT 2020
# Player 1: Player-0, 'MinMaxPlayer', running on localhost
# Player 2: Player-1, 'RandomPlayer', running on localhost
START Player-0 MinMaxPlayer
START Player-1 RandomPlayer
BoardInit:Tile:9,Tile:9,Tile:4,Tile:6,Tile:8,Map,Malus,Map,Tile:10,Tile:8,Tile:6,Tile:11,Destroy,Tile:6,Tile:7,Tile:9,Tile:10,Tile:7,Tile:3,Map,Destroy,Malus,Tile:14,Tile:8,Bonus,Destroy,Tile:5,Tile:5,Tile:8,Tile:7,Map,Tile:6,Tile:7,Tile:0,Tile:5,Bonus,Tile:8,Bonus,Tile:10-Tile:9,Tile:0,Tile:12,Tile:0,Tile:6,Bonus,Tile:5-Tile:7,Tile:9,Tile:13,Tile:1,Tile:0,Tile:15,Tile:2-Tile:nugget,Tile:hidden1,Tile:hidden2
Tile:9 5 6 1
Tile:0 6 5 0
Tile:0 6 6 1
Drop 5 0 0
Tile:9_flip 7 6 1
Tile:6 5 7 0
Tile:8 7 7 1
Tile:13 7 8 0
Tile:6_flip 6 7 1
Map 12 3 0
Drop 3 0 1
Tile:1 8 7 0
Tile:0 4 5 1
Map 12 7 0
Tile:6 7 9 1
Tile:9_flip 7 5 0
Tile:7 8 8 1
Tile:8 7 4 0
Drop 3 0 1
Tile:9 5 4 0
Tile:3_flip 3 5 1
Tile:7_flip 6 8 0
Destroy 4 5 1
Drop 5 0 0
Destroy 5 4 1
Tile:9_flip 3 4 0
Tile:14_flip 3 3 1
Tile:6 4 5 0
Tile:5 6 9 1
Tile:8 4 3 0
Tile:8 6 10 1
Destroy 6 7 0
Tile:10 7 3 1
Tile:6_flip 5 3 0
Map 12 7 1
Tile:7 7 10 0
Tile:7 6 3 1
Tile:11 4 7 0
Tile:8 7 2 1
Tile:0 8 4 0
Tile:10 4 4 1
Tile:7 4 6 0
Tile:12_flip 5 10 1
Tile:5_flip 9 4 0
Drop 3 0 1
Drop 2 0 0
Tile:10 7 1 1
Tile:15 5 4 0
Drop 2 0 1
Drop 1 0 0
Tile:4_flip 4 8 1
Malus 0 0 0
Drop 0 0 1
GAMEOVER DRAW
# Game ended: Mon Mar 23 07:33:14 EDT 2020
