# Server version 0.08 running on localhost:8125
# Game ID: 125
# Board class: Saboteur.SaboteurBoard
# Timeout: 20000
# First Move Timeout: 30000
# Date: Mon Mar 23 08:06:55 EDT 2020
# Player 1: Player-0, 'RandomPlayer', running on localhost
# Player 2: Player-1, 'AlphaBetaPlayer', running on localhost
START Player-0 RandomPlayer
START Player-1 AlphaBetaPlayer
BoardInit:Tile:8,Tile:3,Tile:6,Bonus,Map,Tile:8,Tile:9,Map,Tile:14,Tile:12,Tile:8,Destroy,Tile:2,Tile:8,Tile:10,Bonus,Tile:7,Tile:6,Tile:7,Destroy,Tile:9,Tile:9,Bonus,Tile:0,Tile:9,Tile:6,Tile:0,Tile:4,Tile:7,Tile:10,Map,Tile:1,Tile:15,Destroy,Tile:11,Tile:7,Malus,Map,Tile:0-Tile:6,Bonus,Tile:5,Tile:6,Malus,Tile:8,Tile:5-Tile:13,Tile:9,Tile:5,Tile:0,Tile:10,Tile:7,Tile:5-Tile:hidden1,Tile:nugget,Tile:hidden2
Tile:8 6 5 1
Tile:5_flip 5 6 0
Malus 0 0 1
Drop 1 0 0
Tile:6_flip 7 5 1
Drop 4 0 0
Drop 6 0 1
Drop 3 0 0
Drop 0 0 1
Map 12 5 0
Tile:8 6 4 1
Bonus 0 0 0
Tile:6 7 6 1
Destroy 6 4 0
Tile:14_flip 4 5 1
Tile:8 8 6 0
Tile:8 8 5 1
Tile:12 9 6 0
Tile:7_flip 6 6 1
Tile:0 9 5 0
Tile:2 10 5 1
Destroy 4 5 0
Tile:5 4 5 1
Tile:13 11 5 0
Drop 3 0 1
Tile:6 11 6 0
Tile:9_flip 12 6 1
Tile:9 4 6 0
Tile:9_flip 4 7 1
Tile:8 11 4 0
Tile:9_flip 12 4 1
Tile:4_flip 8 7 0
Map 12 3 1
Tile:0 3 7 0
Tile:7_flip 10 6 1
Tile:10 5 4 0
Tile:7_flip 4 8 1
Destroy 11 5 0
Tile:11 6 4 1
Tile:1 10 4 0
Tile:5_flip 7 4 1
Tile:10 8 4 0
Tile:0 2 7 1
Tile:6_flip 7 3 0
Drop 3 0 1
Tile:3 11 3 0
Tile:6 10 3 1
Tile:7 8 3 0
Tile:0 1 7 1
Drop 0 0 0
Tile:15 10 2 1
Map 12 5 0
Drop 0 0 1
GAMEOVER DRAW
# Game ended: Mon Mar 23 08:06:57 EDT 2020
