# Server version 0.08 running on localhost:8123
# Game ID: 9
# Board class: Saboteur.SaboteurBoard
# Timeout: 20000
# First Move Timeout: 30000
# Date: Mon Mar 23 00:08:57 EDT 2020
# Player 1: Player-0, 'DummyPlayer', running on localhost
# Player 2: Player-1, 'DummyPlayer', running on localhost
START Player-0 DummyPlayer
START Player-1 DummyPlayer
BoardInit:Tile:0,Tile:1,Tile:5,Tile:9,Tile:7,Tile:12,Bonus,Tile:6,Tile:9,Tile:6,Tile:7,Tile:0,Tile:7,Tile:2,Tile:6,Bonus,Tile:3,Destroy,Tile:10,Tile:6,Tile:0,Tile:8,Malus,Bonus,Map,Tile:4,Tile:8,Tile:15,Bonus,Tile:8,Tile:0,Map,Malus,Tile:8,Tile:9,Tile:6,Tile:10,Tile:13,Tile:7-Tile:14,Destroy,Tile:8,Tile:9,Map,Tile:10,Destroy-Tile:5,Map,Tile:7,Tile:5,Tile:5,Tile:11,Tile:9-Tile:hidden2,Tile:hidden1,Tile:nugget
Tile:14_flip 5 4 1
Tile:5_flip 6 4 0
Tile:0 4 5 1
Tile:11_flip 6 3 0
Drop 4 0 1
Tile:5_flip 5 6 0
Tile:7_flip 5 3 1
Tile:1 4 6 0
Map 12 7 1
Tile:6_flip 6 2 0
Tile:9 3 6 1
Tile:6_flip 6 5 0
Destroy 5 4 1
Tile:9_flip 3 7 0
Tile:5 5 4 1
Tile:7_flip 6 6 0
Tile:7 7 6 1
Tile:5_flip 7 7 0
Tile:6 7 5 1
Drop 1 0 0
Tile:10 3 8 1
Tile:6_flip 3 5 0
Destroy 3 8 1
Destroy 5 4 0
Tile:9 2 5 1
Tile:2 6 7 0
Tile:3 8 5 1
Tile:4_flip 2 6 0
Tile:8 6 8 1
Tile:12_flip 2 7 0
Map 12 7 1
Tile:0 5 7 0
Tile:0 7 8 1
Map 12 7 0
Tile:0 5 8 1
Drop 0 0 0
Tile:7_flip 6 9 1
Tile:6_flip 5 4 0
Tile:8 5 2 1
Tile:13 7 2 0
Tile:9 3 8 1
Drop 5 0 0
Tile:7_flip 8 6 1
Tile:8 3 9 0
Drop 3 0 1
Tile:15 7 4 0
Drop 2 0 1
Tile:8 2 9 0
Tile:10 7 3 1
Drop 0 0 0
Malus 0 0 1
Map 12 5 0
Drop 0 0 1
GAMEOVER DRAW
# Game ended: Mon Mar 23 00:08:57 EDT 2020
