# Server version 0.08 running on 192.168.0.101:8125
# Game ID: 55
# Board class: Saboteur.SaboteurBoard
# Timeout: 20000
# First Move Timeout: 30000
# Date: Mon Mar 23 07:25:32 EDT 2020
# Player 1: Player-0, 'MinMaxPlayer', running on localhost
# Player 2: Player-1, 'MinMaxPlayer', running on localhost
START Player-0 MinMaxPlayer
START Player-1 MinMaxPlayer
BoardInit:Map,Tile:7,Tile:15,Map,Tile:9,Tile:6,Map,Map,Tile:8,Tile:8,Tile:9,Tile:11,Tile:5,Tile:0,Tile:14,Bonus,Bonus,Tile:12,Tile:4,Tile:5,Tile:6,Destroy,Malus,Tile:2,Tile:9,Tile:10,Tile:7,Destroy,Tile:8,Tile:10,Malus,Tile:7,Tile:10,Tile:3,Tile:9,Tile:6,Tile:6,Tile:8,Tile:13-Tile:0,Tile:0,Tile:5,Tile:7,Tile:5,Bonus,Tile:9-Tile:7,Tile:8,Tile:0,Destroy,Tile:1,Tile:6,Bonus-Tile:nugget,Tile:hidden2,Tile:hidden1
Tile:0 4 5 1
Tile:7_flip 3 5 0
Tile:0 6 5 1
Destroy 3 5 0
Tile:7 7 5 1
Map 12 3 0
Tile:9_flip 5 6 1
Tile:6_flip 5 4 0
Tile:5_flip 5 7 1
Tile:1 4 4 0
Drop 2 0 1
Tile:6_flip 4 6 0
Tile:9 4 7 1
Tile:0 6 4 0
Drop 3 0 1
Tile:11 7 6 0
Tile:5_flip 7 4 1
Tile:7_flip 4 8 0
Drop 3 0 1
Tile:8 3 6 0
Tile:14 7 7 1
Map 12 3 0
Tile:6 2 6 1
Destroy 4 5 0
Drop 4 0 1
Tile:2 8 6 0
Tile:4_flip 3 7 1
Tile:5 2 5 0
Tile:8 3 5 1
Tile:0 4 5 0
Tile:15 7 3 1
Destroy 2 6 0
Tile:7 7 2 1
Tile:10 8 7 0
Tile:8 8 8 1
Tile:8 8 9 0
Tile:9 3 4 1
Tile:6_flip 3 3 0
Tile:9_flip 9 9 1
Drop 6 0 0
Tile:5 7 8 1
Tile:12_flip 6 7 0
Tile:13 6 2 1
Tile:10 8 10 0
Tile:6 8 11 1
Tile:3 9 8 0
Tile:10 9 10 1
Tile:7_flip 2 6 0
Drop 1 0 1
Drop 0 0 0
Malus 0 0 1
Bonus 0 0 0
Drop 0 0 1
GAMEOVER DRAW
# Game ended: Mon Mar 23 07:25:32 EDT 2020
