# Server version 0.08 running on localhost:8125
# Game ID: 114
# Board class: Saboteur.SaboteurBoard
# Timeout: 20000
# First Move Timeout: 30000
# Date: Mon Mar 23 08:05:06 EDT 2020
# Player 1: Player-0, 'AlphaBetaPlayer', running on localhost
# Player 2: Player-1, 'RandomPlayer', running on localhost
START Player-0 AlphaBetaPlayer
START Player-1 RandomPlayer
BoardInit:Destroy,Tile:1,Tile:3,Tile:7,Tile:8,Destroy,Tile:10,Tile:4,Tile:0,Tile:14,Bonus,Tile:11,Tile:5,Malus,Tile:2,Tile:12,Tile:5,Bonus,Tile:9,Tile:7,Tile:8,Tile:0,Tile:7,Tile:10,Tile:6,Tile:7,Tile:8,Map,Tile:9,Tile:9,Map,Tile:6,Tile:9,Tile:6,Map,Malus,Tile:9,Tile:8,Bonus-Tile:0,Tile:7,Tile:6,Tile:5,Tile:0,Bonus,Tile:10-Tile:8,Tile:6,Tile:15,Tile:5,Destroy,Tile:13,Map-Tile:nugget,Tile:hidden1,Tile:hidden2
Tile:6 6 5 1
Tile:5 4 5 0
Tile:7_flip 5 6 1
Tile:15 5 4 0
Tile:3 5 3 1
Tile:6 4 3 0
Destroy 6 5 1
Destroy 5 4 0
Tile:0 6 5 1
Drop 2 0 0
Tile:5_flip 7 5 1
Tile:4 4 2 0
Tile:10 5 4 1
Tile:7 6 6 0
Tile:10 7 4 1
Tile:11 3 3 0
Tile:2 7 3 1
Tile:14 8 3 0
Drop 5 0 1
Destroy 7 3 0
Tile:9 8 2 1
Tile:8 7 3 0
Tile:5 6 3 1
Tile:7 9 2 0
Tile:7 8 1 1
Tile:12_flip 7 1 0
Drop 0 0 1
Tile:7_flip 3 4 0
Drop 6 0 1
Malus 0 0 0
Drop 4 0 1
Tile:10 3 2 0
Drop 3 0 1
Tile:6_flip 3 1 0
Drop 4 0 1
Tile:0 2 1 0
Map 12 7 1
Tile:6 4 1 0
Map 12 5 1
Tile:13 4 0 0
Drop 4 0 1
Drop 1 0 0
Drop 4 0 1
Tile:8 5 0 0
Drop 3 0 1
Drop 2 0 0
Drop 2 0 1
Tile:1 6 0 0
Drop 1 0 1
Map 12 7 0
Bonus 0 0 1
Malus 0 0 0
Drop 0 0 1
GAMEOVER DRAW
# Game ended: Mon Mar 23 08:05:06 EDT 2020
