# Server version 0.08 running on 192.168.0.101:8125
# Game ID: 50
# Board class: Saboteur.SaboteurBoard
# Timeout: 20000
# First Move Timeout: 30000
# Date: Mon Mar 23 07:24:28 EDT 2020
# Player 1: Player-0, 'MinMaxPlayer', running on localhost
# Player 2: Player-1, 'DummyPlayer', running on localhost
START Player-0 MinMaxPlayer
START Player-1 DummyPlayer
BoardInit:Bonus,Tile:10,Tile:6,Tile:8,Bonus,Tile:5,Malus,Tile:9,Tile:0,Tile:6,Destroy,Tile:2,Tile:5,Tile:7,Tile:5,Tile:0,Tile:0,Tile:9,Tile:3,Map,Tile:15,Tile:10,Tile:11,Tile:13,Bonus,Tile:14,Map,Tile:12,Malus,Destroy,Tile:7,Tile:6,Tile:7,Tile:1,Tile:9,Tile:6,Tile:8,Bonus,Tile:5-Tile:0,Tile:7,Tile:8,Tile:9,Tile:10,Map,Tile:8-Tile:8,Tile:7,Tile:4,Map,Destroy,Tile:9,Tile:6-Tile:nugget,Tile:hidden1,Tile:hidden2
Map 12 5 1
Tile:6 5 6 0
Tile:8 5 4 1
Destroy 5 4 0
Tile:6_flip 4 6 1
Map 12 5 0
Drop 2 0 1
Tile:10 4 7 0
Drop 0 0 1
Tile:7_flip 4 5 0
Drop 3 0 1
Drop 1 0 0
Tile:0 6 5 1
Tile:5_flip 4 8 0
Tile:8 7 5 1
Drop 3 0 0
Tile:5_flip 7 6 1
Tile:8 3 6 0
Tile:7 3 5 1
Tile:2_flip 8 5 0
Tile:10 3 7 1
Tile:6_flip 2 5 0
Tile:3_flip 3 8 1
Tile:8 1 5 0
Tile:5 8 4 1
Tile:0 6 6 0
Destroy 7 5 1
Tile:14 9 5 0
Tile:11_flip 5 4 1
Tile:13 7 5 0
Tile:15 7 4 1
Map 12 5 0
Tile:7_flip 2 6 1
Tile:9 7 3 0
Tile:0 8 3 1
Tile:9_flip 7 2 0
Tile:7 9 4 1
Tile:10 1 4 0
Map 12 3 1
Tile:6_flip 4 4 0
Tile:9 6 2 1
Tile:1 3 4 0
Malus 0 0 1
Destroy 3 7 0
Drop 3 0 1
Drop 2 0 0
Tile:5 5 3 1
Bonus 0 0 0
Malus 0 0 1
Drop 0 0 0
Drop 0 0 1
Drop 0 0 0
Drop 0 0 1
GAMEOVER DRAW
# Game ended: Mon Mar 23 07:24:28 EDT 2020
