# Server version 0.08 running on localhost:8125
# Game ID: 98
# Board class: Saboteur.SaboteurBoard
# Timeout: 20000
# First Move Timeout: 30000
# Date: Mon Mar 23 07:36:58 EDT 2020
# Player 1: Player-0, 'MinMaxPlayer', running on localhost
# Player 2: Player-1, 'RandomPlayer', running on localhost
START Player-0 MinMaxPlayer
START Player-1 RandomPlayer
BoardInit:Tile:5,Tile:10,Tile:5,Tile:13,Tile:7,Bonus,Tile:2,Tile:7,Tile:9,Tile:0,Destroy,Tile:15,Tile:6,Tile:7,Malus,Tile:9,Tile:5,Tile:3,Tile:6,Tile:8,Tile:6,Tile:6,Tile:10,Tile:8,Tile:12,Tile:10,Bonus,Tile:8,Tile:7,Tile:9,Map,Tile:0,Bonus,Tile:14,Tile:8,Tile:0,Tile:9,Tile:4,Tile:11-Tile:1,Tile:5,Tile:6,Tile:7,Tile:0,Map,Malus-Map,Map,Destroy,Tile:9,Destroy,Bonus,Tile:8-Tile:nugget,Tile:hidden2,Tile:hidden1
Tile:1 4 5 1
Drop 2 0 0
Map 12 5 1
Tile:9 5 6 0
Tile:0 6 6 1
Destroy 5 6 0
Malus 0 0 1
Map 12 5 0
Tile:7_flip 3 5 1
Drop 6 0 0
Tile:2_flip 7 6 1
Map 12 3 0
Tile:5 7 5 1
Drop 3 0 0
Tile:6 5 6 1
Drop 2 0 0
Tile:5 4 6 1
Drop 6 0 0
Tile:9_flip 8 5 1
Drop 2 0 0
Tile:5 8 4 1
Drop 2 0 0
Destroy 7 6 1
Drop 3 0 0
Tile:5 3 4 1
Drop 5 0 0
Tile:6 4 7 1
Drop 0 0 0
Tile:7_flip 8 6 1
Drop 5 0 0
Tile:6_flip 5 7 1
Drop 0 0 0
Tile:12 6 7 1
Drop 6 0 0
Drop 3 0 1
Drop 3 0 0
Tile:7 9 4 1
Drop 3 0 0
Drop 2 0 1
Drop 6 0 0
Tile:9_flip 7 6 1
Drop 3 0 0
Tile:11_flip 9 6 1
Drop 2 0 0
Drop 3 0 1
Drop 2 0 0
Tile:8 5 4 1
Drop 1 0 0
Drop 0 0 1
Drop 0 0 0
Map 12 7 1
Drop 0 0 0
Tile:6 3 7 1
GAMEOVER DRAW
# Game ended: Mon Mar 23 07:36:59 EDT 2020
