# Server version 0.08 running on localhost:8125
# Game ID: 66
# Board class: Saboteur.SaboteurBoard
# Timeout: 20000
# First Move Timeout: 30000
# Date: Mon Mar 23 07:26:17 EDT 2020
# Player 1: Player-0, 'RandomPlayer', running on localhost
# Player 2: Player-1, 'MinMaxPlayer', running on localhost
START Player-0 RandomPlayer
START Player-1 MinMaxPlayer
BoardInit:Tile:8,Tile:8,Malus,Tile:14,Destroy,Tile:9,Tile:10,Tile:7,Tile:8,Tile:0,Tile:15,Tile:9,Tile:7,Tile:6,Tile:5,Tile:9,Tile:11,Tile:7,Destroy,Tile:7,Tile:2,Tile:3,Tile:13,Tile:10,Tile:12,Tile:7,Tile:5,Tile:4,Tile:1,Tile:6,Tile:8,Tile:0,Tile:0,Destroy,Tile:0,Tile:10,Map,Malus,Tile:9-Bonus,Tile:5,Bonus,Tile:6,Map,Tile:6,Map-Tile:8,Map,Bonus,Tile:5,Tile:6,Tile:9,Bonus-Tile:nugget,Tile:hidden2,Tile:hidden1
Tile:5 4 5 1
Tile:5_flip 6 5 0
Map 12 5 1
Tile:8 4 6 0
Drop 4 0 1
Tile:9_flip 5 6 0
Tile:8 6 4 1
Tile:14_flip 5 4 0
Malus 0 0 1
Drop 6 0 0
Tile:6_flip 3 6 1
Map 12 3 0
Tile:6_flip 2 6 1
Drop 3 0 0
Drop 2 0 1
Drop 2 0 0
Drop 1 0 1
Drop 1 0 0
Tile:5_flip 2 7 1
Drop 3 0 0
Tile:7_flip 1 6 1
Drop 2 0 0
Destroy 4 6 1
Drop 3 0 0
Tile:11 1 5 1
Drop 5 0 0
Tile:15 6 3 1
Drop 0 0 0
Tile:2_flip 4 6 1
Drop 5 0 0
Tile:13 7 4 1
Drop 0 0 0
Tile:8 8 4 1
Drop 6 0 0
Tile:5_flip 2 5 1
Destroy 5 4 0
Tile:10 6 2 1
Drop 3 0 0
Tile:12_flip 1 7 1
Drop 0 0 0
Tile:9 5 4 1
Drop 1 0 0
Drop 4 0 1
Drop 0 0 0
Map 12 3 1
Drop 2 0 0
Tile:8 6 1 1
Malus 0 0 0
Bonus 0 0 1
Drop 0 0 0
Tile:0 7 1 1
Drop 0 0 0
Tile:1 9 4 1
GAMEOVER DRAW
# Game ended: Mon Mar 23 07:26:18 EDT 2020
