# Server version 0.08 running on localhost:8125
# Game ID: 121
# Board class: Saboteur.SaboteurBoard
# Timeout: 20000
# First Move Timeout: 30000
# Date: Mon Mar 23 08:06:49 EDT 2020
# Player 1: Player-0, 'RandomPlayer', running on localhost
# Player 2: Player-1, 'AlphaBetaPlayer', running on localhost
START Player-0 RandomPlayer
START Player-1 AlphaBetaPlayer
BoardInit:Tile:8,Tile:6,Tile:6,Destroy,Tile:3,Map,Tile:9,Bonus,Tile:6,Map,Tile:0,Tile:10,Tile:10,Tile:7,Tile:9,Destroy,Bonus,Map,Tile:15,Tile:11,Tile:9,Tile:9,Tile:6,Tile:8,Tile:6,Tile:14,Tile:7,Tile:12,Malus,Tile:8,Tile:0,Tile:5,Tile:4,Tile:13,Bonus,Tile:7,Tile:7,Tile:7,Tile:0-Tile:5,Map,Tile:8,Tile:10,Tile:9,Bonus,Malus-Tile:8,Tile:2,Tile:5,Destroy,Tile:5,Tile:1,Tile:0-Tile:nugget,Tile:hidden2,Tile:hidden1
Tile:8 5 4 1
Tile:2 4 4 0
Tile:9_flip 6 5 1
Tile:5_flip 5 6 0
Tile:5 4 6 1
Tile:5 5 3 0
Tile:8 3 4 1
Destroy 5 3 0
Tile:9_flip 3 3 1
Destroy 5 4 0
Tile:3_flip 4 7 1
Tile:6 4 5 0
Tile:6_flip 5 7 1
Map 12 5 0
Tile:0 2 3 1
Tile:7_flip 3 5 0
Tile:10 6 6 1
Drop 0 0 0
Tile:9_flip 3 2 1
Tile:0 1 3 0
Tile:6_flip 3 1 1
Tile:11 0 3 0
Map 12 5 1
Tile:9 0 4 0
Tile:15 0 2 1
Tile:8 6 4 0
Tile:6_flip 6 3 1
Tile:14_flip 2 4 0
Tile:7_flip 2 2 1
Destroy 3 4 0
Malus 0 0 1
Bonus 0 0 0
Tile:6 5 3 1
Tile:10 0 5 0
Tile:9_flip 2 5 1
Drop 0 0 0
Drop 3 0 1
Tile:5_flip 0 6 0
Tile:7_flip 4 3 1
Tile:8 3 4 0
Drop 1 0 1
Tile:7 1 4 0
Tile:0 7 3 1
Map 12 5 0
Drop 3 0 1
Tile:7_flip 1 5 0
Tile:0 4 1 1
Map 12 7 0
Drop 1 0 1
Tile:12 5 1 0
Tile:4 4 2 1
Tile:13 0 1 0
Drop 0 0 1
GAMEOVER DRAW
# Game ended: Mon Mar 23 08:06:49 EDT 2020
