# Server version 0.08 running on 192.168.0.101:8125
# Game ID: 62
# Board class: Saboteur.SaboteurBoard
# Timeout: 20000
# First Move Timeout: 30000
# Date: Mon Mar 23 07:25:46 EDT 2020
# Player 1: Player-0, 'MinMaxPlayer', running on localhost
# Player 2: Player-1, 'MinMaxPlayer', running on localhost
START Player-0 MinMaxPlayer
START Player-1 MinMaxPlayer
BoardInit:Bonus,Destroy,Tile:1,Tile:7,Tile:9,Tile:6,Tile:7,Map,Tile:9,Tile:3,Tile:10,Tile:0,Tile:6,Tile:14,Tile:8,Map,Tile:13,Bonus,Tile:6,Bonus,Destroy,Tile:10,Malus,Tile:4,Tile:9,Tile:8,Tile:8,Tile:10,Map,Tile:9,Tile:6,Tile:7,Tile:12,Tile:7,Tile:7,Tile:0,Tile:8,Bonus,Tile:0-Tile:0,Tile:11,Destroy,Tile:6,Tile:5,Tile:5,Tile:15-Tile:5,Map,Tile:2,Tile:5,Malus,Tile:9,Tile:8-Tile:nugget,Tile:hidden2,Tile:hidden1
Tile:5_flip 5 6 1
Tile:2 4 6 0
Tile:11_flip 6 5 1
Tile:9 6 6 0
Tile:5 6 4 1
Drop 2 0 0
Tile:6 7 6 1
Tile:8 7 4 0
Tile:7 8 6 1
Tile:6_flip 3 6 0
Tile:9 2 6 1
Tile:7_flip 6 7 0
Tile:15 2 7 1
Destroy 6 6 0
Tile:9 3 7 1
Map 12 3 0
Tile:6 2 8 1
Drop 5 0 0
Tile:13 1 8 1
Tile:3 1 7 0
Destroy 4 6 1
Tile:0 4 7 0
Tile:6 8 4 1
Tile:5_flip 3 8 0
Tile:1 0 7 1
Tile:10 5 4 0
Tile:10 8 3 1
Malus 0 0 0
Destroy 7 4 1
Drop 2 0 0
Bonus 0 0 1
Tile:9_flip 2 5 0
Tile:8 7 4 1
Tile:10 7 5 0
Tile:9_flip 5 3 1
Tile:7 8 2 0
Tile:12 7 7 1
Tile:7_flip 8 7 0
Tile:0 9 4 1
Drop 2 0 0
Map 12 5 1
Tile:8 1 9 0
Tile:7_flip 7 2 1
Tile:4 7 3 0
Drop 1 0 1
Tile:0 10 4 0
Tile:6_flip 4 3 1
Map 12 5 0
Tile:0 4 6 1
Drop 0 0 0
Tile:8 5 2 1
Drop 0 0 0
Drop 0 0 1
GAMEOVER DRAW
# Game ended: Mon Mar 23 07:25:46 EDT 2020
