# Server version 0.08 running on 192.168.0.101:8125
# Game ID: 58
# Board class: Saboteur.SaboteurBoard
# Timeout: 20000
# First Move Timeout: 30000
# Date: Mon Mar 23 07:25:38 EDT 2020
# Player 1: Player-0, 'MinMaxPlayer', running on localhost
# Player 2: Player-1, 'MinMaxPlayer', running on localhost
START Player-0 MinMaxPlayer
START Player-1 MinMaxPlayer
BoardInit:Tile:8,Tile:5,Tile:0,Tile:6,Map,Tile:15,Tile:2,Tile:11,Tile:9,Tile:8,Tile:6,Tile:3,Tile:9,Destroy,Tile:5,Tile:7,Tile:8,Tile:10,Tile:7,Malus,Malus,Bonus,Map,Tile:10,Tile:9,Bonus,Tile:0,Map,Tile:9,Tile:1,Destroy,Tile:13,Tile:0,Tile:4,Tile:6,Tile:5,Tile:12,Tile:8,Tile:6-Tile:9,Bonus,Bonus,Tile:6,Tile:7,Tile:10,Destroy-Tile:7,Tile:7,Tile:0,Tile:14,Map,Tile:5,Tile:8-Tile:hidden2,Tile:hidden1,Tile:nugget
Drop 2 0 1
Tile:5_flip 5 6 0
Tile:9 4 5 1
Tile:0 6 5 0
Tile:7 7 5 1
Tile:14_flip 4 4 0
Destroy 4 5 1
Drop 4 0 0
Drop 0 0 1
Tile:8 4 6 0
Tile:8 4 5 1
Tile:8 7 6 0
Tile:6_flip 5 4 1
Tile:6_flip 3 6 0
Tile:6 3 5 1
Destroy 7 6 0
Tile:9_flip 3 7 1
Tile:15 7 6 0
Tile:5_flip 6 4 1
Drop 3 0 0
Tile:7 3 4 1
Tile:10 6 3 0
Tile:9_flip 3 8 1
Tile:7 6 2 0
Drop 2 0 1
Tile:7_flip 2 6 0
Tile:2_flip 2 4 1
Tile:3_flip 1 4 0
Tile:0 2 7 1
Map 12 5 0
Tile:9_flip 1 3 1
Drop 2 0 0
Drop 6 0 1
Tile:1 2 8 0
Tile:9 1 8 1
Tile:7_flip 4 7 0
Tile:6 5 2 1
Tile:5 0 3 0
Tile:8 1 2 1
Tile:8 1 1 0
Tile:6 0 1 1
Tile:10 0 0 0
Tile:0 2 2 1
Tile:4_flip 3 9 0
Tile:12_flip 0 2 1
Drop 2 0 0
Tile:0 3 2 1
Tile:13 1 7 0
Tile:10 1 0 1
Drop 1 0 0
Malus 0 0 1
Malus 0 0 0
Map 12 7 1
GAMEOVER DRAW
# Game ended: Mon Mar 23 07:25:39 EDT 2020
