# Server version 0.08 running on 192.168.0.101:8125
# Game ID: 48
# Board class: Saboteur.SaboteurBoard
# Timeout: 20000
# First Move Timeout: 30000
# Date: Mon Mar 23 07:24:02 EDT 2020
# Player 1: Player-0, 'DummyPlayer', running on localhost
# Player 2: Player-1, 'MinMaxPlayer', running on localhost
START Player-0 DummyPlayer
START Player-1 MinMaxPlayer
BoardInit:Bonus,Tile:5,Tile:9,Map,Tile:9,Tile:6,Tile:5,Map,Malus,Tile:0,Tile:14,Tile:15,Tile:0,Tile:1,Tile:5,Tile:10,Tile:4,Tile:7,Tile:0,Destroy,Malus,Tile:8,Tile:0,Tile:6,Tile:7,Tile:6,Tile:11,Tile:3,Tile:7,Tile:9,Tile:10,Tile:2,Bonus,Tile:7,Destroy,Destroy,Tile:6,Tile:5,Bonus-Tile:13,Tile:8,Tile:8,Tile:9,Tile:12,Tile:10,Map-Bonus,Tile:8,Tile:8,Tile:6,Tile:9,Map,Tile:7-Tile:hidden1,Tile:nugget,Tile:hidden2
Tile:12_flip 4 5 1
Drop 3 0 0
Tile:8 6 5 1
Map 12 7 0
Tile:9 5 6 1
Drop 1 0 0
Tile:9_flip 6 6 1
Tile:5_flip 5 7 0
Tile:10 6 7 1
Map 12 5 0
Drop 1 0 1
Tile:7 6 4 0
Tile:13 4 7 1
Tile:8 6 8 0
Tile:0 3 7 1
Tile:1 2 7 0
Tile:9 5 4 1
Tile:6_flip 7 5 0
Tile:14_flip 5 8 1
Tile:15 4 8 0
Tile:5_flip 5 9 1
Destroy 5 7 0
Drop 5 0 1
Tile:7 4 6 0
Malus 0 0 1
Drop 5 0 0
Map 12 3 1
Map 12 5 0
Tile:5_flip 5 7 1
Drop 6 0 0
Drop 2 0 1
Drop 1 0 0
Tile:7_flip 6 9 1
Drop 4 0 0
Tile:11_flip 7 8 1
Drop 0 0 0
Drop 3 0 1
Destroy 6 4 0
Destroy 7 8 1
Drop 6 0 0
Drop 4 0 1
Drop 3 0 0
Tile:6_flip 7 9 1
Drop 2 0 0
Drop 3 0 1
Drop 2 0 0
Tile:0 7 8 1
Drop 1 0 0
Tile:4_flip 7 6 1
Drop 0 0 0
Drop 0 0 1
Drop 0 0 0
Drop 0 0 1
GAMEOVER DRAW
# Game ended: Mon Mar 23 07:24:03 EDT 2020
