# Server version 0.08 running on localhost:8125
# Game ID: 23
# Board class: Saboteur.SaboteurBoard
# Timeout: 20000
# First Move Timeout: 30000
# Date: Mon Mar 23 07:12:40 EDT 2020
# Player 1: Player-0, 'MinMaxPlayer', running on localhost
# Player 2: Player-1, 'Human', running on localhost
START Player-0 MinMaxPlayer
START Player-1 Human
BoardInit:Tile:8,Map,Tile:14,Tile:9,Tile:0,Destroy,Tile:7,Tile:0,Tile:3,Tile:7,Tile:7,Tile:5,Tile:9,Tile:5,Tile:9,Malus,Tile:7,Bonus,Bonus,Tile:5,Tile:7,Map,Tile:10,Tile:6,Tile:6,Tile:8,Destroy,Tile:15,Tile:9,Tile:10,Tile:1,Tile:0,Tile:10,Tile:0,Tile:5,Map,Tile:12,Malus,Destroy-Tile:6,Tile:11,Tile:13,Bonus,Tile:8,Bonus,Tile:6-Tile:8,Tile:8,Tile:6,Map,Tile:4,Tile:2,Tile:9-Tile:hidden2,Tile:nugget,Tile:hidden1
Tile:8 6 5 1
Tile:2 4 5 0
Tile:8 7 5 1
Drop 2 0 0
Tile:6 8 5 1
Tile:9_flip 7 6 0
Tile:6 9 5 1
Tile:4 8 4 0
Tile:0 10 5 1
Tile:9 5 6 0
Drop 1 0 1
Map 12 5 0
Drop 0 0 1
Tile:5_flip 4 6 0
Drop 4 0 1
Tile:7_flip 3 6 0
Drop 2 0 1
Tile:5 5 4 0
Tile:7 11 5 1
Tile:8 6 6 0
Tile:9 11 6 1
Destroy 5 6 0
Tile:7 12 6 1
Drop 5 0 0
Tile:9 9 4 1
Drop 4 0 0
Tile:6 10 4 1
Tile:0 13 7 0
Tile:7 10 3 1
Map 12 3 0
Destroy 12 6 1
Tile:6 11 7 0
Drop 6 0 1
Tile:8 6 7 0
Tile:9_flip 12 6 1
GAMEOVER WINNER 1
# Game ended: Mon Mar 23 07:14:02 EDT 2020
