# Server version 0.08 running on localhost:8125
# Game ID: 27
# Board class: Saboteur.SaboteurBoard
# Timeout: 20000
# First Move Timeout: 30000
# Date: Mon Mar 23 07:15:24 EDT 2020
# Player 1: Player-0, 'DummyPlayer', running on localhost
# Player 2: Player-1, 'MinMaxPlayer', running on localhost
START Player-0 DummyPlayer
START Player-1 MinMaxPlayer
BoardInit:Tile:7,Tile:9,Tile:9,Tile:10,Tile:7,Tile:0,Tile:6,Bonus,Tile:10,Tile:7,Tile:3,Tile:2,Tile:7,Tile:9,Malus,Tile:8,Tile:12,Tile:6,Map,Tile:6,Malus,Tile:9,Tile:6,Tile:9,Tile:8,Tile:8,Tile:15,Tile:1,Tile:0,Bonus,Tile:8,Bonus,Tile:10,Tile:0,Tile:6,Tile:5,Tile:7,Destroy,Destroy-Tile:4,Bonus,Tile:0,Tile:13,Tile:11,Tile:5,Map-Tile:8,Tile:5,Map,Map,Tile:5,Destroy,Tile:14-Tile:nugget,Tile:hidden2,Tile:hidden1
Drop 3 0 1
Tile:8 5 6 0
Tile:5_flip 5 7 1
Map 12 5 0
Tile:11_flip 6 5 1
Tile:14 6 6 0
Tile:9_flip 5 4 1
Destroy 5 4 0
Tile:0 4 5 1
Tile:5 5 4 0
Drop 3 0 1
Drop 3 0 0
Tile:6_flip 6 4 1
Tile:7_flip 3 5 0
Tile:10 3 4 1
Drop 3 0 0
Tile:7 7 4 1
Map 12 3 0
Tile:4_flip 7 5 1
Tile:8 3 3 0
Drop 4 0 1
Tile:5 4 6 0
Drop 1 0 1
Tile:9 2 3 0
Tile:7_flip 4 7 1
Drop 4 0 0
Tile:3 4 3 1
Drop 0 0 0
Map 12 5 1
Tile:9_flip 2 4 0
Tile:12_flip 1 4 1
Tile:2 2 2 0
Drop 6 0 1
Tile:9_flip 3 2 0
Drop 3 0 1
Tile:9_flip 2 5 0
Drop 3 0 1
Drop 3 0 0
Drop 6 0 1
Destroy 3 4 0
Destroy 3 3 1
Tile:8 2 6 0
Tile:6 3 3 1
Tile:5_flip 4 4 0
Drop 3 0 1
Drop 2 0 0
Tile:0 1 2 1
Tile:0 0 2 0
Drop 1 0 1
Tile:6 2 7 0
Tile:6 1 6 1
Tile:1 0 6 0
Drop 0 0 1
GAMEOVER DRAW
# Game ended: Mon Mar 23 07:15:24 EDT 2020
