# Server version 0.08 running on localhost:8125
# Game ID: 45
# Board class: Saboteur.SaboteurBoard
# Timeout: 20000
# First Move Timeout: 30000
# Date: Mon Mar 23 07:22:06 EDT 2020
# Player 1: Player-0, 'DummyPlayer', running on localhost
# Player 2: Player-1, 'MinMaxPlayer', running on localhost
START Player-0 DummyPlayer
START Player-1 MinMaxPlayer
BoardInit:Tile:9,Map,Map,Tile:5,Tile:10,Destroy,Tile:9,Bonus,Tile:7,Map,Tile:11,Tile:15,Tile:8,Tile:5,Tile:7,Map,Tile:4,Tile:8,Tile:9,Tile:6,Tile:0,Tile:1,Tile:9,Malus,Tile:6,Tile:6,Tile:7,Tile:6,Malus,Tile:10,Tile:8,Bonus,Bonus,Tile:10,Tile:6,Tile:5,Destroy,Tile:8,Tile:3-Tile:7,Bonus,Tile:0,Tile:0,Tile:7,Tile:13,Destroy-Tile:14,Tile:0,Tile:2,Tile:5,Tile:8,Tile:12,Tile:9-Tile:hidden2,Tile:hidden1,Tile:nugget
Tile:7_flip 4 5 1
Tile:9 4 4 0
Drop 1 0 1
Tile:14 6 5 0
Drop 4 0 1
Tile:5_flip 5 6 0
Tile:7 6 4 1
Tile:5 4 6 0
Tile:9 4 7 1
Tile:2 4 3 0
Drop 1 0 1
Tile:8 5 3 0
Tile:7 5 7 1
Tile:0 6 3 0
Tile:13 5 4 1
Destroy 4 5 0
Tile:8 7 3 1
Map 12 3 0
Map 12 5 1
Tile:8 8 3 0
Tile:11 7 4 1
Drop 4 0 0
Tile:10 7 5 1
Tile:15 8 2 0
Tile:4 7 2 1
Drop 0 0 0
Tile:7 9 3 1
Map 12 3 0
Tile:9_flip 5 2 1
Drop 4 0 0
Tile:9 9 4 1
Tile:6_flip 5 1 0
Tile:9 4 1 1
Tile:6 4 2 0
Tile:8 3 2 1
Tile:10 4 0 0
Tile:7 3 1 1
Drop 3 0 0
Tile:6 4 5 1
Tile:8 9 5 0
Drop 2 0 1
Tile:5 2 2 0
Tile:6 2 3 1
Drop 2 0 0
Destroy 6 4 1
Drop 2 0 0
Tile:3_flip 4 8 1
Tile:10 8 1 0
Drop 1 0 1
Drop 0 0 0
Drop 0 0 1
Map 12 5 0
Drop 0 0 1
GAMEOVER DRAW
# Game ended: Mon Mar 23 07:22:06 EDT 2020
