# Server version 0.08 running on localhost:8125
# Game ID: 79
# Board class: Saboteur.SaboteurBoard
# Timeout: 20000
# First Move Timeout: 30000
# Date: Mon Mar 23 07:33:08 EDT 2020
# Player 1: Player-0, 'RandomPlayer', running on localhost
# Player 2: Player-1, 'MinMaxPlayer', running on localhost
START Player-0 RandomPlayer
START Player-1 MinMaxPlayer
BoardInit:Tile:6,Tile:0,Malus,Tile:11,Tile:2,Tile:13,Tile:9,Tile:8,Tile:5,Bonus,Tile:8,Tile:1,Tile:10,Tile:9,Tile:6,Destroy,Tile:9,Tile:6,Tile:7,Tile:0,Bonus,Tile:0,Tile:8,Tile:7,Tile:3,Tile:8,Tile:10,Tile:8,Tile:4,Tile:14,Tile:6,Destroy,Bonus,Tile:5,Tile:9,Map,Tile:15,Tile:7,Tile:0-Bonus,Tile:6,Tile:5,Map,Tile:7,Tile:12,Malus-Tile:5,Tile:7,Map,Map,Destroy,Tile:10,Tile:9-Tile:hidden2,Tile:hidden1,Tile:nugget
Tile:5 4 5 1
Tile:9 5 4 0
Tile:7 5 3 1
Destroy 5 3 0
Tile:12 6 5 1
Tile:11 5 6 0
Tile:6 5 7 1
Tile:13 4 7 0
Tile:9_flip 4 6 1
Tile:0 6 6 0
Tile:6_flip 6 7 1
Tile:7 5 3 0
Drop 0 0 1
Map 12 5 0
Tile:5_flip 6 4 1
Drop 5 0 0
Tile:2 3 6 1
Tile:9 3 7 0
Tile:9_flip 4 8 1
Tile:6 3 8 0
Tile:7_flip 2 6 1
Tile:8 2 8 0
Tile:8 7 6 1
Tile:5_flip 8 6 0
Tile:10 4 9 1
Tile:7_flip 4 3 0
Map 12 3 1
Destroy 7 6 0
Tile:6_flip 4 2 1
Tile:0 7 7 0
Tile:3 8 7 1
Drop 2 0 0
Tile:4_flip 4 10 1
Drop 4 0 0
Tile:6 8 8 1
Tile:8 8 5 0
Tile:10 2 9 1
Tile:14_flip 7 5 0
Tile:8 9 8 1
Destroy 5 4 0
Tile:9 5 4 1
Tile:5 9 7 0
Malus 0 0 1
Map 12 3 0
Drop 3 0 1
Drop 2 0 0
Tile:0 9 5 1
Drop 1 0 0
Malus 0 0 1
Drop 0 0 0
Drop 0 0 1
Drop 0 0 0
Drop 0 0 1
GAMEOVER DRAW
# Game ended: Mon Mar 23 07:33:08 EDT 2020
