# Server version 0.08 running on localhost:8125
# Game ID: 15
# Board class: Saboteur.SaboteurBoard
# Timeout: 20000
# First Move Timeout: 30000
# Date: Mon Mar 23 00:21:36 EDT 2020
# Player 1: Player-0, 'MinMaxPlayer', running on localhost
# Player 2: Player-1, 'Human', running on localhost
START Player-0 MinMaxPlayer
START Player-1 Human
BoardInit:Tile:7,Tile:8,Tile:7,Tile:10,Tile:5,Tile:1,Tile:0,Tile:8,Tile:0,Tile:9,Map,Tile:7,Malus,Tile:5,Tile:13,Tile:11,Bonus,Tile:15,Bonus,Tile:8,Tile:9,Map,Tile:10,Malus,Bonus,Tile:6,Destroy,Tile:0,Bonus,Tile:6,Tile:14,Tile:9,Tile:4,Map,Destroy,Tile:6,Tile:5,Destroy,Map-Tile:3,Tile:0,Tile:7,Tile:2,Tile:6,Tile:12,Tile:10-Tile:7,Tile:8,Tile:9,Tile:9,Tile:5,Tile:6,Tile:8-Tile:hidden1,Tile:hidden2,Tile:nugget
Tile:0 6 5 1
Tile:8 5 4 0
Tile:6 7 5 1
Tile:8 8 5 0
Drop 2 0 1
Tile:6 5 6 0
Drop 2 0 1
Tile:9_flip 7 4 0
Tile:0 9 5 1
Tile:1 4 6 0
Tile:0 10 5 1
Tile:7 11 5 0
Map 12 5 1
Tile:9 3 6 0
Malus 0 0 1
Drop 0 0 0
Tile:10 11 6 1
Drop 5 0 0
Drop 0 0 1
Drop 3 0 0
Drop 4 0 1
Drop 2 0 0
Tile:9 11 7 1
GAMEOVER WINNER 1
# Game ended: Mon Mar 23 00:22:19 EDT 2020
