# Server version 0.08 running on 192.168.0.101:8125
# Game ID: 47
# Board class: Saboteur.SaboteurBoard
# Timeout: 20000
# First Move Timeout: 30000
# Date: Mon Mar 23 07:24:00 EDT 2020
# Player 1: Player-0, 'MinMaxPlayer', running on localhost
# Player 2: Player-1, 'DummyPlayer', running on localhost
START Player-0 MinMaxPlayer
START Player-1 DummyPlayer
BoardInit:Tile:10,Tile:8,Tile:6,Tile:0,Tile:11,Tile:7,Tile:9,Tile:4,Tile:14,Bonus,Bonus,Tile:13,Tile:5,Tile:3,Map,Tile:7,Tile:8,Malus,Tile:6,Tile:2,Tile:0,Tile:9,Tile:7,Malus,Map,Tile:5,Tile:6,Tile:0,Bonus,Map,Tile:15,Tile:8,Tile:8,Tile:9,Tile:6,Destroy,Tile:0,Bonus,Tile:8-Tile:12,Tile:9,Tile:10,Map,Tile:6,Tile:1,Tile:5-Tile:10,Tile:5,Destroy,Tile:7,Tile:7,Tile:9,Destroy-Tile:hidden1,Tile:nugget,Tile:hidden2
Tile:1 6 5 1
Tile:10 5 6 0
Map 12 3 1
Tile:7_flip 5 7 0
Tile:6_flip 4 5 1
Tile:9_flip 7 5 0
Tile:9_flip 7 6 1
Drop 6 0 0
Tile:5 3 5 1
Tile:4 5 4 0
Tile:14_flip 6 6 1
Destroy 6 5 0
Tile:9_flip 4 6 1
Drop 2 0 0
Tile:5_flip 7 7 1
Tile:7_flip 3 6 0
Drop 6 0 1
Tile:13 6 7 0
Tile:6 6 8 1
Tile:3 7 8 0
Tile:11_flip 7 4 1
Tile:7_flip 7 9 0
Tile:10 7 3 1
Tile:5_flip 8 9 0
Tile:8 7 2 1
Tile:8 6 2 0
Tile:6 6 5 1
Tile:9_flip 4 7 0
Tile:7_flip 4 8 1
Drop 6 0 0
Tile:0 5 8 1
Tile:0 8 2 0
Tile:15 8 8 1
Tile:5_flip 9 2 0
Drop 2 0 1
Tile:9_flip 6 1 0
Tile:6_flip 3 7 1
Destroy 4 7 0
Tile:8 5 1 1
Drop 6 0 0
Tile:12_flip 4 1 1
Tile:2 6 0 0
Tile:10 3 8 1
Malus 0 0 0
Drop 0 0 1
Tile:8 9 1 0
Drop 1 0 1
Drop 2 0 0
Bonus 0 0 1
Drop 1 0 0
Tile:8 5 0 1
Drop 0 0 0
Tile:0 10 1 1
GAMEOVER DRAW
# Game ended: Mon Mar 23 07:24:01 EDT 2020
