# Server version 0.08 running on localhost:8125
# Game ID: 14
# Board class: Saboteur.SaboteurBoard
# Timeout: 20000
# First Move Timeout: 30000
# Date: Mon Mar 23 00:19:17 EDT 2020
# Player 1: Player-0, 'MinMaxPlayer', running on localhost
# Player 2: Player-1, 'Human', running on localhost
START Player-0 MinMaxPlayer
START Player-1 Human
BoardInit:Malus,Tile:7,Bonus,Bonus,Tile:9,Tile:14,Tile:5,Tile:6,Malus,Tile:6,Tile:4,Tile:8,Tile:7,Tile:9,Tile:11,Tile:9,Tile:6,Tile:9,Destroy,Tile:0,Map,Tile:8,Tile:5,Tile:15,Destroy,Tile:6,Tile:7,Tile:8,Tile:5,Map,Tile:0,Tile:0,Tile:3,Tile:0,Tile:10,Tile:7,Tile:8,Tile:2,Destroy-Tile:8,Tile:10,Bonus,Map,Tile:9,Tile:10,Tile:13-Tile:1,Map,Bonus,Tile:5,Tile:12,Tile:6,Tile:7-Tile:hidden2,Tile:nugget,Tile:hidden1
Tile:8 6 5 1
Tile:7 6 4 0
Map 12 5 1
Tile:5_flip 7 5 0
Tile:9 7 4 1
Tile:6_flip 5 4 0
Tile:9_flip 8 4 1
Tile:12_flip 4 4 0
Malus 0 0 1
Drop 6 0 0
Tile:10 8 5 1
Map 12 3 0
Tile:5_flip 8 6 1
Drop 3 0 0
Drop 5 0 1
Drop 5 0 0
Drop 6 0 1
Drop 1 0 0
Drop 2 0 1
Drop 3 0 0
Destroy 8 6 1
Drop 2 0 0
Tile:6 8 6 1
Drop 0 0 0
Tile:7 9 6 1
Drop 2 0 0
Tile:5_flip 9 7 1
Drop 0 0 0
Destroy 9 7 1
Drop 5 0 0
Tile:5_flip 9 7 1
Map 12 3 0
Tile:7 8 3 1
Drop 6 0 0
Drop 6 0 1
Drop 3 0 0
Tile:10 6 6 1
Drop 3 0 0
Tile:8 7 3 1
Drop 6 0 0
Tile:10 7 2 1
Drop 3 0 0
Destroy 9 6 1
Drop 2 0 0
GAMEOVER USER CANCEL UNDECIDED
# Game ended: Mon Mar 23 00:21:19 EDT 2020
