# Server version 0.08 running on localhost:8125
# Game ID: 31
# Board class: Saboteur.SaboteurBoard
# Timeout: 20000
# First Move Timeout: 30000
# Date: Mon Mar 23 07:16:04 EDT 2020
# Player 1: Player-0, 'DummyPlayer', running on localhost
# Player 2: Player-1, 'MinMaxPlayer', running on localhost
START Player-0 DummyPlayer
START Player-1 MinMaxPlayer
BoardInit:Tile:6,Tile:8,Tile:5,Bonus,Destroy,Tile:7,Tile:15,Tile:7,Destroy,Tile:10,Tile:5,Tile:4,Tile:7,Tile:8,Bonus,Malus,Tile:8,Tile:2,Tile:10,Map,Tile:0,Tile:7,Map,Tile:13,Tile:0,Tile:12,Tile:3,Tile:6,Tile:9,Bonus,Destroy,Tile:6,Tile:8,Tile:7,Tile:0,Tile:11,Tile:8,Map,Tile:9-Map,Tile:9,Tile:9,Tile:9,Tile:6,Tile:0,Tile:6-Tile:5,Malus,Tile:14,Tile:5,Bonus,Tile:1,Tile:10-Tile:hidden2,Tile:hidden1,Tile:nugget
Tile:9 5 6 1
Drop 3 0 0
Tile:6 4 5 1
Tile:14_flip 4 4 0
Tile:6_flip 3 5 1
Tile:8 6 5 0
Tile:5 2 5 1
Tile:7 7 5 0
Tile:9_flip 5 4 1
Tile:7_flip 7 6 0
Drop 1 0 1
Drop 2 0 0
Destroy 7 5 1
Tile:5_flip 6 6 0
Tile:15 5 7 1
Drop 3 0 0
Map 12 3 1
Tile:10 5 8 0
Drop 5 0 1
Tile:8 5 3 0
Drop 3 0 1
Tile:2 8 6 0
Tile:6 8 7 1
Tile:7 9 6 0
Tile:7_flip 2 6 1
Drop 4 0 0
Destroy 6 6 1
Tile:4 5 2 0
Tile:0 7 7 1
Tile:6 6 3 0
Tile:3_flip 4 3 1
Malus 0 0 0
Map 12 3 1
Map 12 7 0
Destroy 5 7 1
Tile:6 9 7 0
Drop 3 0 1
Tile:13 10 7 0
Drop 6 0 1
Tile:7_flip 10 8 0
Drop 2 0 1
Tile:11 6 2 0
Drop 1 0 1
Map 12 5 0
Drop 3 0 1
Tile:10 5 9 0
Drop 0 0 1
Tile:12 7 3 0
Drop 2 0 1
Tile:1 7 2 0
Drop 0 0 1
Drop 0 0 0
Drop 0 0 1
GAMEOVER DRAW
# Game ended: Mon Mar 23 07:16:04 EDT 2020
