# Server version 0.08 running on localhost:8125
# Game ID: 116
# Board class: Saboteur.SaboteurBoard
# Timeout: 20000
# First Move Timeout: 30000
# Date: Mon Mar 23 08:05:09 EDT 2020
# Player 1: Player-0, 'AlphaBetaPlayer', running on localhost
# Player 2: Player-1, 'RandomPlayer', running on localhost
START Player-0 AlphaBetaPlayer
START Player-1 RandomPlayer
BoardInit:Bonus,Tile:6,Tile:10,Tile:10,Map,Tile:5,Tile:12,Tile:8,Tile:8,Tile:7,Destroy,Tile:5,Tile:11,Tile:0,Tile:6,Tile:2,Map,Tile:0,Tile:7,Tile:8,Tile:9,Tile:9,Bonus,Tile:10,Tile:6,Tile:8,Malus,Tile:8,Map,Tile:4,Tile:6,Tile:7,Tile:15,Tile:14,Tile:0,Tile:3,Tile:13,Tile:1,Bonus-Tile:7,Tile:5,Tile:9,Destroy,Tile:6,Map,Bonus-Tile:5,Tile:9,Destroy,Tile:9,Tile:0,Tile:7,Malus-Tile:hidden1,Tile:nugget,Tile:hidden2
Tile:9 4 5 1
Tile:7 5 4 0
Destroy 4 5 1
Destroy 5 4 0
Tile:5_flip 6 5 1
Tile:10 5 4 0
Tile:10 6 4 1
Tile:5 5 3 0
Drop 3 0 1
Malus 0 0 0
Map 12 3 1
Drop 1 0 0
Map 12 5 1
Tile:7 6 3 0
Drop 2 0 1
Tile:5 4 5 0
Drop 0 0 1
Drop 1 0 0
Map 12 7 1
Tile:9 5 6 0
Destroy 5 4 1
Tile:2 6 6 0
Drop 0 0 1
Tile:5_flip 6 7 0
Drop 5 0 1
Drop 0 0 0
Drop 0 0 1
Drop 0 0 0
Drop 2 0 1
Tile:10 5 4 0
Bonus 0 0 1
Tile:0 7 6 0
Tile:6 5 7 1
Tile:8 8 6 0
Tile:6_flip 9 6 1
Tile:4_flip 4 6 0
Tile:0 4 7 1
Tile:8 8 7 0
Tile:11_flip 8 5 1
Tile:14_flip 3 7 0
Tile:7 8 4 1
Drop 1 0 0
Tile:8 9 7 1
Tile:1 10 6 0
Drop 0 0 1
Drop 2 0 0
Tile:13 3 8 1
Tile:8 3 9 0
Drop 2 0 1
Tile:3_flip 2 8 0
Map 12 7 1
Tile:0 2 9 0
Tile:15 8 8 1
GAMEOVER DRAW
# Game ended: Mon Mar 23 08:05:09 EDT 2020
