# Server version 0.08 running on localhost:8125
# Game ID: 29
# Board class: Saboteur.SaboteurBoard
# Timeout: 20000
# First Move Timeout: 30000
# Date: Mon Mar 23 07:15:34 EDT 2020
# Player 1: Player-0, 'MinMaxPlayer', running on localhost
# Player 2: Player-1, 'DummyPlayer', running on localhost
START Player-0 MinMaxPlayer
START Player-1 DummyPlayer
BoardInit:Malus,Destroy,Tile:6,Tile:0,Map,Tile:6,Bonus,Tile:8,Tile:14,Tile:8,Bonus,Bonus,Tile:7,Map,Tile:1,Tile:9,Tile:11,Tile:12,Map,Tile:5,Tile:0,Tile:6,Destroy,Tile:10,Malus,Bonus,Tile:15,Tile:9,Tile:8,Tile:8,Tile:7,Tile:2,Tile:8,Tile:3,Tile:10,Tile:9,Tile:7,Map,Tile:5-Tile:10,Tile:9,Tile:9,Tile:6,Destroy,Tile:0,Tile:0-Tile:5,Tile:7,Tile:7,Tile:4,Tile:6,Tile:5,Tile:13-Tile:hidden2,Tile:hidden1,Tile:nugget
Tile:0 6 5 1
Tile:7_flip 5 6 0
Tile:10 5 4 1
Tile:6 7 5 0
Tile:6_flip 7 4 1
Tile:13 8 4 0
Tile:6_flip 6 6 1
Tile:5_flip 8 5 0
Destroy 7 4 1
Tile:8 4 5 0
Drop 3 0 1
Destroy 5 4 0
Tile:14 6 7 1
Tile:5_flip 4 6 0
Tile:9_flip 5 4 1
Tile:0 5 7 0
Tile:7_flip 3 5 1
Tile:9_flip 9 4 0
Tile:1 4 7 1
Tile:7 7 6 0
Tile:9 3 7 1
Tile:5 7 4 0
Tile:11 4 4 1
Tile:6_flip 3 6 0
Drop 4 0 1
Drop 2 0 0
Tile:0 2 6 1
Tile:4 3 4 0
Destroy 7 4 1
Drop 2 0 0
Drop 0 0 1
Tile:8 9 3 0
Tile:8 8 3 1
Tile:10 9 5 0
Drop 0 0 1
Tile:3_flip 9 6 0
Tile:8 7 3 1
Tile:9 7 7 0
Tile:15 7 2 1
Tile:8 7 8 0
Tile:5 5 3 1
Tile:9 7 4 0
Tile:10 8 2 1
Tile:6 10 3 0
Drop 3 0 1
Drop 2 0 0
Tile:0 6 8 1
Map 12 5 0
Drop 0 0 1
Drop 0 0 0
Tile:7 10 6 1
Map 12 5 0
Drop 0 0 1
GAMEOVER DRAW
# Game ended: Mon Mar 23 07:15:34 EDT 2020
