# Server version 0.08 running on localhost:8125
# Game ID: 25
# Board class: Saboteur.SaboteurBoard
# Timeout: 20000
# First Move Timeout: 30000
# Date: Mon Mar 23 07:15:20 EDT 2020
# Player 1: Player-0, 'DummyPlayer', running on localhost
# Player 2: Player-1, 'MinMaxPlayer', running on localhost
START Player-0 DummyPlayer
START Player-1 MinMaxPlayer
BoardInit:Bonus,Tile:7,Tile:6,Tile:10,Tile:11,Tile:9,Tile:7,Tile:6,Tile:7,Map,Malus,Tile:1,Tile:8,Tile:4,Bonus,Tile:9,Tile:8,Tile:2,Tile:7,Bonus,Tile:5,Tile:12,Map,Malus,Bonus,Tile:9,Tile:6,Tile:9,Tile:6,Tile:0,Tile:10,Tile:3,Tile:0,Destroy,Tile:15,Tile:8,Destroy,Tile:5,Tile:5-Tile:14,Tile:0,Tile:13,Tile:9,Map,Tile:8,Tile:5-Tile:6,Map,Destroy,Tile:7,Tile:0,Tile:10,Tile:8-Tile:nugget,Tile:hidden1,Tile:hidden2
Tile:8 4 5 1
Map 12 5 0
Tile:13 3 5 1
Tile:7_flip 4 6 0
Tile:14 3 6 1
Tile:10 5 4 0
Tile:6_flip 6 5 1
Tile:6 6 6 0
Tile:7 5 3 1
Tile:7_flip 4 3 0
Tile:11 4 2 1
Tile:8 5 6 0
Tile:7 4 1 1
Tile:9 2 5 0
Tile:8 2 6 1
Tile:6 3 1 0
Tile:5 2 1 1
Tile:10 5 7 0
Tile:9 2 4 1
Tile:2 3 4 0
Map 12 5 1
Destroy 2 1 0
Tile:5_flip 5 8 1
Map 12 3 0
Map 12 5 1
Tile:1 1 6 0
Tile:7 4 4 1
Tile:0 7 6 0
Tile:0 2 1 1
Tile:9 2 3 0
Tile:6 7 5 1
Tile:9 1 1 0
Tile:8 1 2 1
Tile:4 1 0 0
Tile:0 0 2 1
Destroy 5 8 0
Tile:6_flip 2 2 1
Tile:9_flip 8 5 0
Destroy 4 2 1
Tile:8 8 6 0
Tile:10 1 3 1
Tile:12 3 3 0
Tile:5_flip 8 7 1
Tile:3 9 6 0
Tile:15 8 4 1
Drop 2 0 0
Drop 1 0 1
Tile:5 8 3 0
Drop 2 0 1
Drop 1 0 0
Drop 0 0 1
Drop 0 0 0
Drop 0 0 1
GAMEOVER DRAW
# Game ended: Mon Mar 23 07:15:21 EDT 2020
