# Server version 0.08 running on 192.168.0.101:8125
# Game ID: 53
# Board class: Saboteur.SaboteurBoard
# Timeout: 20000
# First Move Timeout: 30000
# Date: Mon Mar 23 07:25:25 EDT 2020
# Player 1: Player-0, 'MinMaxPlayer', running on localhost
# Player 2: Player-1, 'MinMaxPlayer', running on localhost
START Player-0 MinMaxPlayer
START Player-1 MinMaxPlayer
BoardInit:Destroy,Bonus,Bonus,Tile:7,Destroy,Tile:10,Destroy,Tile:15,Tile:8,Map,Map,Bonus,Map,Tile:1,Tile:8,Tile:14,Tile:12,Tile:6,Tile:7,Tile:8,Tile:8,Bonus,Tile:7,Tile:6,Malus,Tile:0,Map,Tile:3,Tile:10,Tile:11,Tile:9,Tile:5,Tile:6,Tile:0,Tile:9,Tile:2,Tile:9,Tile:8,Malus-Tile:13,Tile:6,Tile:9,Tile:7,Tile:0,Tile:9,Tile:4-Tile:6,Tile:7,Tile:5,Tile:5,Tile:5,Tile:10,Tile:0-Tile:hidden2,Tile:nugget,Tile:hidden1
Tile:6_flip 4 5 1
Tile:10 5 4 0
Tile:9_flip 5 3 1
Tile:6 3 5 0
Tile:9 5 2 1
Tile:7 6 2 0
Tile:0 4 3 1
Drop 6 0 0
Destroy 4 5 1
Tile:0 2 5 0
Destroy 6 2 1
Drop 0 0 0
Destroy 4 3 1
Tile:7 6 5 0
Tile:8 6 6 1
Tile:5_flip 7 6 0
Tile:8 4 3 1
Tile:5 7 5 0
Tile:13 1 5 1
Tile:6 6 7 0
Tile:7 7 7 1
Tile:8 5 7 0
Map 12 3 1
Tile:14 6 2 0
Tile:8 4 7 1
Tile:1 4 5 0
Tile:7 4 2 1
Tile:6 0 5 0
Drop 6 0 1
Tile:15 1 4 0
Tile:4 0 4 1
Tile:11 3 2 0
Tile:9_flip 6 1 1
Drop 1 0 0
Drop 5 0 1
Tile:5 5 1 0
Tile:9 6 0 1
Tile:2 3 7 0
Tile:9 2 7 1
Tile:8 8 5 0
Tile:7_flip 1 6 1
Tile:3 4 6 0
Malus 0 0 1
Drop 3 0 0
Tile:6_flip 7 0 1
Drop 2 0 0
Tile:12 9 5 1
Drop 0 0 0
Map 12 7 1
Drop 1 0 0
Malus 0 0 1
Bonus 0 0 0
Drop 0 0 1
GAMEOVER DRAW
# Game ended: Mon Mar 23 07:25:26 EDT 2020
