# Server version 0.08 running on localhost:8125
# Game ID: 111
# Board class: Saboteur.SaboteurBoard
# Timeout: 20000
# First Move Timeout: 30000
# Date: Mon Mar 23 08:05:01 EDT 2020
# Player 1: Player-0, 'RandomPlayer', running on localhost
# Player 2: Player-1, 'AlphaBetaPlayer', running on localhost
START Player-0 RandomPlayer
START Player-1 AlphaBetaPlayer
BoardInit:Tile:4,Map,Map,Tile:10,Tile:8,Malus,Tile:8,Tile:0,Tile:7,Map,Tile:5,Destroy,Destroy,Bonus,Tile:12,Tile:6,Tile:9,Tile:5,Tile:9,Malus,Tile:7,Tile:3,Bonus,Tile:9,Tile:8,Bonus,Tile:6,Tile:5,Tile:15,Tile:6,Tile:0,Map,Tile:0,Tile:7,Tile:9,Tile:10,Tile:11,Tile:6,Tile:14-Tile:8,Tile:7,Tile:13,Tile:2,Tile:8,Destroy,Tile:5-Bonus,Tile:10,Tile:0,Tile:9,Tile:6,Tile:1,Tile:7-Tile:nugget,Tile:hidden2,Tile:hidden1
Tile:8 5 6 1
Tile:0 6 6 0
Tile:7 7 6 1
Tile:1 4 5 0
Tile:2_flip 6 5 1
Tile:9_flip 6 4 0
Map 12 7 1
Map 12 3 0
Tile:8 3 5 1
Malus 0 0 0
Destroy 6 5 1
Tile:6_flip 4 6 0
Drop 0 0 1
Tile:7 3 4 0
Destroy 7 6 1
Tile:0 7 6 0
Drop 5 0 1
Tile:6_flip 8 6 0
Drop 3 0 1
Tile:10 8 7 0
Drop 2 0 1
Destroy 7 6 0
Drop 0 0 1
Drop 5 0 0
Drop 5 0 1
Tile:5_flip 9 6 0
Drop 0 0 1
Tile:3_flip 8 8 0
Drop 6 0 1
Tile:5 5 4 0
Drop 1 0 1
Tile:6 7 6 0
Drop 4 0 1
Tile:9 6 3 0
Drop 0 0 1
Map 12 7 0
Drop 4 0 1
Tile:7 9 5 0
Drop 0 0 1
Tile:10 6 2 0
Drop 4 0 1
Tile:6_flip 2 5 0
Bonus 0 0 1
Drop 4 0 0
Tile:14 6 5 1
Drop 2 0 0
Tile:11 7 5 1
Drop 1 0 0
Tile:9 2 6 1
Drop 0 0 0
Tile:0 1 5 1
Map 12 5 0
Drop 0 0 1
GAMEOVER DRAW
# Game ended: Mon Mar 23 08:05:01 EDT 2020
