# Server version 0.08 running on localhost:8123
# Game ID: 10
# Board class: Saboteur.SaboteurBoard
# Timeout: 20000
# First Move Timeout: 30000
# Date: Mon Mar 23 00:09:56 EDT 2020
# Player 1: Player-0, 'MinMaxPlayer', running on localhost
# Player 2: Player-1, 'DummyPlayer', running on localhost
START Player-0 MinMaxPlayer
START Player-1 DummyPlayer
BoardInit:Tile:9,Tile:5,Tile:8,Tile:9,Tile:0,Tile:8,Tile:6,Tile:5,Destroy,Destroy,Tile:10,Tile:9,Map,Tile:7,Tile:8,Tile:0,Tile:12,Tile:0,Tile:7,Tile:14,Bonus,Malus,Tile:15,Map,Tile:9,Tile:8,Tile:13,Tile:8,Tile:1,Tile:0,Tile:6,Tile:5,Tile:6,Tile:5,Destroy,Tile:6,Tile:4,Tile:6,Map-Tile:10,Bonus,Tile:10,Bonus,Malus,Tile:7,Bonus-Tile:3,Map,Tile:11,Tile:7,Tile:9,Tile:7,Tile:2-Tile:hidden1,Tile:nugget,Tile:hidden2
Drop 0 0 1
Tile:9_flip 5 4 0
Drop 5 0 1
Tile:3 5 3 0
Tile:8 5 6 1
Tile:2_flip 5 7 0
Tile:0 4 4 1
Tile:9 3 4 0
Tile:6_flip 6 7 1
Tile:11 6 8 0
Tile:9_flip 7 8 1
Tile:7_flip 7 9 0
Tile:7 3 3 1
Map 12 7 0
Tile:10 3 5 1
Tile:7_flip 3 6 0
Tile:8 8 9 1
Destroy 7 8 0
Drop 1 0 1
Tile:8 4 6 0
Tile:10 8 10 1
Tile:7_flip 8 11 0
Tile:7 7 8 1
Tile:5 8 8 0
Destroy 5 3 1
Tile:0 6 6 0
Tile:9_flip 6 9 1
Tile:9 2 3 0
Tile:12_flip 5 9 1
Tile:14 6 5 0
Tile:13 9 9 1
Tile:5_flip 6 10 0
Tile:6 4 7 1
Tile:5_flip 7 7 0
Drop 4 0 1
Tile:5 5 10 0
Destroy 3 6 1
Tile:6_flip 9 8 0
Tile:6_flip 7 6 1
Tile:8 10 8 0
Drop 2 0 1
Drop 5 0 0
Tile:1 3 7 1
Tile:0 8 6 0
Tile:4 6 4 1
Drop 2 0 0
Map 12 3 1
Map 12 7 0
Malus 0 0 1
Drop 1 0 0
Drop 0 0 1
Malus 0 0 0
Drop 0 0 1
GAMEOVER DRAW
# Game ended: Mon Mar 23 00:18:36 EDT 2020
