# Server version 0.08 running on localhost:8125
# Game ID: 30
# Board class: Saboteur.SaboteurBoard
# Timeout: 20000
# First Move Timeout: 30000
# Date: Mon Mar 23 07:15:36 EDT 2020
# Player 1: Player-0, 'DummyPlayer', running on localhost
# Player 2: Player-1, 'MinMaxPlayer', running on localhost
START Player-0 DummyPlayer
START Player-1 MinMaxPlayer
BoardInit:Tile:7,Tile:8,Tile:0,Destroy,Tile:0,Tile:4,Malus,Tile:9,Tile:9,Tile:6,Map,Tile:8,Tile:12,Map,Tile:6,Tile:11,Tile:15,Tile:1,Tile:5,Tile:9,Map,Tile:7,Destroy,Tile:5,Bonus,Tile:9,Map,Bonus,Tile:5,Tile:6,Tile:8,Tile:2,Tile:0,Tile:7,Bonus,Destroy,Tile:3,Tile:9,Tile:7-Tile:6,Tile:14,Bonus,Tile:10,Tile:8,Tile:10,Malus-Tile:6,Tile:8,Tile:5,Tile:10,Tile:0,Tile:7,Tile:13-Tile:hidden2,Tile:hidden1,Tile:nugget
Tile:6 4 5 1
Tile:13 3 5 0
Tile:10 4 4 1
Tile:8 6 5 0
Tile:0 2 5 1
Drop 3 0 0
Tile:10 3 6 1
Destroy 4 4 0
Tile:7 3 4 1
Tile:10 4 4 0
Tile:8 6 6 1
Drop 1 0 0
Drop 2 0 1
Tile:7 7 6 0
Drop 5 0 1
Tile:4 5 4 0
Tile:12_flip 2 4 1
Tile:8 4 3 0
Drop 1 0 1
Tile:8 5 6 0
Tile:6 5 7 1
Tile:6 5 3 0
Tile:15 5 2 1
Tile:11 3 7 0
Tile:5 6 4 1
Tile:9_flip 4 2 0
Destroy 5 4 1
Tile:6 6 3 0
Tile:14 6 7 1
Tile:1 3 3 0
Tile:9_flip 7 4 1
Tile:6 1 5 0
Tile:0 2 3 1
Drop 1 0 0
Tile:8 4 1 1
Tile:7_flip 0 5 0
Tile:5 4 6 1
Tile:9 1 3 0
Tile:3_flip 7 7 1
Destroy 4 6 0
Tile:7_flip 3 2 1
Tile:9 3 1 0
Drop 2 0 1
Tile:5 4 0 0
Drop 0 0 1
Tile:7 1 2 0
Tile:0 4 7 1
Tile:2_flip 5 0 0
Drop 2 0 1
Drop 0 0 0
Map 12 3 1
Drop 0 0 0
Map 12 7 1
GAMEOVER DRAW
# Game ended: Mon Mar 23 07:15:36 EDT 2020
