# Server version 0.08 running on localhost:8125
# Game ID: 115
# Board class: Saboteur.SaboteurBoard
# Timeout: 20000
# First Move Timeout: 30000
# Date: Mon Mar 23 08:05:07 EDT 2020
# Player 1: Player-0, 'RandomPlayer', running on localhost
# Player 2: Player-1, 'AlphaBetaPlayer', running on localhost
START Player-0 RandomPlayer
START Player-1 AlphaBetaPlayer
BoardInit:Tile:7,Tile:8,Destroy,Tile:0,Tile:9,Tile:3,Tile:9,Tile:9,Tile:6,Tile:12,Tile:10,Tile:8,Map,Tile:11,Bonus,Tile:9,Map,Tile:1,Tile:0,Tile:0,Tile:4,Tile:13,Tile:9,Tile:5,Tile:6,Destroy,Tile:7,Bonus,Tile:2,Map,Malus,Tile:6,Tile:6,Tile:10,Tile:7,Tile:8,Tile:14,Tile:8,Tile:5-Malus,Tile:15,Tile:8,Tile:5,Tile:7,Tile:10,Bonus-Tile:6,Tile:7,Destroy,Bonus,Map,Tile:5,Tile:0-Tile:hidden1,Tile:nugget,Tile:hidden2
Tile:8 5 6 1
Tile:6_flip 4 6 0
Tile:10 4 7 1
Destroy 4 7 0
Tile:7_flip 5 7 1
Drop 1 0 0
Tile:9_flip 6 5 1
Tile:0 4 5 0
Tile:9_flip 5 4 1
Drop 0 0 0
Tile:6_flip 6 7 1
Drop 1 0 0
Destroy 5 6 1
Tile:0 4 4 0
Tile:10 6 4 1
Tile:9 3 6 0
Tile:7_flip 3 4 1
Tile:8 7 7 0
Tile:5_flip 6 6 1
Tile:11_flip 4 7 0
Tile:15 7 8 1
Map 12 7 0
Drop 5 0 1
Tile:8 3 7 0
Tile:9 7 6 1
Tile:9 3 8 0
Tile:6 4 8 1
Tile:13 8 7 0
Map 12 3 1
Tile:5_flip 6 8 0
Malus 0 0 1
Drop 2 0 0
Tile:2 5 8 1
Map 12 3 0
Tile:7_flip 8 8 1
Destroy 4 6 0
Tile:7 4 6 1
Drop 4 0 0
Tile:6_flip 2 7 1
Drop 0 0 0
Tile:4 3 3 1
Drop 1 0 0
Tile:14_flip 7 5 1
Drop 0 0 0
Drop 0 0 1
Drop 2 0 0
Tile:5_flip 8 5 1
Bonus 0 0 0
Map 12 7 1
Drop 1 0 0
Malus 0 0 1
Drop 0 0 0
Drop 0 0 1
GAMEOVER DRAW
# Game ended: Mon Mar 23 08:05:07 EDT 2020
