# Server version 0.08 running on localhost:8125
# Game ID: 100
# Board class: Saboteur.SaboteurBoard
# Timeout: 20000
# First Move Timeout: 30000
# Date: Mon Mar 23 07:37:02 EDT 2020
# Player 1: Player-0, 'MinMaxPlayer', running on localhost
# Player 2: Player-1, 'RandomPlayer', running on localhost
START Player-0 MinMaxPlayer
START Player-1 RandomPlayer
BoardInit:Bonus,Tile:8,Tile:7,Tile:8,Malus,Destroy,Tile:0,Tile:10,Tile:8,Tile:7,Malus,Tile:8,Tile:10,Tile:9,Tile:2,Tile:9,Destroy,Tile:0,Destroy,Tile:0,Tile:6,Bonus,Tile:5,Tile:6,Tile:1,Tile:7,Tile:12,Tile:7,Tile:9,Map,Tile:9,Tile:6,Tile:3,Tile:5,Tile:4,Tile:6,Tile:10,Tile:6,Tile:7-Tile:0,Tile:5,Map,Map,Map,Tile:8,Tile:9-Bonus,Tile:11,Bonus,Tile:13,Tile:5,Tile:15,Tile:14-Tile:hidden2,Tile:hidden1,Tile:nugget
Tile:9 5 4 1
Tile:14 5 6 0
Tile:0 6 4 1
Tile:13 5 3 0
Tile:7_flip 4 3 1
Tile:11 4 5 0
Tile:8 5 2 1
Destroy 5 3 0
Map 12 7 1
Tile:8 6 2 0
Malus 0 0 1
Drop 4 0 0
Map 12 5 1
Drop 3 0 0
Tile:5_flip 6 3 1
Drop 2 0 0
Tile:8 5 3 1
Drop 6 0 0
Tile:2_flip 7 2 1
Drop 2 0 0
Map 12 3 1
Drop 4 0 0
Destroy 5 4 1
Bonus 0 0 0
Tile:10 5 1 1
Tile:8 7 4 0
Tile:0 6 5 1
Tile:7 4 4 0
Tile:5 4 2 1
Drop 5 0 0
Destroy 6 5 1
Tile:7_flip 4 6 0
Tile:6_flip 6 5 1
Tile:6 8 2 0
Tile:9 7 1 1
Tile:5 7 0 0
Tile:9 5 4 1
Tile:6 7 5 0
Tile:12_flip 3 4 1
Tile:6 8 0 0
Tile:3 8 5 1
Drop 1 0 0
Tile:4 6 1 1
Tile:0 9 2 0
Drop 0 0 1
Tile:6 9 0 0
Tile:7 10 2 1
Drop 1 0 0
Tile:10 10 3 1
Drop 0 0 0
Malus 0 0 1
Map 12 5 0
Tile:1 10 0 1
GAMEOVER DRAW
# Game ended: Mon Mar 23 07:37:03 EDT 2020
