# Server version 0.08 running on localhost:8125
# Game ID: 70
# Board class: Saboteur.SaboteurBoard
# Timeout: 20000
# First Move Timeout: 30000
# Date: Mon Mar 23 07:28:16 EDT 2020
# Player 1: Player-0, 'MinMaxPlayer', running on localhost
# Player 2: Player-1, 'Human', running on localhost
START Player-0 MinMaxPlayer
START Player-1 Human
BoardInit:Destroy,Tile:6,Tile:8,Tile:0,Tile:10,Map,Tile:9,Tile:10,Tile:8,Tile:0,Malus,Destroy,Map,Map,Tile:15,Bonus,Tile:1,Tile:7,Tile:7,Tile:6,Tile:2,Tile:11,Bonus,Tile:8,Tile:7,Tile:5,Tile:7,Tile:14,Tile:0,Tile:5,Tile:13,Tile:6,Tile:6,Tile:0,Tile:12,Malus,Map,Bonus,Tile:4-Tile:5,Tile:5,Bonus,Tile:10,Tile:8,Tile:8,Tile:9-Tile:9,Tile:9,Tile:3,Tile:9,Destroy,Tile:6,Tile:7-Tile:hidden2,Tile:hidden1,Tile:nugget
Tile:8 6 5 1
Tile:9 6 6 0
Tile:8 7 5 1
Tile:7 8 5 0
Tile:9 8 6 1
Drop 4 0 0
Tile:8 9 6 1
Tile:9 9 5 0
Tile:9 9 7 1
Tile:3 10 5 0
Tile:8 10 7 1
Tile:10 5 6 0
Malus 0 0 1
Destroy 6 5 0
Map 12 7 1
Drop 5 0 0
Drop 6 0 1
Drop 5 0 0
Drop 6 0 1
Bonus 0 0 0
Tile:10 9 4 1
Tile:0 11 7 0
Drop 6 0 1
Tile:7_flip 9 8 0
Tile:7 5 4 1
Tile:6 6 7 0
Drop 6 0 1
Tile:11_flip 10 8 0
Drop 6 0 1
Tile:14 8 7 0
Destroy 6 6 1
Drop 3 0 0
Drop 6 0 1
Tile:5 6 6 0
Tile:6 6 5 1
GAMEOVER WINNER 1
# Game ended: Mon Mar 23 07:30:19 EDT 2020
