# Server version 0.08 running on localhost:8125
# Game ID: 106
# Board class: Saboteur.SaboteurBoard
# Timeout: 20000
# First Move Timeout: 30000
# Date: Mon Mar 23 07:37:13 EDT 2020
# Player 1: Player-0, 'MinMaxPlayer', running on localhost
# Player 2: Player-1, 'RandomPlayer', running on localhost
START Player-0 MinMaxPlayer
START Player-1 RandomPlayer
BoardInit:Tile:0,Destroy,Tile:6,Malus,Tile:6,Tile:7,Bonus,Tile:5,Map,Bonus,Destroy,Tile:15,Tile:11,Tile:10,Tile:3,Tile:9,Tile:9,Tile:8,Tile:8,Tile:8,Tile:9,Tile:8,Tile:0,Tile:9,Tile:13,Tile:2,Tile:0,Tile:1,Tile:10,Tile:5,Bonus,Tile:7,Tile:4,Malus,Bonus,Tile:6,Map,Tile:10,Tile:6-Tile:7,Tile:5,Tile:0,Tile:5,Tile:9,Map,Map-Destroy,Tile:12,Tile:6,Tile:14,Tile:7,Tile:8,Tile:7-Tile:hidden2,Tile:hidden1,Tile:nugget
Tile:9_flip 6 5 1
Tile:14_flip 5 4 0
Tile:0 4 5 1
Tile:8 3 5 0
Map 12 3 1
Tile:7 3 4 0
Tile:6 2 5 1
Tile:7_flip 3 6 0
Tile:5_flip 6 6 1
Destroy 2 5 0
Tile:0 2 5 1
Drop 0 0 0
Drop 2 0 1
Tile:6_flip 1 5 0
Tile:11 1 6 1
Destroy 5 4 0
Destroy 1 6 1
Tile:9 5 4 0
Tile:3_flip 5 6 1
Tile:10 1 6 0
Tile:7 6 4 1
Drop 4 0 0
Tile:9_flip 5 3 1
Tile:7 4 6 0
Tile:6 2 4 1
Tile:8 5 2 0
Tile:0 0 5 1
Tile:9_flip 6 2 0
Drop 6 0 1
Drop 6 0 0
Tile:5 2 3 1
Malus 0 0 0
Drop 3 0 1
Tile:5 5 1 0
Bonus 0 0 1
Tile:5 4 2 0
Tile:4_flip 6 3 1
Tile:7_flip 4 3 0
Tile:13 6 1 1
Tile:10 4 7 0
Tile:6 1 4 1
Tile:8 1 7 0
Map 12 7 1
Tile:6_flip 6 0 0
Tile:8 7 0 1
Tile:8 1 8 0
Tile:10 4 8 1
Tile:2_flip 5 0 0
Map 12 7 1
Drop 1 0 0
Drop 0 0 1
Drop 0 0 0
Drop 0 0 1
GAMEOVER DRAW
# Game ended: Mon Mar 23 07:37:14 EDT 2020
