# Server version 0.08 running on localhost:8125
# Game ID: 93
# Board class: Saboteur.SaboteurBoard
# Timeout: 20000
# First Move Timeout: 30000
# Date: Mon Mar 23 07:35:12 EDT 2020
# Player 1: Player-0, 'RandomPlayer', running on localhost
# Player 2: Player-1, 'MinMaxPlayer', running on localhost
START Player-0 RandomPlayer
START Player-1 MinMaxPlayer
BoardInit:Tile:9,Tile:9,Destroy,Tile:6,Tile:9,Tile:8,Tile:1,Tile:14,Tile:9,Map,Tile:8,Malus,Bonus,Tile:5,Map,Map,Bonus,Tile:4,Tile:7,Tile:10,Tile:15,Tile:5,Tile:10,Tile:6,Tile:2,Tile:7,Tile:6,Tile:0,Tile:0,Tile:0,Tile:6,Bonus,Tile:7,Tile:10,Tile:8,Tile:8,Tile:7,Tile:7,Destroy-Tile:5,Tile:11,Tile:5,Tile:8,Tile:0,Map,Malus-Tile:13,Tile:6,Tile:9,Tile:3,Destroy,Tile:12,Bonus-Tile:hidden1,Tile:nugget,Tile:hidden2
Map 12 3 1
Tile:13 5 6 0
Tile:5_flip 5 7 1
Tile:6 6 5 0
Tile:0 4 5 1
Tile:9 4 7 0
Malus 0 0 1
Drop 1 0 0
Tile:9_flip 6 4 1
Drop 5 0 0
Tile:9 6 3 1
Drop 1 0 0
Tile:8 6 2 1
Drop 0 0 0
Tile:9_flip 7 3 1
Malus 0 0 0
Map 12 7 1
Drop 5 0 0
Destroy 6 2 1
Drop 3 0 0
Drop 4 0 1
Map 12 5 0
Drop 3 0 1
Map 12 3 0
Drop 5 0 1
Drop 5 0 0
Drop 0 0 1
Drop 0 0 0
Drop 6 0 1
Drop 5 0 0
Drop 1 0 1
Drop 0 0 0
Drop 4 0 1
Drop 4 0 0
Drop 0 0 1
Drop 0 0 0
Drop 4 0 1
Drop 4 0 0
Drop 0 0 1
Drop 6 0 0
Drop 1 0 1
Drop 3 0 0
Destroy 7 3 1
Drop 2 0 0
Drop 3 0 1
Drop 2 0 0
Drop 0 0 1
Drop 1 0 0
Drop 2 0 1
Drop 0 0 0
Drop 0 0 1
Drop 0 0 0
Drop 0 0 1
GAMEOVER DRAW
# Game ended: Mon Mar 23 07:35:12 EDT 2020
