# Server version 0.08 running on localhost:8125
# Game ID: 17
# Board class: Saboteur.SaboteurBoard
# Timeout: 20000
# First Move Timeout: 30000
# Date: Mon Mar 23 00:23:50 EDT 2020
# Player 1: Player-0, 'DummyPlayer', running on localhost
# Player 2: Player-1, 'MinMaxPlayer', running on localhost
START Player-0 DummyPlayer
START Player-1 MinMaxPlayer
BoardInit:Tile:6,Destroy,Bonus,Tile:10,Tile:0,Tile:0,Tile:8,Tile:6,Tile:6,Tile:5,Map,Tile:8,Map,Bonus,Tile:10,Tile:14,Tile:5,Tile:6,Tile:5,Tile:8,Map,Tile:11,Tile:13,Tile:9,Malus,Tile:10,Bonus,Tile:7,Tile:9,Tile:12,Tile:0,Tile:15,Destroy,Tile:4,Tile:8,Tile:6,Tile:0,Tile:9,Tile:1-Tile:7,Tile:9,Tile:9,Tile:7,Tile:2,Bonus,Tile:8-Destroy,Malus,Tile:5,Tile:3,Tile:7,Map,Tile:7-Tile:nugget,Tile:hidden1,Tile:hidden2
Tile:9_flip 6 5 1
Map 12 7 0
Tile:7 6 4 1
Tile:3_flip 5 6 0
Tile:7_flip 4 5 1
Tile:7 4 4 0
Drop 3 0 1
Tile:5 3 4 0
Tile:8 6 6 1
Destroy 6 4 0
Tile:6_flip 7 6 1
Tile:6_flip 8 6 0
Tile:9 8 7 1
Tile:5_flip 9 7 0
Drop 5 0 1
Tile:10 7 7 0
Tile:6_flip 6 4 1
Destroy 9 7 0
Tile:2_flip 9 7 1
Drop 1 0 0
Tile:5 5 4 1
Malus 0 0 0
Map 12 7 1
Tile:8 9 6 0
Drop 0 0 1
Drop 5 0 0
Malus 0 0 1
Drop 0 0 0
Drop 2 0 1
Drop 6 0 0
Bonus 0 0 1
Drop 1 0 0
Tile:0 7 4 1
Drop 4 0 0
Tile:9_flip 6 7 1
Drop 0 0 0
Tile:8 8 8 1
Drop 3 0 0
Drop 6 0 1
Drop 6 0 0
Tile:5_flip 8 9 1
Drop 3 0 0
Tile:13 10 7 1
Drop 2 0 0
Map 12 7 1
Drop 2 0 0
Tile:0 7 9 1
Drop 1 0 0
Destroy 4 4 1
Drop 0 0 0
Tile:1 8 4 1
Drop 0 0 0
Drop 0 0 1
GAMEOVER DRAW
# Game ended: Mon Mar 23 00:23:50 EDT 2020
