# Server version 0.08 running on localhost:8124
# Game ID: 8
# Board class: Saboteur.SaboteurBoard
# Timeout: 20000
# First Move Timeout: 30000
# Date: Mon Mar 23 00:07:53 EDT 2020
# Player 1: Player-0, 'MinMaxPlayer', running on localhost
# Player 2: Player-1, 'DummyPlayer', running on localhost
START Player-0 MinMaxPlayer
START Player-1 DummyPlayer
BoardInit:Tile:3,Tile:6,Tile:1,Map,Destroy,Tile:11,Tile:10,Tile:7,Tile:7,Tile:8,Tile:0,Bonus,Tile:8,Tile:5,Tile:15,Tile:9,Tile:14,Bonus,Tile:0,Tile:8,Tile:9,Tile:4,Destroy,Tile:10,Tile:5,Tile:0,Tile:8,Map,Bonus,Tile:10,Tile:12,Tile:7,Tile:6,Tile:6,Tile:9,Tile:0,Tile:6,Tile:9,Tile:7-Malus,Map,Tile:13,Tile:6,Bonus,Destroy,Tile:7-Tile:8,Tile:5,Tile:9,Tile:2,Map,Malus,Tile:5-Tile:nugget,Tile:hidden1,Tile:hidden2
Drop 2 0 1
Tile:9 4 5 0
Drop 1 0 1
Map 12 7 0
Destroy 4 5 1
Map 12 3 0
Tile:3_flip 5 6 1
Tile:5_flip 6 6 0
Tile:7 6 5 1
Drop 3 0 0
Destroy 6 5 1
Tile:2 5 4 0
Tile:6_flip 4 4 1
Drop 4 0 0
Tile:8 6 5 1
Tile:8 6 4 0
Tile:10 6 3 1
Tile:8 4 5 0
Tile:7_flip 3 5 1
Tile:5_flip 4 6 0
Tile:1 3 6 1
Tile:11_flip 6 2 0
Tile:0 7 5 1
Tile:6 2 6 0
Tile:0 7 4 1
Tile:9_flip 8 4 0
Malus 0 0 1
Drop 3 0 0
Tile:5 1 6 1
Drop 5 0 0
Tile:9_flip 6 1 1
Bonus 0 0 0
Destroy 7 5 1
Tile:4 2 5 0
Tile:14 8 5 1
Tile:6_flip 7 5 0
Tile:6_flip 3 4 1
Tile:7_flip 2 4 0
Tile:9_flip 2 3 1
Tile:0 5 2 0
Tile:6_flip 4 2 1
Drop 3 0 0
Tile:7_flip 7 6 1
Tile:10 1 7 0
Drop 3 0 1
Tile:10 6 0 0
Tile:8 2 2 1
Drop 1 0 0
Tile:12_flip 5 1 1
Malus 0 0 0
Bonus 0 0 1
Tile:9 1 8 0
Tile:15 8 3 1
GAMEOVER DRAW
# Game ended: Mon Mar 23 00:16:34 EDT 2020
