# Server version 0.08 running on localhost:8126
# Game ID: 128
# Board class: Saboteur.SaboteurBoard
# Timeout: 20000
# First Move Timeout: 30000
# Date: Mon Mar 23 08:10:37 EDT 2020
# Player 1: Player-0, 'AlphaBetaPlayer', running on localhost
# Player 2: Player-1, 'Human', running on localhost
START Player-0 AlphaBetaPlayer
START Player-1 Human
BoardInit:Tile:0,Tile:15,Tile:5,Tile:7,Tile:7,Tile:13,Malus,Tile:6,Tile:12,Malus,Tile:10,Tile:5,Tile:7,Bonus,Map,Tile:8,Bonus,Tile:8,Tile:9,Tile:4,Tile:8,Tile:2,Destroy,Tile:9,Tile:1,Map,Destroy,Tile:0,Tile:0,Map,Map,Tile:7,Tile:10,Tile:8,Tile:6,Bonus,Tile:0,Tile:9,Tile:7-Tile:6,Tile:8,Tile:6,Tile:6,Tile:9,Tile:10,Tile:5-Destroy,Tile:9,Tile:5,Tile:14,Tile:11,Tile:3,Bonus-Tile:nugget,Tile:hidden1,Tile:hidden2
Tile:8 6 5 1
Tile:3 6 4 0
Tile:6 7 5 1
Tile:11 5 6 0
Tile:6 8 5 1
Tile:9 5 7 0
Tile:6 9 5 1
Tile:7_flip 4 5 0
Malus 0 0 1
Drop 3 0 0
Tile:0 10 5 1
Drop 1 0 0
Drop 4 0 1
Destroy 4 5 0
Drop 4 0 1
Drop 2 0 0
Map 12 5 1
Drop 6 0 0
Tile:7 11 5 1
Drop 2 0 0
Tile:9 11 6 1
Drop 4 0 0
Tile:8 11 7 1
Drop 3 0 0
Destroy 11 5 1
Drop 5 0 0
Drop 6 0 1
Drop 3 0 0
Tile:9_flip 11 5 1
Drop 4 0 0
Tile:5 11 4 1
Malus 0 0 0
Bonus 0 0 1
Map 12 5 0
Map 12 3 1
Drop 4 0 0
Drop 1 0 1
Drop 4 0 0
Tile:0 10 7 1
Drop 0 0 0
Tile:0 9 7 1
Drop 1 0 0
Tile:7 13 7 1
Drop 0 0 0
Tile:6 12 4 1
GAMEOVER WINNER 1
# Game ended: Mon Mar 23 08:12:19 EDT 2020
