# Server version 0.08 running on localhost:8125
# Game ID: 24
# Board class: Saboteur.SaboteurBoard
# Timeout: 20000
# First Move Timeout: 30000
# Date: Mon Mar 23 07:14:11 EDT 2020
# Player 1: Player-0, 'MinMaxPlayer', running on localhost
# Player 2: Player-1, 'Human', running on localhost
START Player-0 MinMaxPlayer
START Player-1 Human
BoardInit:Destroy,Tile:5,Bonus,Tile:11,Tile:7,Tile:5,Tile:0,Destroy,Tile:1,Tile:9,Map,Tile:7,Tile:6,Tile:5,Map,Tile:8,Tile:8,Tile:8,Tile:3,Tile:0,Tile:8,Tile:7,Bonus,Malus,Map,Tile:9,Tile:9,Destroy,Tile:6,Tile:8,Tile:13,Tile:10,Tile:5,Tile:0,Malus,Tile:4,Tile:14,Tile:9,Tile:7-Tile:6,Tile:0,Tile:6,Tile:10,Tile:12,Tile:6,Bonus-Tile:15,Map,Tile:10,Tile:9,Tile:7,Bonus,Tile:2-Tile:hidden1,Tile:nugget,Tile:hidden2
Tile:0 6 5 1
Tile:9_flip 5 4 0
Tile:6 7 5 1
Tile:7 7 4 0
Tile:6 8 5 1
Tile:2 5 3 0
Tile:6 9 5 1
Tile:5 4 5 0
Tile:0 10 5 1
Tile:5_flip 5 6 0
Drop 6 0 1
Tile:9_flip 11 5 0
Tile:10 11 6 1
Tile:11 11 7 0
Tile:7 11 4 1
Destroy 5 4 0
Map 12 5 1
Tile:8 4 3 0
Destroy 11 5 1
Drop 1 0 0
Map 12 7 1
Tile:8 11 5 0
GAMEOVER WINNER 0
# Game ended: Mon Mar 23 07:15:02 EDT 2020
