# Server version 0.08 running on 192.168.0.101:8125
# Game ID: 63
# Board class: Saboteur.SaboteurBoard
# Timeout: 20000
# First Move Timeout: 30000
# Date: Mon Mar 23 07:25:48 EDT 2020
# Player 1: Player-0, 'MinMaxPlayer', running on localhost
# Player 2: Player-1, 'MinMaxPlayer', running on localhost
START Player-0 MinMaxPlayer
START Player-1 MinMaxPlayer
BoardInit:Tile:8,Tile:7,Tile:6,Tile:7,Tile:8,Tile:4,Bonus,Tile:5,Destroy,Tile:0,Tile:5,Map,Tile:6,Tile:12,Tile:3,Tile:9,Tile:0,Malus,Tile:5,Tile:9,Tile:1,Tile:8,Tile:0,Tile:7,Tile:11,Tile:7,Tile:0,Tile:9,Tile:5,Bonus,Tile:10,Destroy,Map,Destroy,Tile:6,Tile:8,Tile:10,Tile:14,Bonus-Tile:10,Tile:6,Tile:9,Tile:8,Tile:9,Malus,Tile:2-Tile:13,Tile:7,Map,Tile:15,Bonus,Map,Tile:6-Tile:nugget,Tile:hidden2,Tile:hidden1
Tile:2 6 5 1
Tile:6 5 6 0
Drop 5 0 1
Drop 1 0 0
Tile:6_flip 4 5 1
Drop 4 0 0
Tile:8 6 6 1
Tile:4 5 4 0
Tile:8 6 7 1
Tile:7 7 7 0
Tile:8 6 8 1
Tile:5 3 5 0
Tile:5_flip 7 5 1
Tile:13 5 8 0
Tile:9 6 9 1
Tile:15 7 4 0
Tile:3 7 9 1
Tile:12 7 6 0
Drop 3 0 1
Drop 3 0 0
Destroy 6 9 1
Tile:9 6 9 0
Tile:6 4 6 1
Map 12 5 0
Tile:9_flip 7 3 1
Map 12 7 0
Drop 3 0 1
Tile:9_flip 6 10 0
Drop 2 0 1
Tile:7_flip 5 10 0
Tile:6 6 3 1
Malus 0 0 0
Drop 6 0 1
Tile:7_flip 6 11 0
Drop 3 0 1
Destroy 6 3 0
Drop 2 0 1
Tile:8 6 3 0
Map 12 5 1
Tile:8 3 6 0
Drop 4 0 1
Destroy 7 6 0
Bonus 0 0 1
Tile:9 3 7 0
Tile:10 5 9 1
Drop 2 0 0
Tile:5_flip 7 8 1
Drop 1 0 0
Tile:0 7 6 1
Tile:14_flip 5 7 0
Tile:1 2 6 1
Drop 0 0 0
Tile:10 7 2 1
GAMEOVER DRAW
# Game ended: Mon Mar 23 07:25:48 EDT 2020
