# Server version 0.08 running on 192.168.0.101:8125
# Game ID: 60
# Board class: Saboteur.SaboteurBoard
# Timeout: 20000
# First Move Timeout: 30000
# Date: Mon Mar 23 07:25:42 EDT 2020
# Player 1: Player-0, 'MinMaxPlayer', running on localhost
# Player 2: Player-1, 'MinMaxPlayer', running on localhost
START Player-0 MinMaxPlayer
START Player-1 MinMaxPlayer
BoardInit:Tile:9,Tile:0,Map,Tile:7,Tile:7,Tile:7,Tile:8,Tile:5,Tile:9,Tile:1,Map,Tile:10,Bonus,Bonus,Tile:7,Destroy,Malus,Destroy,Bonus,Tile:6,Tile:9,Tile:8,Malus,Tile:0,Destroy,Tile:9,Tile:0,Tile:4,Tile:15,Bonus,Tile:8,Tile:7,Tile:5,Tile:6,Tile:9,Tile:11,Tile:3,Map,Tile:10-Tile:8,Map,Tile:8,Tile:10,Tile:6,Tile:2,Tile:6-Tile:12,Tile:14,Tile:0,Tile:13,Tile:6,Tile:5,Tile:5-Tile:nugget,Tile:hidden1,Tile:hidden2
Tile:6 6 5 1
Tile:5 5 4 0
Tile:9 4 5 1
Tile:5_flip 7 5 0
Tile:10 4 4 1
Tile:13 6 4 0
Tile:6_flip 7 4 1
Tile:14 4 6 0
Drop 2 0 1
Tile:12_flip 3 6 0
Map 12 5 1
Drop 4 0 0
Map 12 3 1
Tile:5 4 3 0
Tile:8 6 3 1
Tile:10 6 2 0
Drop 0 0 1
Drop 5 0 0
Drop 1 0 1
Destroy 6 3 0
Tile:7_flip 5 6 1
Tile:6_flip 6 1 0
Tile:9_flip 8 4 1
Tile:1 7 1 0
Malus 0 0 1
Destroy 6 4 0
Map 12 3 1
Drop 0 0 0
Drop 6 0 1
Drop 5 0 0
Tile:7 6 6 1
Drop 1 0 0
Tile:15 6 3 1
Drop 4 0 0
Tile:8 6 4 1
Drop 0 0 0
Tile:5_flip 5 3 1
Drop 4 0 0
Destroy 7 5 1
Map 12 5 0
Drop 2 0 1
Drop 1 0 0
Tile:9_flip 8 3 1
Drop 0 0 0
Drop 3 0 1
Drop 2 0 0
Tile:10 5 2 1
Bonus 0 0 0
Malus 0 0 1
Drop 0 0 0
Drop 0 0 1
Drop 0 0 0
Drop 0 0 1
GAMEOVER DRAW
# Game ended: Mon Mar 23 07:25:42 EDT 2020
