# Server version 0.08 running on localhost:8125
# Game ID: 90
# Board class: Saboteur.SaboteurBoard
# Timeout: 20000
# First Move Timeout: 30000
# Date: Mon Mar 23 07:35:07 EDT 2020
# Player 1: Player-0, 'MinMaxPlayer', running on localhost
# Player 2: Player-1, 'RandomPlayer', running on localhost
START Player-0 MinMaxPlayer
START Player-1 RandomPlayer
BoardInit:Bonus,Malus,Tile:8,Tile:8,Tile:14,Bonus,Destroy,Tile:6,Map,Tile:11,Map,Tile:5,Bonus,Tile:13,Tile:5,Tile:7,Tile:0,Tile:0,Tile:0,Bonus,Destroy,Tile:15,Tile:7,Tile:5,Tile:9,Tile:1,Tile:9,Tile:2,Tile:10,Tile:0,Tile:10,Malus,Tile:7,Destroy,Tile:6,Tile:7,Tile:8,Tile:9,Tile:7-Tile:9,Tile:12,Tile:4,Tile:6,Tile:3,Map,Tile:8-Tile:6,Tile:8,Tile:10,Tile:9,Tile:5,Map,Tile:6-Tile:nugget,Tile:hidden1,Tile:hidden2
Map 12 7 1
Tile:6 6 5 0
Tile:4 5 4 1
Tile:9 6 4 0
Drop 2 0 1
Tile:5_flip 7 5 0
Drop 2 0 1
Malus 0 0 0
Drop 6 0 1
Tile:6 4 5 0
Drop 1 0 1
Map 12 3 0
Drop 0 0 1
Tile:8 6 3 0
Bonus 0 0 1
Tile:8 7 4 0
Drop 0 0 1
Tile:5_flip 5 6 0
Tile:8 7 3 1
Tile:10 6 2 0
Tile:14_flip 3 5 1
Drop 4 0 0
Destroy 7 3 1
Tile:13 7 3 0
Tile:5 4 6 1
Tile:11_flip 3 6 0
Map 12 3 1
Tile:0 5 3 0
Tile:9_flip 8 3 1
Drop 6 0 0
Tile:9_flip 8 4 1
Tile:6 4 3 0
Tile:10 8 5 1
Tile:0 2 6 0
Tile:7 4 4 1
Tile:5_flip 4 7 0
Tile:6 3 4 1
Tile:7 4 2 0
Tile:7_flip 3 7 1
Tile:9 7 2 0
Tile:10 8 6 1
Malus 0 0 0
Drop 3 0 1
Destroy 2 6 0
Drop 0 0 1
Drop 2 0 0
Drop 1 0 1
Drop 1 0 0
Bonus 0 0 1
Drop 0 0 0
Tile:8 2 6 1
Tile:1 2 4 0
Tile:7 6 1 1
GAMEOVER DRAW
# Game ended: Mon Mar 23 07:35:07 EDT 2020
