# Server version 0.08 running on localhost:8125
# Game ID: 28
# Board class: Saboteur.SaboteurBoard
# Timeout: 20000
# First Move Timeout: 30000
# Date: Mon Mar 23 07:15:32 EDT 2020
# Player 1: Player-0, 'DummyPlayer', running on localhost
# Player 2: Player-1, 'MinMaxPlayer', running on localhost
START Player-0 DummyPlayer
START Player-1 MinMaxPlayer
BoardInit:Map,Tile:7,Tile:8,Tile:6,Tile:5,Tile:0,Tile:8,Tile:5,Tile:7,Map,Tile:1,Tile:14,Tile:8,Tile:9,Tile:13,Tile:10,Malus,Tile:9,Tile:6,Tile:9,Destroy,Bonus,Bonus,Tile:0,Tile:8,Malus,Bonus,Map,Tile:9,Tile:6,Map,Tile:5,Tile:6,Tile:2,Tile:3,Tile:7,Tile:0,Destroy,Tile:7-Tile:9,Bonus,Tile:0,Tile:4,Tile:15,Tile:10,Tile:6-Tile:7,Tile:10,Tile:5,Tile:8,Destroy,Tile:12,Tile:11-Tile:nugget,Tile:hidden2,Tile:hidden1
Tile:0 4 5 1
Tile:8 3 5 0
Tile:4 3 4 1
Tile:11 3 6 0
Tile:6 3 7 1
Tile:7 4 6 0
Tile:5_flip 6 5 1
Tile:7 5 4 0
Tile:15 6 4 1
Tile:12_flip 2 7 0
Tile:9_flip 4 7 1
Tile:5 6 3 0
Tile:7_flip 4 4 1
Tile:6 4 8 0
Tile:8 7 3 1
Tile:5 2 5 0
Map 12 7 1
Tile:14 8 3 0
Tile:8 7 2 1
Drop 0 0 0
Tile:10 7 4 1
Tile:0 5 8 0
Destroy 4 5 1
Destroy 5 4 0
Tile:13 7 1 1
Tile:9_flip 8 2 0
Tile:6_flip 8 1 1
Map 12 3 0
Malus 0 0 1
Drop 2 0 0
Tile:1 4 5 1
Bonus 0 0 0
Map 12 7 1
Tile:0 3 8 0
Tile:8 4 3 1
Drop 0 0 0
Tile:9 4 2 1
Tile:7_flip 3 3 0
Tile:3 6 8 1
Tile:9_flip 5 3 0
Tile:7 4 1 1
Drop 1 0 0
Tile:0 9 1 1
Destroy 3 5 0
Drop 3 0 1
Tile:6 6 2 0
Tile:6_flip 5 2 1
Tile:5_flip 2 6 0
Tile:8 3 5 1
Tile:2 10 1 0
Drop 0 0 1
Malus 0 0 0
Drop 0 0 1
GAMEOVER DRAW
# Game ended: Mon Mar 23 07:15:33 EDT 2020
