# Server version 0.08 running on localhost:8125
# Game ID: 71
# Board class: Saboteur.SaboteurBoard
# Timeout: 20000
# First Move Timeout: 30000
# Date: Mon Mar 23 07:30:24 EDT 2020
# Player 1: Player-0, 'MinMaxPlayer', running on localhost
# Player 2: Player-1, 'Human', running on localhost
START Player-0 MinMaxPlayer
START Player-1 Human
BoardInit:Destroy,Bonus,Tile:0,Destroy,Map,Malus,Tile:0,Tile:9,Tile:12,Tile:6,Tile:8,Tile:13,Bonus,Tile:5,Tile:8,Tile:7,Tile:6,Tile:8,Tile:4,Tile:1,Tile:0,Tile:7,Tile:9,Tile:6,Tile:15,Bonus,Map,Tile:5,Map,Tile:2,Destroy,Tile:3,Tile:9,Tile:6,Tile:10,Tile:5,Tile:7,Tile:10,Bonus-Tile:9,Tile:7,Tile:8,Map,Tile:5,Malus,Tile:14-Tile:7,Tile:8,Tile:6,Tile:9,Tile:11,Tile:0,Tile:10-Tile:nugget,Tile:hidden1,Tile:hidden2
Tile:8 6 5 1
Tile:6_flip 7 5 0
Tile:9 7 6 1
Drop 1 0 0
Tile:0 8 6 1
Tile:7 9 6 0
Map 12 3 1
Tile:9 9 7 0
Tile:0 10 7 1
Tile:9 6 4 0
Malus 0 0 1
Drop 1 0 0
Drop 2 0 1
Bonus 0 0 0
Drop 1 0 1
Destroy 6 5 0
Tile:8 11 7 1
Tile:6 7 7 0
Drop 3 0 1
Tile:13 5 6 0
Tile:8 6 5 1
Tile:1 7 4 0
Tile:6 8 5 1
Tile:11 12 8 0
Tile:9 11 6 1
Tile:10 6 3 0
Map 12 5 1
Tile:7 8 7 0
Drop 5 0 1
Tile:5_flip 9 8 0
Drop 5 0 1
Drop 4 0 0
Drop 5 0 1
Tile:2 12 6 0
Tile:9 11 5 1
Tile:3_flip 5 7 0
Drop 3 0 1
Tile:5_flip 6 6 0
Drop 6 0 1
Tile:7_flip 8 8 0
Drop 0 0 1
Drop 5 0 0
Tile:10 12 4 1
GAMEOVER WINNER 1
# Game ended: Mon Mar 23 07:32:14 EDT 2020
