# Server version 0.08 running on localhost:8125
# Game ID: 96
# Board class: Saboteur.SaboteurBoard
# Timeout: 20000
# First Move Timeout: 30000
# Date: Mon Mar 23 07:35:17 EDT 2020
# Player 1: Player-0, 'MinMaxPlayer', running on localhost
# Player 2: Player-1, 'RandomPlayer', running on localhost
START Player-0 MinMaxPlayer
START Player-1 RandomPlayer
BoardInit:Tile:8,Tile:6,Bonus,Tile:9,Tile:7,Tile:6,Bonus,Tile:11,Tile:8,Tile:9,Tile:15,Tile:13,Tile:7,Bonus,Destroy,Tile:0,Tile:6,Tile:6,Tile:0,Tile:8,Tile:7,Tile:8,Tile:5,Tile:9,Tile:6,Map,Destroy,Map,Tile:3,Tile:10,Bonus,Tile:8,Tile:10,Tile:9,Tile:1,Destroy,Map,Tile:5,Tile:14-Tile:7,Tile:5,Malus,Tile:2,Malus,Tile:10,Tile:0-Tile:9,Tile:12,Tile:5,Tile:0,Tile:7,Tile:4,Map-Tile:hidden2,Tile:hidden1,Tile:nugget
Tile:5_flip 6 5 1
Tile:5 6 4 0
Tile:8 4 5 1
Tile:9 4 6 0
Tile:2 3 5 1
Tile:7 5 4 0
Tile:7_flip 2 5 1
Tile:9_flip 3 6 0
Malus 0 0 1
Map 12 5 0
Drop 3 0 1
Drop 4 0 0
Tile:8 5 6 1
Drop 0 0 0
Tile:0 6 6 1
Drop 5 0 0
Drop 1 0 1
Drop 1 0 0
Malus 0 0 1
Drop 3 0 0
Destroy 6 4 1
Drop 2 0 0
Tile:15 3 7 1
Drop 3 0 0
Tile:6_flip 2 4 1
Drop 5 0 0
Tile:6_flip 4 4 1
Map 12 5 0
Tile:7_flip 5 7 1
Drop 6 0 0
Tile:5_flip 3 8 1
Drop 1 0 0
Destroy 4 4 1
Drop 4 0 0
Tile:10 4 7 1
Drop 0 0 0
Tile:1 1 4 1
Destroy 4 5 0
Map 12 5 1
Drop 0 0 0
Drop 4 0 1
Drop 3 0 0
Tile:7_flip 4 4 1
Drop 2 0 0
Drop 1 0 1
Drop 2 0 0
Drop 0 0 1
Drop 1 0 0
Tile:7 4 3 1
Drop 0 0 0
Tile:14 3 4 1
Drop 0 0 0
Drop 0 0 1
GAMEOVER DRAW
# Game ended: Mon Mar 23 07:35:18 EDT 2020
