# Server version 0.08 running on localhost:8125
# Game ID: 39
# Board class: Saboteur.SaboteurBoard
# Timeout: 20000
# First Move Timeout: 30000
# Date: Mon Mar 23 07:20:36 EDT 2020
# Player 1: Player-0, 'DummyPlayer', running on localhost
# Player 2: Player-1, 'MinMaxPlayer', running on localhost
START Player-0 DummyPlayer
START Player-1 MinMaxPlayer
BoardInit:Malus,Bonus,Tile:8,Tile:8,Tile:5,Tile:4,Tile:9,Tile:12,Map,Tile:9,Tile:2,Tile:9,Tile:9,Tile:6,Tile:7,Malus,Tile:5,Destroy,Tile:0,Tile:6,Tile:11,Bonus,Tile:7,Tile:15,Destroy,Bonus,Tile:0,Map,Tile:10,Tile:13,Tile:0,Tile:5,Tile:6,Tile:6,Tile:6,Tile:14,Tile:5,Map,Tile:10-Map,Bonus,Tile:8,Tile:1,Tile:7,Tile:8,Tile:9-Tile:8,Tile:0,Tile:7,Destroy,Tile:10,Tile:3,Tile:7-Tile:hidden1,Tile:nugget,Tile:hidden2
Tile:7 6 5 1
Drop 3 0 0
Tile:9_flip 6 6 1
Tile:8 5 4 0
Map 12 7 1
Tile:8 5 6 0
Tile:1 4 4 1
Drop 2 0 0
Tile:8 3 4 1
Tile:7_flip 4 6 0
Tile:9 3 3 1
Tile:12 6 4 0
Tile:2 4 5 1
Tile:9 6 7 0
Drop 5 0 1
Tile:9_flip 5 7 0
Tile:5_flip 7 7 1
Tile:7_flip 5 8 0
Tile:8 2 4 1
Destroy 4 5 0
Tile:5_flip 3 5 1
Tile:0 4 3 0
Tile:11 2 5 1
Tile:3_flip 2 6 0
Drop 2 0 1
Drop 0 0 0
Drop 3 0 1
Tile:6 6 8 0
Tile:9 1 4 1
Tile:6_flip 4 7 0
Tile:7 5 3 1
Tile:13 1 3 0
Destroy 6 8 1
Drop 1 0 0
Tile:10 1 5 1
Map 12 3 0
Tile:0 0 3 1
Tile:4_flip 1 6 0
Tile:6_flip 1 2 1
Tile:6 3 7 0
Drop 6 0 1
Tile:5 4 5 0
Tile:0 0 2 1
Tile:15 4 8 0
Malus 0 0 1
Map 12 7 0
Drop 2 0 1
Drop 0 0 0
Tile:5_flip 2 2 1
Drop 1 0 0
Tile:0 2 7 1
Bonus 0 0 0
Drop 0 0 1
GAMEOVER DRAW
# Game ended: Mon Mar 23 07:20:36 EDT 2020
