# Server version 0.08 running on localhost:8125
# Game ID: 76
# Board class: Saboteur.SaboteurBoard
# Timeout: 20000
# First Move Timeout: 30000
# Date: Mon Mar 23 07:32:41 EDT 2020
# Player 1: Player-0, 'RandomPlayer', running on localhost
# Player 2: Player-1, 'MinMaxPlayer', running on localhost
START Player-0 RandomPlayer
START Player-1 MinMaxPlayer
BoardInit:Map,Map,Destroy,Tile:3,Tile:8,Tile:9,Map,Tile:6,Tile:5,Tile:0,Tile:7,Tile:7,Tile:13,Tile:6,Malus,Tile:8,Tile:5,Tile:6,Tile:14,Destroy,Tile:9,Tile:2,Tile:0,Tile:0,Tile:6,Tile:9,Tile:1,Tile:7,Tile:10,Tile:9,Tile:8,Tile:7,Tile:5,Tile:10,Tile:0,Tile:11,Malus,Tile:10,Tile:5-Map,Tile:7,Tile:12,Destroy,Bonus,Bonus,Tile:8-Tile:4,Bonus,Tile:6,Tile:9,Tile:15,Bonus,Tile:8-Tile:nugget,Tile:hidden2,Tile:hidden1
Map 12 3 1
Tile:6_flip 4 5 0
Tile:7_flip 5 6 1
Map 12 5 0
Map 12 7 1
Tile:15 5 4 0
Tile:8 3 5 1
Drop 6 0 0
Drop 0 0 1
Tile:6_flip 6 5 0
Tile:5_flip 4 6 1
Tile:9 2 5 0
Drop 4 0 1
Tile:8 3 6 0
Tile:13 3 4 1
Drop 3 0 0
Destroy 3 6 1
Drop 1 0 0
Tile:5_flip 2 6 1
Tile:4 3 3 0
Tile:7 7 5 1
Destroy 2 5 0
Destroy 5 6 1
Tile:6_flip 1 6 0
Tile:14 4 4 1
Tile:8 2 5 0
Tile:6 1 5 1
Tile:9 3 6 0
Tile:9 4 3 1
Tile:2_flip 6 6 0
Drop 0 0 1
Tile:6 7 6 0
Tile:8 5 3 1
Tile:7 1 4 0
Tile:5 5 2 1
Tile:7_flip 0 6 0
Drop 3 0 1
Tile:11 2 4 0
Tile:1 6 2 1
Drop 6 0 0
Tile:10 4 2 1
Tile:9_flip 1 7 0
Tile:5_flip 8 6 1
Tile:0 0 4 0
Drop 3 0 1
Tile:0 7 2 0
Malus 0 0 1
Bonus 0 0 0
Map 12 7 1
Tile:7_flip 5 6 0
Malus 0 0 1
Drop 0 0 0
Drop 0 0 1
GAMEOVER DRAW
# Game ended: Mon Mar 23 07:32:42 EDT 2020
