# Server version 0.08 running on localhost:8125
# Game ID: 91
# Board class: Saboteur.SaboteurBoard
# Timeout: 20000
# First Move Timeout: 30000
# Date: Mon Mar 23 07:35:09 EDT 2020
# Player 1: Player-0, 'RandomPlayer', running on localhost
# Player 2: Player-1, 'MinMaxPlayer', running on localhost
START Player-0 RandomPlayer
START Player-1 MinMaxPlayer
BoardInit:Bonus,Tile:0,Tile:6,Tile:3,Tile:8,Tile:0,Tile:9,Tile:7,Tile:8,Tile:15,Tile:10,Tile:6,Destroy,Bonus,Tile:8,Tile:14,Tile:5,Tile:13,Tile:0,Tile:7,Tile:1,Tile:9,Tile:6,Tile:9,Tile:6,Tile:11,Bonus,Malus,Tile:9,Tile:5,Tile:6,Tile:9,Map,Tile:5,Tile:7,Tile:2,Bonus,Map,Tile:10-Map,Tile:5,Tile:7,Malus,Tile:0,Tile:8,Destroy-Tile:10,Tile:12,Tile:4,Map,Destroy,Tile:8,Tile:7-Tile:nugget,Tile:hidden1,Tile:hidden2
Drop 2 0 1
Tile:4 5 4 0
Tile:8 6 5 1
Drop 1 0 0
Map 12 7 1
Map 12 5 0
Tile:5_flip 7 5 1
Tile:0 4 5 0
Tile:8 7 4 1
Drop 2 0 0
Malus 0 0 1
Destroy 4 5 0
Tile:6_flip 7 3 1
Drop 0 0 0
Destroy 7 5 1
Drop 5 0 0
Tile:8 7 5 1
Drop 1 0 0
Tile:0 6 3 1
Drop 3 0 0
Tile:9 6 6 1
Drop 2 0 0
Tile:5_flip 7 6 1
Drop 3 0 0
Drop 2 0 1
Drop 5 0 0
Tile:1 5 3 1
Drop 0 0 0
Tile:8 8 3 1
Drop 2 0 0
Tile:6 8 5 1
Drop 4 0 0
Tile:6 4 5 1
Drop 6 0 0
Tile:0 3 5 1
Drop 4 0 0
Drop 3 0 1
Drop 4 0 0
Tile:6 9 3 1
Map 12 5 0
Tile:10 9 2 1
Drop 1 0 0
Tile:10 9 1 1
Drop 2 0 0
Tile:7 4 4 1
Drop 2 0 0
Drop 3 0 1
Drop 1 0 0
Map 12 7 1
Drop 0 0 0
Drop 0 0 1
Drop 0 0 0
Drop 0 0 1
GAMEOVER DRAW
# Game ended: Mon Mar 23 07:35:09 EDT 2020
