# Server version 0.08 running on localhost:8125
# Game ID: 20
# Board class: Saboteur.SaboteurBoard
# Timeout: 20000
# First Move Timeout: 30000
# Date: Mon Mar 23 07:05:24 EDT 2020
# Player 1: Player-0, 'MinMaxPlayer', running on localhost
# Player 2: Player-1, 'Human', running on localhost
START Player-0 MinMaxPlayer
START Player-1 Human
BoardInit:Bonus,Tile:10,Malus,Tile:9,Tile:6,Map,Tile:14,Tile:0,Tile:12,Tile:7,Tile:8,Tile:5,Tile:0,Tile:10,Tile:3,Tile:9,Tile:6,Tile:6,Bonus,Tile:5,Tile:5,Destroy,Malus,Tile:6,Tile:5,Tile:6,Tile:13,Tile:7,Tile:10,Map,Tile:11,Tile:4,Tile:1,Tile:2,Map,Map,Tile:7,Tile:9,Tile:7-Tile:0,Destroy,Tile:0,Destroy,Tile:9,Tile:8,Bonus-Tile:15,Tile:8,Bonus,Tile:8,Tile:9,Tile:8,Tile:7-Tile:nugget,Tile:hidden2,Tile:hidden1
Tile:8 6 5 1
Tile:9_flip 7 5 0
Tile:9 7 6 1
Tile:8 5 6 0
Tile:0 8 6 1
Drop 3 0 0
Tile:0 9 6 1
Tile:9_flip 5 4 0
Tile:6 10 6 1
Tile:7 11 6 0
Malus 0 0 1
Drop 1 0 0
Tile:8 11 7 1
Drop 3 0 0
Drop 4 0 1
Drop 0 0 0
Drop 6 0 1
Drop 5 0 0
Destroy 11 6 1
Drop 3 0 0
Drop 6 0 1
Drop 2 0 0
Tile:5 10 5 1
Drop 0 0 0
Tile:0 11 5 1
Drop 0 0 0
Malus 0 0 1
Drop 5 0 0
Drop 6 0 1
Drop 2 0 0
Drop 3 0 1
Drop 0 0 0
Drop 6 0 1
Destroy 5 6 0
Drop 2 0 1
Drop 0 0 0
Map 12 3 1
Drop 3 0 0
Tile:10 12 4 1
GAMEOVER WINNER 1
# Game ended: Mon Mar 23 07:07:15 EDT 2020
