# Server version 0.08 running on localhost:8126
# Game ID: 127
# Board class: Saboteur.SaboteurBoard
# Timeout: 20000
# First Move Timeout: 30000
# Date: Mon Mar 23 08:08:56 EDT 2020
# Player 1: Player-0, 'AlphaBetaPlayer', running on localhost
# Player 2: Player-1, 'Human', running on localhost
START Player-0 AlphaBetaPlayer
START Player-1 Human
BoardInit:Bonus,Tile:0,Tile:9,Tile:9,Tile:14,Tile:1,Tile:3,Tile:6,Tile:9,Destroy,Tile:6,Tile:4,Tile:6,Tile:2,Bonus,Tile:7,Tile:7,Tile:10,Destroy,Map,Tile:7,Tile:6,Tile:0,Malus,Tile:15,Tile:13,Tile:12,Bonus,Tile:9,Map,Tile:5,Tile:11,Tile:10,Tile:8,Tile:10,Destroy,Tile:8,Tile:7,Bonus-Tile:8,Map,Tile:5,Tile:0,Tile:8,Tile:0,Malus-Tile:5,Tile:8,Tile:5,Tile:6,Map,Tile:7,Tile:9-Tile:nugget,Tile:hidden2,Tile:hidden1
Tile:0 6 5 1
Tile:9 5 6 0
Tile:0 7 5 1
Tile:5_flip 5 7 0
Tile:8 8 5 1
Tile:0 6 6 0
Tile:8 9 5 1
Tile:9 9 4 0
Tile:9 9 6 1
Tile:6 10 4 0
Tile:9 9 7 1
Drop 3 0 0
Tile:6 10 7 1
Tile:1 11 7 0
Map 12 7 1
Tile:6 4 7 0
Malus 0 0 1
Destroy 7 5 0
Tile:6 11 4 1
Drop 3 0 0
Drop 3 0 1
Map 12 3 0
Drop 2 0 1
Map 12 7 0
Tile:7 12 4 1
Drop 5 0 0
Tile:0 7 5 1
Drop 0 0 0
Destroy 12 4 1
Drop 2 0 0
Drop 4 0 1
Drop 3 0 0
Drop 4 0 1
Bonus 0 0 0
Drop 2 0 1
Tile:11_flip 9 8 0
Tile:10 8 4 1
Tile:5 8 8 0
Drop 2 0 1
Tile:2 11 3 0
Drop 6 0 1
Tile:10 12 6 0
Tile:8 12 4 1
GAMEOVER WINNER 1
# Game ended: Mon Mar 23 08:10:31 EDT 2020
