# Server version 0.08 running on localhost:8124
# Game ID: 7
# Board class: Saboteur.SaboteurBoard
# Timeout: 20000
# First Move Timeout: 30000
# Date: Mon Mar 23 00:01:30 EDT 2020
# Player 1: Player-0, 'MinMaxPlayer', running on localhost
# Player 2: Player-1, 'Human', running on localhost
START Player-0 MinMaxPlayer
START Player-1 Human
BoardInit:Tile:9,Tile:9,Tile:11,Tile:7,Tile:9,Tile:9,Bonus,Tile:5,Tile:5,Tile:8,Tile:6,Map,Map,Tile:1,Tile:8,Tile:4,Tile:3,Tile:5,Tile:13,Bonus,Tile:6,Malus,Tile:0,Tile:12,Tile:6,Tile:7,Destroy,Bonus,Destroy,Tile:6,Tile:7,Tile:8,Tile:10,Map,Tile:8,Malus,Tile:6,Tile:7,Tile:8-Tile:5,Tile:0,Tile:2,Tile:9,Destroy,Tile:10,Tile:0-Tile:7,Tile:14,Tile:10,Bonus,Tile:0,Map,Tile:15-Tile:hidden2,Tile:hidden1,Tile:nugget
Tile:0 6 5 1
Tile:14 5 6 0
Tile:0 7 5 1
Drop 1 0 0
Tile:9_flip 8 5 1
Tile:7_flip 4 5 0
Tile:9 8 6 1
Tile:7 8 4 0
Drop 1 0 1
Tile:9 5 4 0
Drop 3 0 1
Tile:0 4 6 0
Tile:6 9 6 1
Drop 2 0 0
Map 12 5 1
Tile:5 3 6 0
Tile:8 10 6 1
Tile:9 10 5 0
Tile:9 10 7 1
Tile:5_flip 8 7 0
Drop 6 0 1
Tile:4 9 5 0
Tile:6 11 7 1
GAMEOVER WINNER 1
# Game ended: Mon Mar 23 00:06:59 EDT 2020
