# Server version 0.08 running on localhost:8125
# Game ID: 107
# Board class: Saboteur.SaboteurBoard
# Timeout: 20000
# First Move Timeout: 30000
# Date: Mon Mar 23 08:04:54 EDT 2020
# Player 1: Player-0, 'RandomPlayer', running on localhost
# Player 2: Player-1, 'AlphaBetaPlayer', running on localhost
START Player-0 RandomPlayer
START Player-1 AlphaBetaPlayer
BoardInit:Tile:10,Tile:11,Destroy,Tile:14,Tile:0,Tile:5,Tile:8,Tile:4,Tile:6,Bonus,Tile:1,Tile:8,Destroy,Tile:5,Tile:5,Destroy,Bonus,Tile:7,Map,Tile:0,Tile:13,Tile:8,Tile:8,Tile:10,Map,Tile:0,Tile:10,Tile:6,Tile:5,Tile:6,Tile:9,Tile:9,Bonus,Tile:15,Tile:7,Tile:7,Tile:6,Bonus,Map-Malus,Tile:0,Tile:7,Tile:9,Tile:6,Malus,Tile:9-Tile:7,Tile:8,Tile:3,Tile:12,Tile:9,Map,Tile:2-Tile:hidden1,Tile:nugget,Tile:hidden2
Malus 0 0 1
Map 12 3 0
Malus 0 0 1
Drop 1 0 0
Tile:7 5 4 1
Drop 4 0 0
Tile:9_flip 5 6 1
Drop 5 0 0
Tile:10 5 7 1
Drop 1 0 0
Tile:8 4 6 1
Bonus 0 0 0
Tile:6_flip 4 5 1
Drop 0 0 0
Destroy 5 7 1
Drop 0 0 0
Tile:9 5 7 1
Drop 3 0 0
Drop 5 0 1
Drop 5 0 0
Tile:0 6 5 1
Drop 2 0 0
Tile:13 5 8 1
Drop 0 0 0
Tile:8 3 6 1
Drop 2 0 0
Tile:6_flip 7 5 1
Drop 0 0 0
Map 12 3 1
Drop 5 0 0
Tile:0 2 6 1
Drop 0 0 0
Destroy 2 6 1
Drop 6 0 0
Tile:5_flip 6 8 1
Drop 3 0 0
Map 12 3 1
Drop 3 0 0
Tile:7_flip 4 8 1
Drop 0 0 0
Tile:6 4 4 1
Drop 1 0 0
Tile:10 4 7 1
Drop 0 0 0
Tile:1 2 6 1
Drop 2 0 0
Tile:9_flip 8 5 1
Bonus 0 0 0
Map 12 7 1
Tile:6 1 6 0
Drop 0 0 1
Tile:15 1 5 0
Drop 0 0 1
GAMEOVER DRAW
# Game ended: Mon Mar 23 08:04:54 EDT 2020
