# Server version 0.08 running on localhost:8125
# Game ID: 123
# Board class: Saboteur.SaboteurBoard
# Timeout: 20000
# First Move Timeout: 30000
# Date: Mon Mar 23 08:06:52 EDT 2020
# Player 1: Player-0, 'RandomPlayer', running on localhost
# Player 2: Player-1, 'AlphaBetaPlayer', running on localhost
START Player-0 RandomPlayer
START Player-1 AlphaBetaPlayer
BoardInit:Tile:7,Tile:8,Tile:9,Tile:7,Tile:11,Tile:8,Tile:3,Tile:10,Destroy,Bonus,Map,Tile:0,Tile:4,Tile:13,Destroy,Tile:6,Tile:0,Tile:0,Tile:9,Malus,Tile:9,Tile:5,Tile:12,Tile:14,Bonus,Tile:10,Tile:0,Tile:5,Tile:6,Map,Tile:6,Tile:5,Tile:6,Tile:5,Map,Bonus,Tile:15,Tile:1,Malus-Tile:8,Tile:7,Tile:8,Map,Tile:7,Tile:8,Destroy-Tile:10,Tile:7,Tile:9,Tile:9,Tile:6,Tile:2,Bonus-Tile:nugget,Tile:hidden2,Tile:hidden1
Tile:8 6 5 1
Tile:9_flip 7 5 0
Tile:8 6 6 1
Tile:6_flip 5 4 0
Tile:7 7 4 1
Tile:8 7 6 0
Tile:11 6 7 1
Tile:8 7 7 0
Destroy 7 7 1
Tile:7_flip 6 8 0
Drop 1 0 1
Tile:7 8 6 0
Tile:8 5 6 1
Drop 2 0 0
Drop 5 0 1
Tile:13 4 5 0
Destroy 7 4 1
Tile:9 4 6 0
Destroy 6 7 1
Tile:6 7 7 0
Tile:3 6 4 1
Tile:0 7 8 0
Tile:9 4 4 1
Tile:10 4 3 0
Tile:4_flip 4 7 1
Tile:14_flip 7 4 0
Map 12 3 1
Tile:10 4 2 0
Tile:7_flip 3 5 1
Tile:10 5 7 0
Tile:0 8 4 1
Tile:5_flip 9 4 0
Tile:9_flip 8 7 1
Tile:5_flip 5 8 0
Drop 0 0 1
Tile:5_flip 8 8 0
Tile:6_flip 9 3 1
Malus 0 0 0
Map 12 5 1
Tile:0 10 3 0
Drop 4 0 1
Drop 5 0 0
Drop 4 0 1
Drop 4 0 0
Drop 3 0 1
Drop 2 0 0
Drop 2 0 1
Tile:5 4 8 0
Drop 1 0 1
Drop 0 0 0
Malus 0 0 1
Bonus 0 0 0
Drop 0 0 1
GAMEOVER DRAW
# Game ended: Mon Mar 23 08:06:53 EDT 2020
