# Server version 0.08 running on localhost:8125
# Game ID: 34
# Board class: Saboteur.SaboteurBoard
# Timeout: 20000
# First Move Timeout: 30000
# Date: Mon Mar 23 07:16:42 EDT 2020
# Player 1: Player-0, 'DummyPlayer', running on localhost
# Player 2: Player-1, 'MinMaxPlayer', running on localhost
START Player-0 DummyPlayer
START Player-1 MinMaxPlayer
BoardInit:Tile:9,Tile:6,Tile:10,Tile:5,Tile:0,Tile:5,Tile:1,Map,Malus,Tile:0,Tile:8,Bonus,Tile:8,Destroy,Malus,Tile:8,Tile:5,Tile:12,Map,Tile:9,Tile:6,Tile:9,Tile:8,Tile:6,Tile:6,Bonus,Tile:13,Tile:6,Tile:0,Tile:9,Tile:7,Destroy,Tile:7,Bonus,Tile:15,Tile:14,Map,Tile:5,Tile:4-Tile:7,Destroy,Bonus,Tile:9,Tile:2,Tile:8,Tile:10-Map,Tile:3,Tile:0,Tile:7,Tile:7,Tile:11,Tile:10-Tile:nugget,Tile:hidden1,Tile:hidden2
Tile:7 6 5 1
Tile:11 6 6 0
Tile:10 5 6 1
Tile:7 5 4 0
Drop 2 0 1
Tile:7_flip 6 7 0
Tile:0 4 4 1
Tile:6_flip 7 6 0
Tile:9 3 4 1
Tile:5_flip 5 7 0
Tile:2 3 3 1
Tile:5 4 7 0
Tile:8 2 3 1
Tile:3_flip 4 8 0
Tile:1 4 5 1
Destroy 5 4 0
Destroy 2 3 1
Drop 0 0 0
Tile:8 2 3 1
Tile:10 2 2 0
Tile:5_flip 7 7 1
Drop 4 0 0
Tile:8 5 4 1
Tile:9_flip 2 4 0
Drop 4 0 1
Tile:0 4 3 0
Tile:6 3 5 1
Tile:12_flip 1 4 0
Tile:6 2 5 1
Tile:6_flip 1 5 0
Drop 2 0 1
Map 12 3 0
Tile:10 1 6 1
Destroy 7 7 0
Tile:7 5 3 1
Tile:0 6 4 0
Tile:8 7 7 1
Drop 3 0 0
Tile:0 5 8 1
Tile:14 7 8 0
Malus 0 0 1
Drop 3 0 0
Tile:4 2 1 1
Drop 3 0 0
Drop 3 0 1
Drop 2 0 0
Map 12 3 1
Bonus 0 0 0
Tile:7_flip 1 3 1
Tile:5 0 5 0
Tile:13 1 7 1
Tile:9_flip 2 7 0
Drop 0 0 1
GAMEOVER DRAW
# Game ended: Mon Mar 23 07:16:43 EDT 2020
