# Server version 0.08 running on localhost:8125
# Game ID: 124
# Board class: Saboteur.SaboteurBoard
# Timeout: 20000
# First Move Timeout: 30000
# Date: Mon Mar 23 08:06:54 EDT 2020
# Player 1: Player-0, 'AlphaBetaPlayer', running on localhost
# Player 2: Player-1, 'RandomPlayer', running on localhost
START Player-0 AlphaBetaPlayer
START Player-1 RandomPlayer
BoardInit:Tile:5,Map,Bonus,Tile:14,Tile:7,Bonus,Tile:5,Tile:5,Tile:8,Tile:9,Tile:7,Tile:1,Tile:11,Tile:8,Tile:9,Destroy,Tile:10,Tile:3,Tile:0,Tile:5,Tile:8,Tile:0,Tile:6,Bonus,Destroy,Map,Tile:0,Tile:7,Tile:12,Tile:9,Tile:8,Tile:6,Destroy,Malus,Tile:2,Map,Tile:6,Tile:7,Tile:15-Tile:6,Tile:0,Tile:6,Tile:10,Tile:9,Tile:4,Tile:8-Bonus,Tile:9,Malus,Tile:7,Tile:13,Map,Tile:10-Tile:hidden2,Tile:nugget,Tile:hidden1
Tile:6 4 5 1
Map 12 3 0
Tile:10 5 4 1
Tile:7 4 4 0
Tile:5_flip 6 5 1
Tile:9 5 3 0
Tile:9 6 4 1
Drop 3 0 0
Tile:7_flip 5 6 1
Tile:13 7 4 0
Tile:5 3 5 1
Drop 1 0 0
Tile:7 6 6 1
Tile:14 8 4 0
Tile:11 7 5 1
Tile:8 8 3 0
Tile:8 9 3 1
Destroy 5 6 0
Tile:9 6 7 1
Tile:3_flip 9 4 0
Tile:0 7 7 1
Tile:9_flip 10 3 0
Tile:8 5 2 1
Tile:5_flip 6 8 0
Tile:6 4 2 1
Drop 4 0 0
Tile:4_flip 7 6 1
Drop 3 0 0
Drop 6 0 1
Drop 5 0 0
Destroy 5 4 1
Map 12 3 0
Tile:8 3 2 1
Tile:9 10 2 0
Tile:10 5 4 1
Tile:7_flip 2 2 0
Tile:8 6 2 1
Tile:6_flip 7 3 0
Tile:6_flip 5 8 1
Tile:7 10 1 0
Tile:6_flip 8 5 1
Drop 5 0 0
Tile:12_flip 3 4 1
Tile:0 11 2 0
Tile:2 5 1 1
Drop 2 0 0
Destroy 11 2 1
Malus 0 0 0
Bonus 0 0 1
Drop 0 0 0
Tile:0 11 2 1
Drop 0 0 0
Tile:15 8 2 1
GAMEOVER DRAW
# Game ended: Mon Mar 23 08:06:54 EDT 2020
